[0.106s] DEBUG:colcon:Command line arguments: ['/usr/bin/colcon', 'build']
[0.106s] DEBUG:colcon:Parsed command line arguments: Namespace(log_base=None, log_level=None, verb_name='build', build_base='build', install_base='install', merge_install=False, symlink_install=False, test_result_base=None, continue_on_error=False, executor='sequential', event_handlers=None, base_paths=['.'], paths=None, cmake_args=None, cmake_target=None, cmake_target_skip_unavailable=False, cmake_clean_cache=False, cmake_clean_first=False, cmake_force_configure=False, ament_cmake_args=None, catkin_cmake_args=None, catkin_skip_building_tests=False, verb_parser=CustomArgumentParser(prog='colcon build', usage=None, description='Build a set of packages.', formatter_class=<class 'colcon_core.command.CustomFormatter'>, conflict_handler='error', add_help=True), verb_extension=<colcon_core.verb.build.BuildVerb object at 0x7f99ba38c940>, main=<bound method BuildVerb.main of <colcon_core.verb.build.BuildVerb object at 0x7f99ba38c940>>)
[0.119s] Level 1:colcon.colcon_core.package_discovery:discover_packages(recursive) check parameters
[0.119s] Level 1:colcon.colcon_core.package_discovery:discover_packages(path) check parameters
[0.119s] Level 1:colcon.colcon_core.package_discovery:discover_packages(recursive) discover
[0.119s] INFO:colcon.colcon_core.package_discovery:Crawling recursively for packages in '/home/cwc2204/dev_ws'
[0.120s] Level 1:colcon.colcon_core.package_identification:_identify(.) by extensions ['ignore', 'ignore_ament_install']
[0.120s] Level 1:colcon.colcon_core.package_identification:_identify(.) by extension 'ignore'
[0.120s] Level 1:colcon.colcon_core.package_identification:_identify(.) by extension 'ignore_ament_install'
[0.120s] Level 1:colcon.colcon_core.package_identification:_identify(.) by extensions ['ros']
[0.120s] Level 1:colcon.colcon_core.package_identification:_identify(.) by extension 'ros'
[0.126s] Level 1:colcon.colcon_core.package_identification:_identify(.) by extensions ['cmake', 'python']
[0.126s] Level 1:colcon.colcon_core.package_identification:_identify(.) by extension 'cmake'
[0.126s] Level 1:colcon.colcon_core.package_identification:_identify(.) by extension 'python'
[0.126s] Level 1:colcon.colcon_core.package_identification:_identify(.) by extensions ['python_setup_py']
[0.126s] Level 1:colcon.colcon_core.package_identification:_identify(.) by extension 'python_setup_py'
[0.126s] Level 1:colcon.colcon_core.package_identification:_identify(build) by extensions ['ignore', 'ignore_ament_install']
[0.126s] Level 1:colcon.colcon_core.package_identification:_identify(build) by extension 'ignore'
[0.126s] Level 1:colcon.colcon_core.package_identification:_identify(build) ignored
[0.126s] Level 1:colcon.colcon_core.package_identification:_identify(install) by extensions ['ignore', 'ignore_ament_install']
[0.126s] Level 1:colcon.colcon_core.package_identification:_identify(install) by extension 'ignore'
[0.126s] Level 1:colcon.colcon_core.package_identification:_identify(install) ignored
[0.126s] Level 1:colcon.colcon_core.package_identification:_identify(log) by extensions ['ignore', 'ignore_ament_install']
[0.126s] Level 1:colcon.colcon_core.package_identification:_identify(log) by extension 'ignore'
[0.126s] Level 1:colcon.colcon_core.package_identification:_identify(log) ignored
[0.126s] Level 1:colcon.colcon_core.package_identification:_identify(src) by extensions ['ignore', 'ignore_ament_install']
[0.126s] Level 1:colcon.colcon_core.package_identification:_identify(src) by extension 'ignore'
[0.126s] Level 1:colcon.colcon_core.package_identification:_identify(src) by extension 'ignore_ament_install'
[0.126s] Level 1:colcon.colcon_core.package_identification:_identify(src) by extensions ['ros']
[0.126s] Level 1:colcon.colcon_core.package_identification:_identify(src) by extension 'ros'
[0.126s] Level 1:colcon.colcon_core.package_identification:_identify(src) by extensions ['cmake', 'python']
[0.126s] Level 1:colcon.colcon_core.package_identification:_identify(src) by extension 'cmake'
[0.126s] Level 1:colcon.colcon_core.package_identification:_identify(src) by extension 'python'
[0.126s] Level 1:colcon.colcon_core.package_identification:_identify(src) by extensions ['python_setup_py']
[0.126s] Level 1:colcon.colcon_core.package_identification:_identify(src) by extension 'python_setup_py'
[0.126s] Level 1:colcon.colcon_core.package_identification:_identify(src/more_interfaces) by extensions ['ignore', 'ignore_ament_install']
[0.126s] Level 1:colcon.colcon_core.package_identification:_identify(src/more_interfaces) by extension 'ignore'
[0.126s] Level 1:colcon.colcon_core.package_identification:_identify(src/more_interfaces) by extension 'ignore_ament_install'
[0.126s] Level 1:colcon.colcon_core.package_identification:_identify(src/more_interfaces) by extensions ['ros']
[0.126s] Level 1:colcon.colcon_core.package_identification:_identify(src/more_interfaces) by extension 'ros'
[0.128s] DEBUG:colcon.colcon_core.package_identification:Package 'src/more_interfaces' with type 'ros.ament_cmake' and name 'more_interfaces'
[0.128s] Level 1:colcon.colcon_core.package_identification:_identify(src/ros2_21_tutorials) by extensions ['ignore', 'ignore_ament_install']
[0.128s] Level 1:colcon.colcon_core.package_identification:_identify(src/ros2_21_tutorials) by extension 'ignore'
[0.128s] Level 1:colcon.colcon_core.package_identification:_identify(src/ros2_21_tutorials) by extension 'ignore_ament_install'
[0.128s] Level 1:colcon.colcon_core.package_identification:_identify(src/ros2_21_tutorials) by extensions ['ros']
[0.128s] Level 1:colcon.colcon_core.package_identification:_identify(src/ros2_21_tutorials) by extension 'ros'
[0.128s] Level 1:colcon.colcon_core.package_identification:_identify(src/ros2_21_tutorials) by extensions ['cmake', 'python']
[0.128s] Level 1:colcon.colcon_core.package_identification:_identify(src/ros2_21_tutorials) by extension 'cmake'
[0.128s] Level 1:colcon.colcon_core.package_identification:_identify(src/ros2_21_tutorials) by extension 'python'
[0.128s] Level 1:colcon.colcon_core.package_identification:_identify(src/ros2_21_tutorials) by extensions ['python_setup_py']
[0.128s] Level 1:colcon.colcon_core.package_identification:_identify(src/ros2_21_tutorials) by extension 'python_setup_py'
[0.128s] Level 1:colcon.colcon_core.package_identification:_identify(src/ros2_21_tutorials/docs) by extensions ['ignore', 'ignore_ament_install']
[0.128s] Level 1:colcon.colcon_core.package_identification:_identify(src/ros2_21_tutorials/docs) by extension 'ignore'
[0.128s] Level 1:colcon.colcon_core.package_identification:_identify(src/ros2_21_tutorials/docs) by extension 'ignore_ament_install'
[0.128s] Level 1:colcon.colcon_core.package_identification:_identify(src/ros2_21_tutorials/docs) by extensions ['ros']
[0.128s] Level 1:colcon.colcon_core.package_identification:_identify(src/ros2_21_tutorials/docs) by extension 'ros'
[0.128s] Level 1:colcon.colcon_core.package_identification:_identify(src/ros2_21_tutorials/docs) by extensions ['cmake', 'python']
[0.128s] Level 1:colcon.colcon_core.package_identification:_identify(src/ros2_21_tutorials/docs) by extension 'cmake'
[0.128s] Level 1:colcon.colcon_core.package_identification:_identify(src/ros2_21_tutorials/docs) by extension 'python'
[0.128s] Level 1:colcon.colcon_core.package_identification:_identify(src/ros2_21_tutorials/docs) by extensions ['python_setup_py']
[0.128s] Level 1:colcon.colcon_core.package_identification:_identify(src/ros2_21_tutorials/docs) by extension 'python_setup_py'
[0.128s] Level 1:colcon.colcon_core.package_identification:_identify(src/ros2_21_tutorials/learning_action) by extensions ['ignore', 'ignore_ament_install']
[0.128s] Level 1:colcon.colcon_core.package_identification:_identify(src/ros2_21_tutorials/learning_action) by extension 'ignore'
[0.128s] Level 1:colcon.colcon_core.package_identification:_identify(src/ros2_21_tutorials/learning_action) by extension 'ignore_ament_install'
[0.128s] Level 1:colcon.colcon_core.package_identification:_identify(src/ros2_21_tutorials/learning_action) by extensions ['ros']
[0.128s] Level 1:colcon.colcon_core.package_identification:_identify(src/ros2_21_tutorials/learning_action) by extension 'ros'
[0.129s] DEBUG:colcon.colcon_core.package_identification:Package 'src/ros2_21_tutorials/learning_action' with type 'ros.ament_python' and name 'learning_action'
[0.129s] Level 1:colcon.colcon_core.package_identification:_identify(src/ros2_21_tutorials/learning_gazebo) by extensions ['ignore', 'ignore_ament_install']
[0.129s] Level 1:colcon.colcon_core.package_identification:_identify(src/ros2_21_tutorials/learning_gazebo) by extension 'ignore'
[0.129s] Level 1:colcon.colcon_core.package_identification:_identify(src/ros2_21_tutorials/learning_gazebo) by extension 'ignore_ament_install'
[0.129s] Level 1:colcon.colcon_core.package_identification:_identify(src/ros2_21_tutorials/learning_gazebo) by extensions ['ros']
[0.129s] Level 1:colcon.colcon_core.package_identification:_identify(src/ros2_21_tutorials/learning_gazebo) by extension 'ros'
[0.129s] DEBUG:colcon.colcon_core.package_identification:Package 'src/ros2_21_tutorials/learning_gazebo' with type 'ros.ament_python' and name 'learning_gazebo'
[0.129s] Level 1:colcon.colcon_core.package_identification:_identify(src/ros2_21_tutorials/learning_interface) by extensions ['ignore', 'ignore_ament_install']
[0.129s] Level 1:colcon.colcon_core.package_identification:_identify(src/ros2_21_tutorials/learning_interface) by extension 'ignore'
[0.129s] Level 1:colcon.colcon_core.package_identification:_identify(src/ros2_21_tutorials/learning_interface) by extension 'ignore_ament_install'
[0.129s] Level 1:colcon.colcon_core.package_identification:_identify(src/ros2_21_tutorials/learning_interface) by extensions ['ros']
[0.129s] Level 1:colcon.colcon_core.package_identification:_identify(src/ros2_21_tutorials/learning_interface) by extension 'ros'
[0.129s] DEBUG:colcon.colcon_core.package_identification:Package 'src/ros2_21_tutorials/learning_interface' with type 'ros.ament_cmake' and name 'learning_interface'
[0.129s] Level 1:colcon.colcon_core.package_identification:_identify(src/ros2_21_tutorials/learning_launch) by extensions ['ignore', 'ignore_ament_install']
[0.129s] Level 1:colcon.colcon_core.package_identification:_identify(src/ros2_21_tutorials/learning_launch) by extension 'ignore'
[0.130s] Level 1:colcon.colcon_core.package_identification:_identify(src/ros2_21_tutorials/learning_launch) by extension 'ignore_ament_install'
[0.130s] Level 1:colcon.colcon_core.package_identification:_identify(src/ros2_21_tutorials/learning_launch) by extensions ['ros']
[0.130s] Level 1:colcon.colcon_core.package_identification:_identify(src/ros2_21_tutorials/learning_launch) by extension 'ros'
[0.130s] DEBUG:colcon.colcon_core.package_identification:Package 'src/ros2_21_tutorials/learning_launch' with type 'ros.ament_python' and name 'learning_launch'
[0.130s] Level 1:colcon.colcon_core.package_identification:_identify(src/ros2_21_tutorials/learning_node) by extensions ['ignore', 'ignore_ament_install']
[0.130s] Level 1:colcon.colcon_core.package_identification:_identify(src/ros2_21_tutorials/learning_node) by extension 'ignore'
[0.130s] Level 1:colcon.colcon_core.package_identification:_identify(src/ros2_21_tutorials/learning_node) by extension 'ignore_ament_install'
[0.130s] Level 1:colcon.colcon_core.package_identification:_identify(src/ros2_21_tutorials/learning_node) by extensions ['ros']
[0.130s] Level 1:colcon.colcon_core.package_identification:_identify(src/ros2_21_tutorials/learning_node) by extension 'ros'
[0.130s] DEBUG:colcon.colcon_core.package_identification:Package 'src/ros2_21_tutorials/learning_node' with type 'ros.ament_python' and name 'learning_node'
[0.130s] Level 1:colcon.colcon_core.package_identification:_identify(src/ros2_21_tutorials/learning_parameter) by extensions ['ignore', 'ignore_ament_install']
[0.130s] Level 1:colcon.colcon_core.package_identification:_identify(src/ros2_21_tutorials/learning_parameter) by extension 'ignore'
[0.130s] Level 1:colcon.colcon_core.package_identification:_identify(src/ros2_21_tutorials/learning_parameter) by extension 'ignore_ament_install'
[0.130s] Level 1:colcon.colcon_core.package_identification:_identify(src/ros2_21_tutorials/learning_parameter) by extensions ['ros']
[0.130s] Level 1:colcon.colcon_core.package_identification:_identify(src/ros2_21_tutorials/learning_parameter) by extension 'ros'
[0.131s] DEBUG:colcon.colcon_core.package_identification:Package 'src/ros2_21_tutorials/learning_parameter' with type 'ros.ament_python' and name 'learning_parameter'
[0.131s] Level 1:colcon.colcon_core.package_identification:_identify(src/ros2_21_tutorials/learning_pkg_c) by extensions ['ignore', 'ignore_ament_install']
[0.131s] Level 1:colcon.colcon_core.package_identification:_identify(src/ros2_21_tutorials/learning_pkg_c) by extension 'ignore'
[0.131s] Level 1:colcon.colcon_core.package_identification:_identify(src/ros2_21_tutorials/learning_pkg_c) by extension 'ignore_ament_install'
[0.131s] Level 1:colcon.colcon_core.package_identification:_identify(src/ros2_21_tutorials/learning_pkg_c) by extensions ['ros']
[0.131s] Level 1:colcon.colcon_core.package_identification:_identify(src/ros2_21_tutorials/learning_pkg_c) by extension 'ros'
[0.131s] DEBUG:colcon.colcon_core.package_identification:Package 'src/ros2_21_tutorials/learning_pkg_c' with type 'ros.ament_cmake' and name 'learning_pkg_c'
[0.131s] Level 1:colcon.colcon_core.package_identification:_identify(src/ros2_21_tutorials/learning_pkg_python) by extensions ['ignore', 'ignore_ament_install']
[0.131s] Level 1:colcon.colcon_core.package_identification:_identify(src/ros2_21_tutorials/learning_pkg_python) by extension 'ignore'
[0.131s] Level 1:colcon.colcon_core.package_identification:_identify(src/ros2_21_tutorials/learning_pkg_python) by extension 'ignore_ament_install'
[0.131s] Level 1:colcon.colcon_core.package_identification:_identify(src/ros2_21_tutorials/learning_pkg_python) by extensions ['ros']
[0.131s] Level 1:colcon.colcon_core.package_identification:_identify(src/ros2_21_tutorials/learning_pkg_python) by extension 'ros'
[0.131s] DEBUG:colcon.colcon_core.package_identification:Package 'src/ros2_21_tutorials/learning_pkg_python' with type 'ros.ament_python' and name 'learning_pkg_python'
[0.131s] Level 1:colcon.colcon_core.package_identification:_identify(src/ros2_21_tutorials/learning_qos) by extensions ['ignore', 'ignore_ament_install']
[0.131s] Level 1:colcon.colcon_core.package_identification:_identify(src/ros2_21_tutorials/learning_qos) by extension 'ignore'
[0.131s] Level 1:colcon.colcon_core.package_identification:_identify(src/ros2_21_tutorials/learning_qos) by extension 'ignore_ament_install'
[0.131s] Level 1:colcon.colcon_core.package_identification:_identify(src/ros2_21_tutorials/learning_qos) by extensions ['ros']
[0.131s] Level 1:colcon.colcon_core.package_identification:_identify(src/ros2_21_tutorials/learning_qos) by extension 'ros'
[0.132s] DEBUG:colcon.colcon_core.package_identification:Package 'src/ros2_21_tutorials/learning_qos' with type 'ros.ament_python' and name 'learning_qos'
[0.132s] Level 1:colcon.colcon_core.package_identification:_identify(src/ros2_21_tutorials/learning_service) by extensions ['ignore', 'ignore_ament_install']
[0.132s] Level 1:colcon.colcon_core.package_identification:_identify(src/ros2_21_tutorials/learning_service) by extension 'ignore'
[0.132s] Level 1:colcon.colcon_core.package_identification:_identify(src/ros2_21_tutorials/learning_service) by extension 'ignore_ament_install'
[0.132s] Level 1:colcon.colcon_core.package_identification:_identify(src/ros2_21_tutorials/learning_service) by extensions ['ros']
[0.132s] Level 1:colcon.colcon_core.package_identification:_identify(src/ros2_21_tutorials/learning_service) by extension 'ros'
[0.132s] DEBUG:colcon.colcon_core.package_identification:Package 'src/ros2_21_tutorials/learning_service' with type 'ros.ament_python' and name 'learning_service'
[0.132s] Level 1:colcon.colcon_core.package_identification:_identify(src/ros2_21_tutorials/learning_tf) by extensions ['ignore', 'ignore_ament_install']
[0.132s] Level 1:colcon.colcon_core.package_identification:_identify(src/ros2_21_tutorials/learning_tf) by extension 'ignore'
[0.132s] Level 1:colcon.colcon_core.package_identification:_identify(src/ros2_21_tutorials/learning_tf) by extension 'ignore_ament_install'
[0.132s] Level 1:colcon.colcon_core.package_identification:_identify(src/ros2_21_tutorials/learning_tf) by extensions ['ros']
[0.132s] Level 1:colcon.colcon_core.package_identification:_identify(src/ros2_21_tutorials/learning_tf) by extension 'ros'
[0.133s] DEBUG:colcon.colcon_core.package_identification:Package 'src/ros2_21_tutorials/learning_tf' with type 'ros.ament_python' and name 'learning_tf'
[0.133s] Level 1:colcon.colcon_core.package_identification:_identify(src/ros2_21_tutorials/learning_topic) by extensions ['ignore', 'ignore_ament_install']
[0.133s] Level 1:colcon.colcon_core.package_identification:_identify(src/ros2_21_tutorials/learning_topic) by extension 'ignore'
[0.133s] Level 1:colcon.colcon_core.package_identification:_identify(src/ros2_21_tutorials/learning_topic) by extension 'ignore_ament_install'
[0.133s] Level 1:colcon.colcon_core.package_identification:_identify(src/ros2_21_tutorials/learning_topic) by extensions ['ros']
[0.133s] Level 1:colcon.colcon_core.package_identification:_identify(src/ros2_21_tutorials/learning_topic) by extension 'ros'
[0.133s] DEBUG:colcon.colcon_core.package_identification:Package 'src/ros2_21_tutorials/learning_topic' with type 'ros.ament_python' and name 'learning_topic'
[0.133s] Level 1:colcon.colcon_core.package_identification:_identify(src/ros2_21_tutorials/learning_urdf) by extensions ['ignore', 'ignore_ament_install']
[0.133s] Level 1:colcon.colcon_core.package_identification:_identify(src/ros2_21_tutorials/learning_urdf) by extension 'ignore'
[0.133s] Level 1:colcon.colcon_core.package_identification:_identify(src/ros2_21_tutorials/learning_urdf) by extension 'ignore_ament_install'
[0.133s] Level 1:colcon.colcon_core.package_identification:_identify(src/ros2_21_tutorials/learning_urdf) by extensions ['ros']
[0.133s] Level 1:colcon.colcon_core.package_identification:_identify(src/ros2_21_tutorials/learning_urdf) by extension 'ros'
[0.133s] DEBUG:colcon.colcon_core.package_identification:Package 'src/ros2_21_tutorials/learning_urdf' with type 'ros.ament_python' and name 'learning_urdf'
[0.133s] Level 1:colcon.colcon_core.package_identification:_identify(src/ros2_21_tutorials/python) by extensions ['ignore', 'ignore_ament_install']
[0.133s] Level 1:colcon.colcon_core.package_identification:_identify(src/ros2_21_tutorials/python) by extension 'ignore'
[0.134s] Level 1:colcon.colcon_core.package_identification:_identify(src/ros2_21_tutorials/python) by extension 'ignore_ament_install'
[0.134s] Level 1:colcon.colcon_core.package_identification:_identify(src/ros2_21_tutorials/python) by extensions ['ros']
[0.134s] Level 1:colcon.colcon_core.package_identification:_identify(src/ros2_21_tutorials/python) by extension 'ros'
[0.134s] Level 1:colcon.colcon_core.package_identification:_identify(src/ros2_21_tutorials/python) by extensions ['cmake', 'python']
[0.134s] Level 1:colcon.colcon_core.package_identification:_identify(src/ros2_21_tutorials/python) by extension 'cmake'
[0.134s] Level 1:colcon.colcon_core.package_identification:_identify(src/ros2_21_tutorials/python) by extension 'python'
[0.134s] Level 1:colcon.colcon_core.package_identification:_identify(src/ros2_21_tutorials/python) by extensions ['python_setup_py']
[0.134s] Level 1:colcon.colcon_core.package_identification:_identify(src/ros2_21_tutorials/python) by extension 'python_setup_py'
[0.134s] Level 1:colcon.colcon_core.package_discovery:discover_packages(recursive) using defaults
[0.134s] Level 1:colcon.colcon_core.package_discovery:discover_packages(path) discover
[0.134s] Level 1:colcon.colcon_core.package_discovery:discover_packages(path) using defaults
[0.148s] Level 5:colcon.colcon_core.verb:set package 'learning_gazebo' build argument 'cmake_args' from command line to 'None'
[0.148s] Level 5:colcon.colcon_core.verb:set package 'learning_gazebo' build argument 'cmake_target' from command line to 'None'
[0.148s] Level 5:colcon.colcon_core.verb:set package 'learning_gazebo' build argument 'cmake_target_skip_unavailable' from command line to 'False'
[0.148s] Level 5:colcon.colcon_core.verb:set package 'learning_gazebo' build argument 'cmake_clean_cache' from command line to 'False'
[0.148s] Level 5:colcon.colcon_core.verb:set package 'learning_gazebo' build argument 'cmake_clean_first' from command line to 'False'
[0.149s] Level 5:colcon.colcon_core.verb:set package 'learning_gazebo' build argument 'cmake_force_configure' from command line to 'False'
[0.149s] Level 5:colcon.colcon_core.verb:set package 'learning_gazebo' build argument 'ament_cmake_args' from command line to 'None'
[0.149s] Level 5:colcon.colcon_core.verb:set package 'learning_gazebo' build argument 'catkin_cmake_args' from command line to 'None'
[0.149s] Level 5:colcon.colcon_core.verb:set package 'learning_gazebo' build argument 'catkin_skip_building_tests' from command line to 'False'
[0.149s] DEBUG:colcon.colcon_core.verb:Building package 'learning_gazebo' with the following arguments: {'ament_cmake_args': None, 'build_base': '/home/cwc2204/dev_ws/build/learning_gazebo', 'catkin_cmake_args': None, 'catkin_skip_building_tests': False, 'cmake_args': None, 'cmake_clean_cache': False, 'cmake_clean_first': False, 'cmake_force_configure': False, 'cmake_target': None, 'cmake_target_skip_unavailable': False, 'install_base': '/home/cwc2204/dev_ws/install/learning_gazebo', 'merge_install': False, 'path': '/home/cwc2204/dev_ws/src/ros2_21_tutorials/learning_gazebo', 'symlink_install': False, 'test_result_base': None}
[0.149s] Level 5:colcon.colcon_core.verb:set package 'learning_interface' build argument 'cmake_args' from command line to 'None'
[0.149s] Level 5:colcon.colcon_core.verb:set package 'learning_interface' build argument 'cmake_target' from command line to 'None'
[0.149s] Level 5:colcon.colcon_core.verb:set package 'learning_interface' build argument 'cmake_target_skip_unavailable' from command line to 'False'
[0.149s] Level 5:colcon.colcon_core.verb:set package 'learning_interface' build argument 'cmake_clean_cache' from command line to 'False'
[0.149s] Level 5:colcon.colcon_core.verb:set package 'learning_interface' build argument 'cmake_clean_first' from command line to 'False'
[0.149s] Level 5:colcon.colcon_core.verb:set package 'learning_interface' build argument 'cmake_force_configure' from command line to 'False'
[0.149s] Level 5:colcon.colcon_core.verb:set package 'learning_interface' build argument 'ament_cmake_args' from command line to 'None'
[0.149s] Level 5:colcon.colcon_core.verb:set package 'learning_interface' build argument 'catkin_cmake_args' from command line to 'None'
[0.149s] Level 5:colcon.colcon_core.verb:set package 'learning_interface' build argument 'catkin_skip_building_tests' from command line to 'False'
[0.149s] DEBUG:colcon.colcon_core.verb:Building package 'learning_interface' with the following arguments: {'ament_cmake_args': None, 'build_base': '/home/cwc2204/dev_ws/build/learning_interface', 'catkin_cmake_args': None, 'catkin_skip_building_tests': False, 'cmake_args': None, 'cmake_clean_cache': False, 'cmake_clean_first': False, 'cmake_force_configure': False, 'cmake_target': None, 'cmake_target_skip_unavailable': False, 'install_base': '/home/cwc2204/dev_ws/install/learning_interface', 'merge_install': False, 'path': '/home/cwc2204/dev_ws/src/ros2_21_tutorials/learning_interface', 'symlink_install': False, 'test_result_base': None}
[0.150s] Level 5:colcon.colcon_core.verb:set package 'learning_launch' build argument 'cmake_args' from command line to 'None'
[0.150s] Level 5:colcon.colcon_core.verb:set package 'learning_launch' build argument 'cmake_target' from command line to 'None'
[0.150s] Level 5:colcon.colcon_core.verb:set package 'learning_launch' build argument 'cmake_target_skip_unavailable' from command line to 'False'
[0.150s] Level 5:colcon.colcon_core.verb:set package 'learning_launch' build argument 'cmake_clean_cache' from command line to 'False'
[0.150s] Level 5:colcon.colcon_core.verb:set package 'learning_launch' build argument 'cmake_clean_first' from command line to 'False'
[0.150s] Level 5:colcon.colcon_core.verb:set package 'learning_launch' build argument 'cmake_force_configure' from command line to 'False'
[0.150s] Level 5:colcon.colcon_core.verb:set package 'learning_launch' build argument 'ament_cmake_args' from command line to 'None'
[0.150s] Level 5:colcon.colcon_core.verb:set package 'learning_launch' build argument 'catkin_cmake_args' from command line to 'None'
[0.150s] Level 5:colcon.colcon_core.verb:set package 'learning_launch' build argument 'catkin_skip_building_tests' from command line to 'False'
[0.150s] DEBUG:colcon.colcon_core.verb:Building package 'learning_launch' with the following arguments: {'ament_cmake_args': None, 'build_base': '/home/cwc2204/dev_ws/build/learning_launch', 'catkin_cmake_args': None, 'catkin_skip_building_tests': False, 'cmake_args': None, 'cmake_clean_cache': False, 'cmake_clean_first': False, 'cmake_force_configure': False, 'cmake_target': None, 'cmake_target_skip_unavailable': False, 'install_base': '/home/cwc2204/dev_ws/install/learning_launch', 'merge_install': False, 'path': '/home/cwc2204/dev_ws/src/ros2_21_tutorials/learning_launch', 'symlink_install': False, 'test_result_base': None}
[0.150s] Level 5:colcon.colcon_core.verb:set package 'learning_node' build argument 'cmake_args' from command line to 'None'
[0.150s] Level 5:colcon.colcon_core.verb:set package 'learning_node' build argument 'cmake_target' from command line to 'None'
[0.150s] Level 5:colcon.colcon_core.verb:set package 'learning_node' build argument 'cmake_target_skip_unavailable' from command line to 'False'
[0.150s] Level 5:colcon.colcon_core.verb:set package 'learning_node' build argument 'cmake_clean_cache' from command line to 'False'
[0.150s] Level 5:colcon.colcon_core.verb:set package 'learning_node' build argument 'cmake_clean_first' from command line to 'False'
[0.150s] Level 5:colcon.colcon_core.verb:set package 'learning_node' build argument 'cmake_force_configure' from command line to 'False'
[0.150s] Level 5:colcon.colcon_core.verb:set package 'learning_node' build argument 'ament_cmake_args' from command line to 'None'
[0.150s] Level 5:colcon.colcon_core.verb:set package 'learning_node' build argument 'catkin_cmake_args' from command line to 'None'
[0.150s] Level 5:colcon.colcon_core.verb:set package 'learning_node' build argument 'catkin_skip_building_tests' from command line to 'False'
[0.150s] DEBUG:colcon.colcon_core.verb:Building package 'learning_node' with the following arguments: {'ament_cmake_args': None, 'build_base': '/home/cwc2204/dev_ws/build/learning_node', 'catkin_cmake_args': None, 'catkin_skip_building_tests': False, 'cmake_args': None, 'cmake_clean_cache': False, 'cmake_clean_first': False, 'cmake_force_configure': False, 'cmake_target': None, 'cmake_target_skip_unavailable': False, 'install_base': '/home/cwc2204/dev_ws/install/learning_node', 'merge_install': False, 'path': '/home/cwc2204/dev_ws/src/ros2_21_tutorials/learning_node', 'symlink_install': False, 'test_result_base': None}
[0.151s] Level 5:colcon.colcon_core.verb:set package 'learning_parameter' build argument 'cmake_args' from command line to 'None'
[0.151s] Level 5:colcon.colcon_core.verb:set package 'learning_parameter' build argument 'cmake_target' from command line to 'None'
[0.151s] Level 5:colcon.colcon_core.verb:set package 'learning_parameter' build argument 'cmake_target_skip_unavailable' from command line to 'False'
[0.151s] Level 5:colcon.colcon_core.verb:set package 'learning_parameter' build argument 'cmake_clean_cache' from command line to 'False'
[0.151s] Level 5:colcon.colcon_core.verb:set package 'learning_parameter' build argument 'cmake_clean_first' from command line to 'False'
[0.151s] Level 5:colcon.colcon_core.verb:set package 'learning_parameter' build argument 'cmake_force_configure' from command line to 'False'
[0.151s] Level 5:colcon.colcon_core.verb:set package 'learning_parameter' build argument 'ament_cmake_args' from command line to 'None'
[0.151s] Level 5:colcon.colcon_core.verb:set package 'learning_parameter' build argument 'catkin_cmake_args' from command line to 'None'
[0.151s] Level 5:colcon.colcon_core.verb:set package 'learning_parameter' build argument 'catkin_skip_building_tests' from command line to 'False'
[0.151s] DEBUG:colcon.colcon_core.verb:Building package 'learning_parameter' with the following arguments: {'ament_cmake_args': None, 'build_base': '/home/cwc2204/dev_ws/build/learning_parameter', 'catkin_cmake_args': None, 'catkin_skip_building_tests': False, 'cmake_args': None, 'cmake_clean_cache': False, 'cmake_clean_first': False, 'cmake_force_configure': False, 'cmake_target': None, 'cmake_target_skip_unavailable': False, 'install_base': '/home/cwc2204/dev_ws/install/learning_parameter', 'merge_install': False, 'path': '/home/cwc2204/dev_ws/src/ros2_21_tutorials/learning_parameter', 'symlink_install': False, 'test_result_base': None}
[0.151s] Level 5:colcon.colcon_core.verb:set package 'learning_pkg_c' build argument 'cmake_args' from command line to 'None'
[0.151s] Level 5:colcon.colcon_core.verb:set package 'learning_pkg_c' build argument 'cmake_target' from command line to 'None'
[0.151s] Level 5:colcon.colcon_core.verb:set package 'learning_pkg_c' build argument 'cmake_target_skip_unavailable' from command line to 'False'
[0.151s] Level 5:colcon.colcon_core.verb:set package 'learning_pkg_c' build argument 'cmake_clean_cache' from command line to 'False'
[0.151s] Level 5:colcon.colcon_core.verb:set package 'learning_pkg_c' build argument 'cmake_clean_first' from command line to 'False'
[0.151s] Level 5:colcon.colcon_core.verb:set package 'learning_pkg_c' build argument 'cmake_force_configure' from command line to 'False'
[0.151s] Level 5:colcon.colcon_core.verb:set package 'learning_pkg_c' build argument 'ament_cmake_args' from command line to 'None'
[0.151s] Level 5:colcon.colcon_core.verb:set package 'learning_pkg_c' build argument 'catkin_cmake_args' from command line to 'None'
[0.151s] Level 5:colcon.colcon_core.verb:set package 'learning_pkg_c' build argument 'catkin_skip_building_tests' from command line to 'False'
[0.151s] DEBUG:colcon.colcon_core.verb:Building package 'learning_pkg_c' with the following arguments: {'ament_cmake_args': None, 'build_base': '/home/cwc2204/dev_ws/build/learning_pkg_c', 'catkin_cmake_args': None, 'catkin_skip_building_tests': False, 'cmake_args': None, 'cmake_clean_cache': False, 'cmake_clean_first': False, 'cmake_force_configure': False, 'cmake_target': None, 'cmake_target_skip_unavailable': False, 'install_base': '/home/cwc2204/dev_ws/install/learning_pkg_c', 'merge_install': False, 'path': '/home/cwc2204/dev_ws/src/ros2_21_tutorials/learning_pkg_c', 'symlink_install': False, 'test_result_base': None}
[0.152s] Level 5:colcon.colcon_core.verb:set package 'learning_pkg_python' build argument 'cmake_args' from command line to 'None'
[0.152s] Level 5:colcon.colcon_core.verb:set package 'learning_pkg_python' build argument 'cmake_target' from command line to 'None'
[0.152s] Level 5:colcon.colcon_core.verb:set package 'learning_pkg_python' build argument 'cmake_target_skip_unavailable' from command line to 'False'
[0.152s] Level 5:colcon.colcon_core.verb:set package 'learning_pkg_python' build argument 'cmake_clean_cache' from command line to 'False'
[0.152s] Level 5:colcon.colcon_core.verb:set package 'learning_pkg_python' build argument 'cmake_clean_first' from command line to 'False'
[0.152s] Level 5:colcon.colcon_core.verb:set package 'learning_pkg_python' build argument 'cmake_force_configure' from command line to 'False'
[0.152s] Level 5:colcon.colcon_core.verb:set package 'learning_pkg_python' build argument 'ament_cmake_args' from command line to 'None'
[0.152s] Level 5:colcon.colcon_core.verb:set package 'learning_pkg_python' build argument 'catkin_cmake_args' from command line to 'None'
[0.152s] Level 5:colcon.colcon_core.verb:set package 'learning_pkg_python' build argument 'catkin_skip_building_tests' from command line to 'False'
[0.152s] DEBUG:colcon.colcon_core.verb:Building package 'learning_pkg_python' with the following arguments: {'ament_cmake_args': None, 'build_base': '/home/cwc2204/dev_ws/build/learning_pkg_python', 'catkin_cmake_args': None, 'catkin_skip_building_tests': False, 'cmake_args': None, 'cmake_clean_cache': False, 'cmake_clean_first': False, 'cmake_force_configure': False, 'cmake_target': None, 'cmake_target_skip_unavailable': False, 'install_base': '/home/cwc2204/dev_ws/install/learning_pkg_python', 'merge_install': False, 'path': '/home/cwc2204/dev_ws/src/ros2_21_tutorials/learning_pkg_python', 'symlink_install': False, 'test_result_base': None}
[0.152s] Level 5:colcon.colcon_core.verb:set package 'learning_qos' build argument 'cmake_args' from command line to 'None'
[0.152s] Level 5:colcon.colcon_core.verb:set package 'learning_qos' build argument 'cmake_target' from command line to 'None'
[0.152s] Level 5:colcon.colcon_core.verb:set package 'learning_qos' build argument 'cmake_target_skip_unavailable' from command line to 'False'
[0.152s] Level 5:colcon.colcon_core.verb:set package 'learning_qos' build argument 'cmake_clean_cache' from command line to 'False'
[0.152s] Level 5:colcon.colcon_core.verb:set package 'learning_qos' build argument 'cmake_clean_first' from command line to 'False'
[0.152s] Level 5:colcon.colcon_core.verb:set package 'learning_qos' build argument 'cmake_force_configure' from command line to 'False'
[0.152s] Level 5:colcon.colcon_core.verb:set package 'learning_qos' build argument 'ament_cmake_args' from command line to 'None'
[0.152s] Level 5:colcon.colcon_core.verb:set package 'learning_qos' build argument 'catkin_cmake_args' from command line to 'None'
[0.152s] Level 5:colcon.colcon_core.verb:set package 'learning_qos' build argument 'catkin_skip_building_tests' from command line to 'False'
[0.152s] DEBUG:colcon.colcon_core.verb:Building package 'learning_qos' with the following arguments: {'ament_cmake_args': None, 'build_base': '/home/cwc2204/dev_ws/build/learning_qos', 'catkin_cmake_args': None, 'catkin_skip_building_tests': False, 'cmake_args': None, 'cmake_clean_cache': False, 'cmake_clean_first': False, 'cmake_force_configure': False, 'cmake_target': None, 'cmake_target_skip_unavailable': False, 'install_base': '/home/cwc2204/dev_ws/install/learning_qos', 'merge_install': False, 'path': '/home/cwc2204/dev_ws/src/ros2_21_tutorials/learning_qos', 'symlink_install': False, 'test_result_base': None}
[0.153s] Level 5:colcon.colcon_core.verb:set package 'learning_tf' build argument 'cmake_args' from command line to 'None'
[0.153s] Level 5:colcon.colcon_core.verb:set package 'learning_tf' build argument 'cmake_target' from command line to 'None'
[0.153s] Level 5:colcon.colcon_core.verb:set package 'learning_tf' build argument 'cmake_target_skip_unavailable' from command line to 'False'
[0.153s] Level 5:colcon.colcon_core.verb:set package 'learning_tf' build argument 'cmake_clean_cache' from command line to 'False'
[0.153s] Level 5:colcon.colcon_core.verb:set package 'learning_tf' build argument 'cmake_clean_first' from command line to 'False'
[0.153s] Level 5:colcon.colcon_core.verb:set package 'learning_tf' build argument 'cmake_force_configure' from command line to 'False'
[0.153s] Level 5:colcon.colcon_core.verb:set package 'learning_tf' build argument 'ament_cmake_args' from command line to 'None'
[0.153s] Level 5:colcon.colcon_core.verb:set package 'learning_tf' build argument 'catkin_cmake_args' from command line to 'None'
[0.153s] Level 5:colcon.colcon_core.verb:set package 'learning_tf' build argument 'catkin_skip_building_tests' from command line to 'False'
[0.153s] DEBUG:colcon.colcon_core.verb:Building package 'learning_tf' with the following arguments: {'ament_cmake_args': None, 'build_base': '/home/cwc2204/dev_ws/build/learning_tf', 'catkin_cmake_args': None, 'catkin_skip_building_tests': False, 'cmake_args': None, 'cmake_clean_cache': False, 'cmake_clean_first': False, 'cmake_force_configure': False, 'cmake_target': None, 'cmake_target_skip_unavailable': False, 'install_base': '/home/cwc2204/dev_ws/install/learning_tf', 'merge_install': False, 'path': '/home/cwc2204/dev_ws/src/ros2_21_tutorials/learning_tf', 'symlink_install': False, 'test_result_base': None}
[0.153s] Level 5:colcon.colcon_core.verb:set package 'learning_urdf' build argument 'cmake_args' from command line to 'None'
[0.153s] Level 5:colcon.colcon_core.verb:set package 'learning_urdf' build argument 'cmake_target' from command line to 'None'
[0.153s] Level 5:colcon.colcon_core.verb:set package 'learning_urdf' build argument 'cmake_target_skip_unavailable' from command line to 'False'
[0.153s] Level 5:colcon.colcon_core.verb:set package 'learning_urdf' build argument 'cmake_clean_cache' from command line to 'False'
[0.153s] Level 5:colcon.colcon_core.verb:set package 'learning_urdf' build argument 'cmake_clean_first' from command line to 'False'
[0.153s] Level 5:colcon.colcon_core.verb:set package 'learning_urdf' build argument 'cmake_force_configure' from command line to 'False'
[0.153s] Level 5:colcon.colcon_core.verb:set package 'learning_urdf' build argument 'ament_cmake_args' from command line to 'None'
[0.154s] Level 5:colcon.colcon_core.verb:set package 'learning_urdf' build argument 'catkin_cmake_args' from command line to 'None'
[0.154s] Level 5:colcon.colcon_core.verb:set package 'learning_urdf' build argument 'catkin_skip_building_tests' from command line to 'False'
[0.154s] DEBUG:colcon.colcon_core.verb:Building package 'learning_urdf' with the following arguments: {'ament_cmake_args': None, 'build_base': '/home/cwc2204/dev_ws/build/learning_urdf', 'catkin_cmake_args': None, 'catkin_skip_building_tests': False, 'cmake_args': None, 'cmake_clean_cache': False, 'cmake_clean_first': False, 'cmake_force_configure': False, 'cmake_target': None, 'cmake_target_skip_unavailable': False, 'install_base': '/home/cwc2204/dev_ws/install/learning_urdf', 'merge_install': False, 'path': '/home/cwc2204/dev_ws/src/ros2_21_tutorials/learning_urdf', 'symlink_install': False, 'test_result_base': None}
[0.154s] Level 5:colcon.colcon_core.verb:set package 'more_interfaces' build argument 'cmake_args' from command line to 'None'
[0.154s] Level 5:colcon.colcon_core.verb:set package 'more_interfaces' build argument 'cmake_target' from command line to 'None'
[0.154s] Level 5:colcon.colcon_core.verb:set package 'more_interfaces' build argument 'cmake_target_skip_unavailable' from command line to 'False'
[0.154s] Level 5:colcon.colcon_core.verb:set package 'more_interfaces' build argument 'cmake_clean_cache' from command line to 'False'
[0.154s] Level 5:colcon.colcon_core.verb:set package 'more_interfaces' build argument 'cmake_clean_first' from command line to 'False'
[0.154s] Level 5:colcon.colcon_core.verb:set package 'more_interfaces' build argument 'cmake_force_configure' from command line to 'False'
[0.154s] Level 5:colcon.colcon_core.verb:set package 'more_interfaces' build argument 'ament_cmake_args' from command line to 'None'
[0.154s] Level 5:colcon.colcon_core.verb:set package 'more_interfaces' build argument 'catkin_cmake_args' from command line to 'None'
[0.154s] Level 5:colcon.colcon_core.verb:set package 'more_interfaces' build argument 'catkin_skip_building_tests' from command line to 'False'
[0.154s] DEBUG:colcon.colcon_core.verb:Building package 'more_interfaces' with the following arguments: {'ament_cmake_args': None, 'build_base': '/home/cwc2204/dev_ws/build/more_interfaces', 'catkin_cmake_args': None, 'catkin_skip_building_tests': False, 'cmake_args': None, 'cmake_clean_cache': False, 'cmake_clean_first': False, 'cmake_force_configure': False, 'cmake_target': None, 'cmake_target_skip_unavailable': False, 'install_base': '/home/cwc2204/dev_ws/install/more_interfaces', 'merge_install': False, 'path': '/home/cwc2204/dev_ws/src/more_interfaces', 'symlink_install': False, 'test_result_base': None}
[0.155s] Level 5:colcon.colcon_core.verb:set package 'learning_action' build argument 'cmake_args' from command line to 'None'
[0.155s] Level 5:colcon.colcon_core.verb:set package 'learning_action' build argument 'cmake_target' from command line to 'None'
[0.155s] Level 5:colcon.colcon_core.verb:set package 'learning_action' build argument 'cmake_target_skip_unavailable' from command line to 'False'
[0.155s] Level 5:colcon.colcon_core.verb:set package 'learning_action' build argument 'cmake_clean_cache' from command line to 'False'
[0.155s] Level 5:colcon.colcon_core.verb:set package 'learning_action' build argument 'cmake_clean_first' from command line to 'False'
[0.155s] Level 5:colcon.colcon_core.verb:set package 'learning_action' build argument 'cmake_force_configure' from command line to 'False'
[0.155s] Level 5:colcon.colcon_core.verb:set package 'learning_action' build argument 'ament_cmake_args' from command line to 'None'
[0.155s] Level 5:colcon.colcon_core.verb:set package 'learning_action' build argument 'catkin_cmake_args' from command line to 'None'
[0.155s] Level 5:colcon.colcon_core.verb:set package 'learning_action' build argument 'catkin_skip_building_tests' from command line to 'False'
[0.155s] DEBUG:colcon.colcon_core.verb:Building package 'learning_action' with the following arguments: {'ament_cmake_args': None, 'build_base': '/home/cwc2204/dev_ws/build/learning_action', 'catkin_cmake_args': None, 'catkin_skip_building_tests': False, 'cmake_args': None, 'cmake_clean_cache': False, 'cmake_clean_first': False, 'cmake_force_configure': False, 'cmake_target': None, 'cmake_target_skip_unavailable': False, 'install_base': '/home/cwc2204/dev_ws/install/learning_action', 'merge_install': False, 'path': '/home/cwc2204/dev_ws/src/ros2_21_tutorials/learning_action', 'symlink_install': False, 'test_result_base': None}
[0.155s] Level 5:colcon.colcon_core.verb:set package 'learning_service' build argument 'cmake_args' from command line to 'None'
[0.155s] Level 5:colcon.colcon_core.verb:set package 'learning_service' build argument 'cmake_target' from command line to 'None'
[0.155s] Level 5:colcon.colcon_core.verb:set package 'learning_service' build argument 'cmake_target_skip_unavailable' from command line to 'False'
[0.155s] Level 5:colcon.colcon_core.verb:set package 'learning_service' build argument 'cmake_clean_cache' from command line to 'False'
[0.155s] Level 5:colcon.colcon_core.verb:set package 'learning_service' build argument 'cmake_clean_first' from command line to 'False'
[0.155s] Level 5:colcon.colcon_core.verb:set package 'learning_service' build argument 'cmake_force_configure' from command line to 'False'
[0.155s] Level 5:colcon.colcon_core.verb:set package 'learning_service' build argument 'ament_cmake_args' from command line to 'None'
[0.155s] Level 5:colcon.colcon_core.verb:set package 'learning_service' build argument 'catkin_cmake_args' from command line to 'None'
[0.155s] Level 5:colcon.colcon_core.verb:set package 'learning_service' build argument 'catkin_skip_building_tests' from command line to 'False'
[0.155s] DEBUG:colcon.colcon_core.verb:Building package 'learning_service' with the following arguments: {'ament_cmake_args': None, 'build_base': '/home/cwc2204/dev_ws/build/learning_service', 'catkin_cmake_args': None, 'catkin_skip_building_tests': False, 'cmake_args': None, 'cmake_clean_cache': False, 'cmake_clean_first': False, 'cmake_force_configure': False, 'cmake_target': None, 'cmake_target_skip_unavailable': False, 'install_base': '/home/cwc2204/dev_ws/install/learning_service', 'merge_install': False, 'path': '/home/cwc2204/dev_ws/src/ros2_21_tutorials/learning_service', 'symlink_install': False, 'test_result_base': None}
[0.156s] Level 5:colcon.colcon_core.verb:set package 'learning_topic' build argument 'cmake_args' from command line to 'None'
[0.156s] Level 5:colcon.colcon_core.verb:set package 'learning_topic' build argument 'cmake_target' from command line to 'None'
[0.156s] Level 5:colcon.colcon_core.verb:set package 'learning_topic' build argument 'cmake_target_skip_unavailable' from command line to 'False'
[0.156s] Level 5:colcon.colcon_core.verb:set package 'learning_topic' build argument 'cmake_clean_cache' from command line to 'False'
[0.156s] Level 5:colcon.colcon_core.verb:set package 'learning_topic' build argument 'cmake_clean_first' from command line to 'False'
[0.156s] Level 5:colcon.colcon_core.verb:set package 'learning_topic' build argument 'cmake_force_configure' from command line to 'False'
[0.156s] Level 5:colcon.colcon_core.verb:set package 'learning_topic' build argument 'ament_cmake_args' from command line to 'None'
[0.156s] Level 5:colcon.colcon_core.verb:set package 'learning_topic' build argument 'catkin_cmake_args' from command line to 'None'
[0.156s] Level 5:colcon.colcon_core.verb:set package 'learning_topic' build argument 'catkin_skip_building_tests' from command line to 'False'
[0.156s] DEBUG:colcon.colcon_core.verb:Building package 'learning_topic' with the following arguments: {'ament_cmake_args': None, 'build_base': '/home/cwc2204/dev_ws/build/learning_topic', 'catkin_cmake_args': None, 'catkin_skip_building_tests': False, 'cmake_args': None, 'cmake_clean_cache': False, 'cmake_clean_first': False, 'cmake_force_configure': False, 'cmake_target': None, 'cmake_target_skip_unavailable': False, 'install_base': '/home/cwc2204/dev_ws/install/learning_topic', 'merge_install': False, 'path': '/home/cwc2204/dev_ws/src/ros2_21_tutorials/learning_topic', 'symlink_install': False, 'test_result_base': None}
[0.156s] INFO:colcon.colcon_core.executor:Executing jobs using 'sequential' executor
[0.157s] DEBUG:colcon.colcon_core.executor.sequential:run_until_complete 'learning_gazebo'
[0.157s] INFO:colcon.colcon_ros.task.ament_python.build:Building ROS package in '/home/cwc2204/dev_ws/src/ros2_21_tutorials/learning_gazebo' with build type 'ament_python'
[0.157s] Level 1:colcon.colcon_core.shell:create_environment_hook('learning_gazebo', 'ament_prefix_path')
[0.158s] INFO:colcon.colcon_core.plugin_system:Skipping extension 'colcon_core.shell.bat': Not used on non-Windows systems
[0.158s] INFO:colcon.colcon_core.shell:Creating environment descriptor '/home/cwc2204/dev_ws/install/learning_gazebo/share/learning_gazebo/hook/ament_prefix_path.dsv'
[0.158s] INFO:colcon.colcon_core.shell:Creating environment hook '/home/cwc2204/dev_ws/install/learning_gazebo/share/learning_gazebo/hook/ament_prefix_path.sh'
[0.159s] DEBUG:colcon.colcon_core.shell:Skip shell extension 'dsv' for command environment
[0.283s] INFO:colcon.colcon_core.task.python.build:Building Python package in '/home/cwc2204/dev_ws/src/ros2_21_tutorials/learning_gazebo'
[0.283s] DEBUG:colcon.colcon_core.shell:Skip shell extension 'dsv' for command environment
[0.441s] DEBUG:colcon.colcon_core.event_handler.log_command:Invoking command in '/home/cwc2204/dev_ws/src/ros2_21_tutorials/learning_gazebo': PYTHONPATH=/home/cwc2204/dev_ws/build/learning_gazebo/prefix_override:/home/cwc2204/dev_ws/install/learning_gazebo/lib/python3.10/site-packages:${PYTHONPATH} /usr/bin/python3 setup.py egg_info --egg-base ../../../build/learning_gazebo build --build-base /home/cwc2204/dev_ws/build/learning_gazebo/build install --record /home/cwc2204/dev_ws/build/learning_gazebo/install.log --single-version-externally-managed
[0.581s] DEBUG:colcon.colcon_core.event_handler.log_command:Invoked command in '/home/cwc2204/dev_ws/src/ros2_21_tutorials/learning_gazebo' returned '0': PYTHONPATH=/home/cwc2204/dev_ws/build/learning_gazebo/prefix_override:/home/cwc2204/dev_ws/install/learning_gazebo/lib/python3.10/site-packages:${PYTHONPATH} /usr/bin/python3 setup.py egg_info --egg-base ../../../build/learning_gazebo build --build-base /home/cwc2204/dev_ws/build/learning_gazebo/build install --record /home/cwc2204/dev_ws/build/learning_gazebo/install.log --single-version-externally-managed
[0.584s] Level 1:colcon.colcon_core.environment:checking '/home/cwc2204/dev_ws/install/learning_gazebo' for CMake module files
[0.584s] Level 1:colcon.colcon_core.environment:checking '/home/cwc2204/dev_ws/install/learning_gazebo' for CMake config files
[0.584s] Level 1:colcon.colcon_core.environment:checking '/home/cwc2204/dev_ws/install/learning_gazebo/lib'
[0.585s] Level 1:colcon.colcon_core.environment:checking '/home/cwc2204/dev_ws/install/learning_gazebo/bin'
[0.585s] Level 1:colcon.colcon_core.environment:checking '/home/cwc2204/dev_ws/install/learning_gazebo/lib/pkgconfig/learning_gazebo.pc'
[0.585s] Level 1:colcon.colcon_core.environment:checking '/home/cwc2204/dev_ws/install/learning_gazebo/lib/python3.10/site-packages'
[0.585s] Level 1:colcon.colcon_core.shell:create_environment_hook('learning_gazebo', 'pythonpath')
[0.585s] INFO:colcon.colcon_core.shell:Creating environment descriptor '/home/cwc2204/dev_ws/install/learning_gazebo/share/learning_gazebo/hook/pythonpath.dsv'
[0.585s] INFO:colcon.colcon_core.shell:Creating environment hook '/home/cwc2204/dev_ws/install/learning_gazebo/share/learning_gazebo/hook/pythonpath.sh'
[0.586s] Level 1:colcon.colcon_core.environment:checking '/home/cwc2204/dev_ws/install/learning_gazebo/bin'
[0.586s] Level 1:colcon.colcon_core.environment:create_environment_scripts_only(learning_gazebo)
[0.586s] INFO:colcon.colcon_core.shell:Creating package descriptor '/home/cwc2204/dev_ws/install/learning_gazebo/share/learning_gazebo/package.dsv'
[0.586s] INFO:colcon.colcon_core.shell:Creating package script '/home/cwc2204/dev_ws/install/learning_gazebo/share/learning_gazebo/package.sh'
[0.592s] Level 1:colcon.colcon_core.environment:create_file_with_runtime_dependencies(/home/cwc2204/dev_ws/install/learning_gazebo/share/colcon-core/packages/learning_gazebo)
[0.592s] DEBUG:colcon.colcon_core.executor.sequential:run_until_complete 'learning_gazebo' finished with '0'
[0.592s] DEBUG:colcon.colcon_core.executor.sequential:run_until_complete 'learning_interface'
[0.592s] INFO:colcon.colcon_ros.task.ament_cmake.build:Building ROS package in '/home/cwc2204/dev_ws/src/ros2_21_tutorials/learning_interface' with build type 'ament_cmake'
[0.592s] INFO:colcon.colcon_cmake.task.cmake.build:Building CMake package in '/home/cwc2204/dev_ws/src/ros2_21_tutorials/learning_interface'
[0.593s] DEBUG:colcon.colcon_core.shell:Skip shell extension 'dsv' for command environment
[0.596s] DEBUG:colcon.colcon_core.event_handler.log_command:Invoking command in '/home/cwc2204/dev_ws/build/learning_interface': CMAKE_PREFIX_PATH=${CMAKE_PREFIX_PATH}:/home/cwc2204/dev_ws/install/learning_urdf:/home/cwc2204/dev_ws/install/learning_topic:/home/cwc2204/dev_ws/install/learning_tf:/home/cwc2204/dev_ws/install/learning_service:/home/cwc2204/dev_ws/install/learning_qos:/home/cwc2204/dev_ws/install/learning_pkg_python:/home/cwc2204/dev_ws/install/learning_parameter:/home/cwc2204/dev_ws/install/learning_node:/home/cwc2204/dev_ws/install/learning_launch:/home/cwc2204/dev_ws/install/learning_action:/home/cwc2204/dev_ws/install/learning_gazebo:/opt/ros/humble /usr/bin/cmake --build /home/cwc2204/dev_ws/build/learning_interface -- -j20 -l20
[0.768s] DEBUG:colcon.colcon_core.event_handler.log_command:Invoked command in '/home/cwc2204/dev_ws/build/learning_interface' returned '0': CMAKE_PREFIX_PATH=${CMAKE_PREFIX_PATH}:/home/cwc2204/dev_ws/install/learning_urdf:/home/cwc2204/dev_ws/install/learning_topic:/home/cwc2204/dev_ws/install/learning_tf:/home/cwc2204/dev_ws/install/learning_service:/home/cwc2204/dev_ws/install/learning_qos:/home/cwc2204/dev_ws/install/learning_pkg_python:/home/cwc2204/dev_ws/install/learning_parameter:/home/cwc2204/dev_ws/install/learning_node:/home/cwc2204/dev_ws/install/learning_launch:/home/cwc2204/dev_ws/install/learning_action:/home/cwc2204/dev_ws/install/learning_gazebo:/opt/ros/humble /usr/bin/cmake --build /home/cwc2204/dev_ws/build/learning_interface -- -j20 -l20
[0.847s] DEBUG:colcon.colcon_core.event_handler.log_command:Invoking command in '/home/cwc2204/dev_ws/build/learning_interface': CMAKE_PREFIX_PATH=${CMAKE_PREFIX_PATH}:/home/cwc2204/dev_ws/install/learning_urdf:/home/cwc2204/dev_ws/install/learning_topic:/home/cwc2204/dev_ws/install/learning_tf:/home/cwc2204/dev_ws/install/learning_service:/home/cwc2204/dev_ws/install/learning_qos:/home/cwc2204/dev_ws/install/learning_pkg_python:/home/cwc2204/dev_ws/install/learning_parameter:/home/cwc2204/dev_ws/install/learning_node:/home/cwc2204/dev_ws/install/learning_launch:/home/cwc2204/dev_ws/install/learning_action:/home/cwc2204/dev_ws/install/learning_gazebo:/opt/ros/humble /usr/bin/cmake --install /home/cwc2204/dev_ws/build/learning_interface
[0.878s] Level 1:colcon.colcon_core.environment:create_environment_scripts_only(learning_interface)
[0.878s] DEBUG:colcon.colcon_core.event_handler.log_command:Invoked command in '/home/cwc2204/dev_ws/build/learning_interface' returned '0': CMAKE_PREFIX_PATH=${CMAKE_PREFIX_PATH}:/home/cwc2204/dev_ws/install/learning_urdf:/home/cwc2204/dev_ws/install/learning_topic:/home/cwc2204/dev_ws/install/learning_tf:/home/cwc2204/dev_ws/install/learning_service:/home/cwc2204/dev_ws/install/learning_qos:/home/cwc2204/dev_ws/install/learning_pkg_python:/home/cwc2204/dev_ws/install/learning_parameter:/home/cwc2204/dev_ws/install/learning_node:/home/cwc2204/dev_ws/install/learning_launch:/home/cwc2204/dev_ws/install/learning_action:/home/cwc2204/dev_ws/install/learning_gazebo:/opt/ros/humble /usr/bin/cmake --install /home/cwc2204/dev_ws/build/learning_interface
[0.880s] Level 1:colcon.colcon_core.environment:checking '/home/cwc2204/dev_ws/install/learning_interface' for CMake module files
[0.881s] Level 1:colcon.colcon_core.environment:checking '/home/cwc2204/dev_ws/install/learning_interface' for CMake config files
[0.881s] Level 1:colcon.colcon_core.shell:create_environment_hook('learning_interface', 'cmake_prefix_path')
[0.882s] INFO:colcon.colcon_core.shell:Creating environment descriptor '/home/cwc2204/dev_ws/install/learning_interface/share/learning_interface/hook/cmake_prefix_path.dsv'
[0.882s] INFO:colcon.colcon_core.shell:Creating environment hook '/home/cwc2204/dev_ws/install/learning_interface/share/learning_interface/hook/cmake_prefix_path.sh'
[0.883s] Level 1:colcon.colcon_core.environment:checking '/home/cwc2204/dev_ws/install/learning_interface/lib'
[0.883s] Level 1:colcon.colcon_core.shell:create_environment_hook('learning_interface', 'ld_library_path_lib')
[0.884s] INFO:colcon.colcon_core.shell:Creating environment descriptor '/home/cwc2204/dev_ws/install/learning_interface/share/learning_interface/hook/ld_library_path_lib.dsv'
[0.884s] INFO:colcon.colcon_core.shell:Creating environment hook '/home/cwc2204/dev_ws/install/learning_interface/share/learning_interface/hook/ld_library_path_lib.sh'
[0.884s] Level 1:colcon.colcon_core.environment:checking '/home/cwc2204/dev_ws/install/learning_interface/bin'
[0.884s] Level 1:colcon.colcon_core.environment:checking '/home/cwc2204/dev_ws/install/learning_interface/lib/pkgconfig/learning_interface.pc'
[0.884s] Level 1:colcon.colcon_core.environment:checking '/home/cwc2204/dev_ws/install/learning_interface/lib/python3.10/site-packages'
[0.884s] Level 1:colcon.colcon_core.environment:checking '/home/cwc2204/dev_ws/install/learning_interface/bin'
[0.885s] INFO:colcon.colcon_core.shell:Creating package descriptor '/home/cwc2204/dev_ws/install/learning_interface/share/learning_interface/package.dsv'
[0.885s] INFO:colcon.colcon_core.shell:Creating package script '/home/cwc2204/dev_ws/install/learning_interface/share/learning_interface/package.sh'
[0.885s] Level 1:colcon.colcon_core.environment:create_file_with_runtime_dependencies(/home/cwc2204/dev_ws/install/learning_interface/share/colcon-core/packages/learning_interface)
[0.929s] Level 1:colcon.colcon_core.environment:create_environment_scripts_only(learning_interface)
[0.930s] Level 1:colcon.colcon_core.environment:checking '/home/cwc2204/dev_ws/install/learning_interface' for CMake module files
[0.930s] Level 1:colcon.colcon_core.environment:checking '/home/cwc2204/dev_ws/install/learning_interface' for CMake config files
[0.930s] Level 1:colcon.colcon_core.shell:create_environment_hook('learning_interface', 'cmake_prefix_path')
[0.931s] INFO:colcon.colcon_core.shell:Creating environment descriptor '/home/cwc2204/dev_ws/install/learning_interface/share/learning_interface/hook/cmake_prefix_path.dsv'
[0.931s] INFO:colcon.colcon_core.shell:Creating environment hook '/home/cwc2204/dev_ws/install/learning_interface/share/learning_interface/hook/cmake_prefix_path.sh'
[0.931s] Level 1:colcon.colcon_core.environment:checking '/home/cwc2204/dev_ws/install/learning_interface/lib'
[0.931s] Level 1:colcon.colcon_core.shell:create_environment_hook('learning_interface', 'ld_library_path_lib')
[0.932s] INFO:colcon.colcon_core.shell:Creating environment descriptor '/home/cwc2204/dev_ws/install/learning_interface/share/learning_interface/hook/ld_library_path_lib.dsv'
[0.932s] INFO:colcon.colcon_core.shell:Creating environment hook '/home/cwc2204/dev_ws/install/learning_interface/share/learning_interface/hook/ld_library_path_lib.sh'
[0.932s] Level 1:colcon.colcon_core.environment:checking '/home/cwc2204/dev_ws/install/learning_interface/bin'
[0.932s] Level 1:colcon.colcon_core.environment:checking '/home/cwc2204/dev_ws/install/learning_interface/lib/pkgconfig/learning_interface.pc'
[0.932s] Level 1:colcon.colcon_core.environment:checking '/home/cwc2204/dev_ws/install/learning_interface/lib/python3.10/site-packages'
[0.932s] Level 1:colcon.colcon_core.environment:checking '/home/cwc2204/dev_ws/install/learning_interface/bin'
[0.933s] INFO:colcon.colcon_core.shell:Creating package descriptor '/home/cwc2204/dev_ws/install/learning_interface/share/learning_interface/package.dsv'
[0.933s] INFO:colcon.colcon_core.shell:Creating package script '/home/cwc2204/dev_ws/install/learning_interface/share/learning_interface/package.sh'
[0.933s] Level 1:colcon.colcon_core.environment:create_file_with_runtime_dependencies(/home/cwc2204/dev_ws/install/learning_interface/share/colcon-core/packages/learning_interface)
[0.933s] DEBUG:colcon.colcon_core.executor.sequential:run_until_complete 'learning_interface' finished with '0'
[0.933s] DEBUG:colcon.colcon_core.executor.sequential:run_until_complete 'learning_launch'
[0.933s] INFO:colcon.colcon_ros.task.ament_python.build:Building ROS package in '/home/cwc2204/dev_ws/src/ros2_21_tutorials/learning_launch' with build type 'ament_python'
[0.933s] Level 1:colcon.colcon_core.shell:create_environment_hook('learning_launch', 'ament_prefix_path')
[0.934s] INFO:colcon.colcon_core.shell:Creating environment descriptor '/home/cwc2204/dev_ws/install/learning_launch/share/learning_launch/hook/ament_prefix_path.dsv'
[0.934s] INFO:colcon.colcon_core.shell:Creating environment hook '/home/cwc2204/dev_ws/install/learning_launch/share/learning_launch/hook/ament_prefix_path.sh'
[0.935s] DEBUG:colcon.colcon_core.shell:Skip shell extension 'dsv' for command environment
[1.058s] INFO:colcon.colcon_core.task.python.build:Building Python package in '/home/cwc2204/dev_ws/src/ros2_21_tutorials/learning_launch'
[1.058s] DEBUG:colcon.colcon_core.shell:Skip shell extension 'dsv' for command environment
[1.220s] DEBUG:colcon.colcon_core.event_handler.log_command:Invoking command in '/home/cwc2204/dev_ws/src/ros2_21_tutorials/learning_launch': PYTHONPATH=/home/cwc2204/dev_ws/build/learning_launch/prefix_override:/home/cwc2204/dev_ws/install/learning_launch/lib/python3.10/site-packages:${PYTHONPATH} /usr/bin/python3 setup.py egg_info --egg-base ../../../build/learning_launch build --build-base /home/cwc2204/dev_ws/build/learning_launch/build install --record /home/cwc2204/dev_ws/build/learning_launch/install.log --single-version-externally-managed
[1.358s] Level 1:colcon.colcon_core.environment:checking '/home/cwc2204/dev_ws/install/learning_launch' for CMake module files
[1.358s] DEBUG:colcon.colcon_core.event_handler.log_command:Invoked command in '/home/cwc2204/dev_ws/src/ros2_21_tutorials/learning_launch' returned '0': PYTHONPATH=/home/cwc2204/dev_ws/build/learning_launch/prefix_override:/home/cwc2204/dev_ws/install/learning_launch/lib/python3.10/site-packages:${PYTHONPATH} /usr/bin/python3 setup.py egg_info --egg-base ../../../build/learning_launch build --build-base /home/cwc2204/dev_ws/build/learning_launch/build install --record /home/cwc2204/dev_ws/build/learning_launch/install.log --single-version-externally-managed
[1.358s] Level 1:colcon.colcon_core.environment:checking '/home/cwc2204/dev_ws/install/learning_launch' for CMake config files
[1.358s] Level 1:colcon.colcon_core.environment:checking '/home/cwc2204/dev_ws/install/learning_launch/lib'
[1.358s] Level 1:colcon.colcon_core.environment:checking '/home/cwc2204/dev_ws/install/learning_launch/bin'
[1.358s] Level 1:colcon.colcon_core.environment:checking '/home/cwc2204/dev_ws/install/learning_launch/lib/pkgconfig/learning_launch.pc'
[1.359s] Level 1:colcon.colcon_core.environment:checking '/home/cwc2204/dev_ws/install/learning_launch/lib/python3.10/site-packages'
[1.359s] Level 1:colcon.colcon_core.shell:create_environment_hook('learning_launch', 'pythonpath')
[1.359s] INFO:colcon.colcon_core.shell:Creating environment descriptor '/home/cwc2204/dev_ws/install/learning_launch/share/learning_launch/hook/pythonpath.dsv'
[1.359s] INFO:colcon.colcon_core.shell:Creating environment hook '/home/cwc2204/dev_ws/install/learning_launch/share/learning_launch/hook/pythonpath.sh'
[1.360s] Level 1:colcon.colcon_core.environment:checking '/home/cwc2204/dev_ws/install/learning_launch/bin'
[1.360s] Level 1:colcon.colcon_core.environment:create_environment_scripts_only(learning_launch)
[1.360s] INFO:colcon.colcon_core.shell:Creating package descriptor '/home/cwc2204/dev_ws/install/learning_launch/share/learning_launch/package.dsv'
[1.360s] INFO:colcon.colcon_core.shell:Creating package script '/home/cwc2204/dev_ws/install/learning_launch/share/learning_launch/package.sh'
[1.360s] Level 1:colcon.colcon_core.environment:create_file_with_runtime_dependencies(/home/cwc2204/dev_ws/install/learning_launch/share/colcon-core/packages/learning_launch)
[1.360s] DEBUG:colcon.colcon_core.executor.sequential:run_until_complete 'learning_launch' finished with '0'
[1.361s] DEBUG:colcon.colcon_core.executor.sequential:run_until_complete 'learning_node'
[1.361s] INFO:colcon.colcon_ros.task.ament_python.build:Building ROS package in '/home/cwc2204/dev_ws/src/ros2_21_tutorials/learning_node' with build type 'ament_python'
[1.361s] Level 1:colcon.colcon_core.shell:create_environment_hook('learning_node', 'ament_prefix_path')
[1.361s] INFO:colcon.colcon_core.shell:Creating environment descriptor '/home/cwc2204/dev_ws/install/learning_node/share/learning_node/hook/ament_prefix_path.dsv'
[1.361s] INFO:colcon.colcon_core.shell:Creating environment hook '/home/cwc2204/dev_ws/install/learning_node/share/learning_node/hook/ament_prefix_path.sh'
[1.362s] DEBUG:colcon.colcon_core.shell:Skip shell extension 'dsv' for command environment
[1.489s] INFO:colcon.colcon_core.task.python.build:Building Python package in '/home/cwc2204/dev_ws/src/ros2_21_tutorials/learning_node'
[1.489s] DEBUG:colcon.colcon_core.shell:Skip shell extension 'dsv' for command environment
[1.653s] DEBUG:colcon.colcon_core.event_handler.log_command:Invoking command in '/home/cwc2204/dev_ws/src/ros2_21_tutorials/learning_node': PYTHONPATH=/home/cwc2204/dev_ws/build/learning_node/prefix_override:/home/cwc2204/dev_ws/install/learning_node/lib/python3.10/site-packages:${PYTHONPATH} /usr/bin/python3 setup.py egg_info --egg-base ../../../build/learning_node build --build-base /home/cwc2204/dev_ws/build/learning_node/build install --record /home/cwc2204/dev_ws/build/learning_node/install.log --single-version-externally-managed
[1.793s] Level 1:colcon.colcon_core.environment:checking '/home/cwc2204/dev_ws/install/learning_node' for CMake module files
[1.793s] DEBUG:colcon.colcon_core.event_handler.log_command:Invoked command in '/home/cwc2204/dev_ws/src/ros2_21_tutorials/learning_node' returned '0': PYTHONPATH=/home/cwc2204/dev_ws/build/learning_node/prefix_override:/home/cwc2204/dev_ws/install/learning_node/lib/python3.10/site-packages:${PYTHONPATH} /usr/bin/python3 setup.py egg_info --egg-base ../../../build/learning_node build --build-base /home/cwc2204/dev_ws/build/learning_node/build install --record /home/cwc2204/dev_ws/build/learning_node/install.log --single-version-externally-managed
[1.794s] Level 1:colcon.colcon_core.environment:checking '/home/cwc2204/dev_ws/install/learning_node' for CMake config files
[1.794s] Level 1:colcon.colcon_core.environment:checking '/home/cwc2204/dev_ws/install/learning_node/lib'
[1.794s] Level 1:colcon.colcon_core.environment:checking '/home/cwc2204/dev_ws/install/learning_node/bin'
[1.794s] Level 1:colcon.colcon_core.environment:checking '/home/cwc2204/dev_ws/install/learning_node/lib/pkgconfig/learning_node.pc'
[1.794s] Level 1:colcon.colcon_core.environment:checking '/home/cwc2204/dev_ws/install/learning_node/lib/python3.10/site-packages'
[1.794s] Level 1:colcon.colcon_core.shell:create_environment_hook('learning_node', 'pythonpath')
[1.794s] INFO:colcon.colcon_core.shell:Creating environment descriptor '/home/cwc2204/dev_ws/install/learning_node/share/learning_node/hook/pythonpath.dsv'
[1.795s] INFO:colcon.colcon_core.shell:Creating environment hook '/home/cwc2204/dev_ws/install/learning_node/share/learning_node/hook/pythonpath.sh'
[1.795s] Level 1:colcon.colcon_core.environment:checking '/home/cwc2204/dev_ws/install/learning_node/bin'
[1.795s] Level 1:colcon.colcon_core.environment:create_environment_scripts_only(learning_node)
[1.795s] INFO:colcon.colcon_core.shell:Creating package descriptor '/home/cwc2204/dev_ws/install/learning_node/share/learning_node/package.dsv'
[1.796s] INFO:colcon.colcon_core.shell:Creating package script '/home/cwc2204/dev_ws/install/learning_node/share/learning_node/package.sh'
[1.796s] Level 1:colcon.colcon_core.environment:create_file_with_runtime_dependencies(/home/cwc2204/dev_ws/install/learning_node/share/colcon-core/packages/learning_node)
[1.796s] DEBUG:colcon.colcon_core.executor.sequential:run_until_complete 'learning_node' finished with '0'
[1.796s] DEBUG:colcon.colcon_core.executor.sequential:run_until_complete 'learning_parameter'
[1.796s] INFO:colcon.colcon_ros.task.ament_python.build:Building ROS package in '/home/cwc2204/dev_ws/src/ros2_21_tutorials/learning_parameter' with build type 'ament_python'
[1.796s] Level 1:colcon.colcon_core.shell:create_environment_hook('learning_parameter', 'ament_prefix_path')
[1.796s] INFO:colcon.colcon_core.shell:Creating environment descriptor '/home/cwc2204/dev_ws/install/learning_parameter/share/learning_parameter/hook/ament_prefix_path.dsv'
[1.797s] INFO:colcon.colcon_core.shell:Creating environment hook '/home/cwc2204/dev_ws/install/learning_parameter/share/learning_parameter/hook/ament_prefix_path.sh'
[1.797s] DEBUG:colcon.colcon_core.shell:Skip shell extension 'dsv' for command environment
[1.921s] INFO:colcon.colcon_core.task.python.build:Building Python package in '/home/cwc2204/dev_ws/src/ros2_21_tutorials/learning_parameter'
[1.922s] DEBUG:colcon.colcon_core.shell:Skip shell extension 'dsv' for command environment
[2.083s] DEBUG:colcon.colcon_core.event_handler.log_command:Invoking command in '/home/cwc2204/dev_ws/src/ros2_21_tutorials/learning_parameter': PYTHONPATH=/home/cwc2204/dev_ws/build/learning_parameter/prefix_override:/home/cwc2204/dev_ws/install/learning_parameter/lib/python3.10/site-packages:${PYTHONPATH} /usr/bin/python3 setup.py egg_info --egg-base ../../../build/learning_parameter build --build-base /home/cwc2204/dev_ws/build/learning_parameter/build install --record /home/cwc2204/dev_ws/build/learning_parameter/install.log --single-version-externally-managed
[2.224s] Level 1:colcon.colcon_core.environment:checking '/home/cwc2204/dev_ws/install/learning_parameter' for CMake module files
[2.225s] DEBUG:colcon.colcon_core.event_handler.log_command:Invoked command in '/home/cwc2204/dev_ws/src/ros2_21_tutorials/learning_parameter' returned '0': PYTHONPATH=/home/cwc2204/dev_ws/build/learning_parameter/prefix_override:/home/cwc2204/dev_ws/install/learning_parameter/lib/python3.10/site-packages:${PYTHONPATH} /usr/bin/python3 setup.py egg_info --egg-base ../../../build/learning_parameter build --build-base /home/cwc2204/dev_ws/build/learning_parameter/build install --record /home/cwc2204/dev_ws/build/learning_parameter/install.log --single-version-externally-managed
[2.225s] Level 1:colcon.colcon_core.environment:checking '/home/cwc2204/dev_ws/install/learning_parameter' for CMake config files
[2.225s] Level 1:colcon.colcon_core.environment:checking '/home/cwc2204/dev_ws/install/learning_parameter/lib'
[2.225s] Level 1:colcon.colcon_core.environment:checking '/home/cwc2204/dev_ws/install/learning_parameter/bin'
[2.225s] Level 1:colcon.colcon_core.environment:checking '/home/cwc2204/dev_ws/install/learning_parameter/lib/pkgconfig/learning_parameter.pc'
[2.226s] Level 1:colcon.colcon_core.environment:checking '/home/cwc2204/dev_ws/install/learning_parameter/lib/python3.10/site-packages'
[2.226s] Level 1:colcon.colcon_core.shell:create_environment_hook('learning_parameter', 'pythonpath')
[2.226s] INFO:colcon.colcon_core.shell:Creating environment descriptor '/home/cwc2204/dev_ws/install/learning_parameter/share/learning_parameter/hook/pythonpath.dsv'
[2.226s] INFO:colcon.colcon_core.shell:Creating environment hook '/home/cwc2204/dev_ws/install/learning_parameter/share/learning_parameter/hook/pythonpath.sh'
[2.226s] Level 1:colcon.colcon_core.environment:checking '/home/cwc2204/dev_ws/install/learning_parameter/bin'
[2.226s] Level 1:colcon.colcon_core.environment:create_environment_scripts_only(learning_parameter)
[2.227s] INFO:colcon.colcon_core.shell:Creating package descriptor '/home/cwc2204/dev_ws/install/learning_parameter/share/learning_parameter/package.dsv'
[2.227s] INFO:colcon.colcon_core.shell:Creating package script '/home/cwc2204/dev_ws/install/learning_parameter/share/learning_parameter/package.sh'
[2.227s] Level 1:colcon.colcon_core.environment:create_file_with_runtime_dependencies(/home/cwc2204/dev_ws/install/learning_parameter/share/colcon-core/packages/learning_parameter)
[2.227s] DEBUG:colcon.colcon_core.executor.sequential:run_until_complete 'learning_parameter' finished with '0'
[2.227s] DEBUG:colcon.colcon_core.executor.sequential:run_until_complete 'learning_pkg_c'
[2.227s] INFO:colcon.colcon_ros.task.ament_cmake.build:Building ROS package in '/home/cwc2204/dev_ws/src/ros2_21_tutorials/learning_pkg_c' with build type 'ament_cmake'
[2.227s] INFO:colcon.colcon_cmake.task.cmake.build:Building CMake package in '/home/cwc2204/dev_ws/src/ros2_21_tutorials/learning_pkg_c'
[2.228s] DEBUG:colcon.colcon_core.shell:Skip shell extension 'dsv' for command environment
[2.232s] DEBUG:colcon.colcon_core.event_handler.log_command:Invoking command in '/home/cwc2204/dev_ws/build/learning_pkg_c': CMAKE_PREFIX_PATH=${CMAKE_PREFIX_PATH}:/home/cwc2204/dev_ws/install/learning_urdf:/home/cwc2204/dev_ws/install/learning_topic:/home/cwc2204/dev_ws/install/learning_tf:/home/cwc2204/dev_ws/install/learning_service:/home/cwc2204/dev_ws/install/learning_qos:/home/cwc2204/dev_ws/install/learning_pkg_python:/home/cwc2204/dev_ws/install/learning_parameter:/home/cwc2204/dev_ws/install/learning_node:/home/cwc2204/dev_ws/install/learning_launch:/home/cwc2204/dev_ws/install/learning_action:/home/cwc2204/dev_ws/install/learning_gazebo:/opt/ros/humble /usr/bin/cmake --build /home/cwc2204/dev_ws/build/learning_pkg_c -- -j20 -l20
[2.253s] DEBUG:colcon.colcon_core.event_handler.log_command:Invoked command in '/home/cwc2204/dev_ws/build/learning_pkg_c' returned '0': CMAKE_PREFIX_PATH=${CMAKE_PREFIX_PATH}:/home/cwc2204/dev_ws/install/learning_urdf:/home/cwc2204/dev_ws/install/learning_topic:/home/cwc2204/dev_ws/install/learning_tf:/home/cwc2204/dev_ws/install/learning_service:/home/cwc2204/dev_ws/install/learning_qos:/home/cwc2204/dev_ws/install/learning_pkg_python:/home/cwc2204/dev_ws/install/learning_parameter:/home/cwc2204/dev_ws/install/learning_node:/home/cwc2204/dev_ws/install/learning_launch:/home/cwc2204/dev_ws/install/learning_action:/home/cwc2204/dev_ws/install/learning_gazebo:/opt/ros/humble /usr/bin/cmake --build /home/cwc2204/dev_ws/build/learning_pkg_c -- -j20 -l20
[2.285s] DEBUG:colcon.colcon_core.event_handler.log_command:Invoking command in '/home/cwc2204/dev_ws/build/learning_pkg_c': CMAKE_PREFIX_PATH=${CMAKE_PREFIX_PATH}:/home/cwc2204/dev_ws/install/learning_urdf:/home/cwc2204/dev_ws/install/learning_topic:/home/cwc2204/dev_ws/install/learning_tf:/home/cwc2204/dev_ws/install/learning_service:/home/cwc2204/dev_ws/install/learning_qos:/home/cwc2204/dev_ws/install/learning_pkg_python:/home/cwc2204/dev_ws/install/learning_parameter:/home/cwc2204/dev_ws/install/learning_node:/home/cwc2204/dev_ws/install/learning_launch:/home/cwc2204/dev_ws/install/learning_action:/home/cwc2204/dev_ws/install/learning_gazebo:/opt/ros/humble /usr/bin/cmake --install /home/cwc2204/dev_ws/build/learning_pkg_c
[2.301s] Level 1:colcon.colcon_core.environment:create_environment_scripts_only(learning_pkg_c)
[2.301s] DEBUG:colcon.colcon_core.event_handler.log_command:Invoked command in '/home/cwc2204/dev_ws/build/learning_pkg_c' returned '0': CMAKE_PREFIX_PATH=${CMAKE_PREFIX_PATH}:/home/cwc2204/dev_ws/install/learning_urdf:/home/cwc2204/dev_ws/install/learning_topic:/home/cwc2204/dev_ws/install/learning_tf:/home/cwc2204/dev_ws/install/learning_service:/home/cwc2204/dev_ws/install/learning_qos:/home/cwc2204/dev_ws/install/learning_pkg_python:/home/cwc2204/dev_ws/install/learning_parameter:/home/cwc2204/dev_ws/install/learning_node:/home/cwc2204/dev_ws/install/learning_launch:/home/cwc2204/dev_ws/install/learning_action:/home/cwc2204/dev_ws/install/learning_gazebo:/opt/ros/humble /usr/bin/cmake --install /home/cwc2204/dev_ws/build/learning_pkg_c
[2.303s] Level 1:colcon.colcon_core.environment:checking '/home/cwc2204/dev_ws/install/learning_pkg_c' for CMake module files
[2.303s] Level 1:colcon.colcon_core.environment:checking '/home/cwc2204/dev_ws/install/learning_pkg_c' for CMake config files
[2.303s] Level 1:colcon.colcon_core.shell:create_environment_hook('learning_pkg_c', 'cmake_prefix_path')
[2.304s] INFO:colcon.colcon_core.shell:Creating environment descriptor '/home/cwc2204/dev_ws/install/learning_pkg_c/share/learning_pkg_c/hook/cmake_prefix_path.dsv'
[2.304s] INFO:colcon.colcon_core.shell:Creating environment hook '/home/cwc2204/dev_ws/install/learning_pkg_c/share/learning_pkg_c/hook/cmake_prefix_path.sh'
[2.304s] Level 1:colcon.colcon_core.environment:checking '/home/cwc2204/dev_ws/install/learning_pkg_c/bin'
[2.304s] Level 1:colcon.colcon_core.environment:checking '/home/cwc2204/dev_ws/install/learning_pkg_c/lib/pkgconfig/learning_pkg_c.pc'
[2.305s] Level 1:colcon.colcon_core.environment:checking '/home/cwc2204/dev_ws/install/learning_pkg_c/lib/python3.10/site-packages'
[2.305s] Level 1:colcon.colcon_core.environment:checking '/home/cwc2204/dev_ws/install/learning_pkg_c/bin'
[2.305s] INFO:colcon.colcon_core.shell:Creating package descriptor '/home/cwc2204/dev_ws/install/learning_pkg_c/share/learning_pkg_c/package.dsv'
[2.305s] INFO:colcon.colcon_core.shell:Creating package script '/home/cwc2204/dev_ws/install/learning_pkg_c/share/learning_pkg_c/package.sh'
[2.306s] Level 1:colcon.colcon_core.environment:create_file_with_runtime_dependencies(/home/cwc2204/dev_ws/install/learning_pkg_c/share/colcon-core/packages/learning_pkg_c)
[2.323s] Level 1:colcon.colcon_core.environment:create_environment_scripts_only(learning_pkg_c)
[2.326s] Level 1:colcon.colcon_core.environment:checking '/home/cwc2204/dev_ws/install/learning_pkg_c' for CMake module files
[2.327s] Level 1:colcon.colcon_core.environment:checking '/home/cwc2204/dev_ws/install/learning_pkg_c' for CMake config files
[2.327s] Level 1:colcon.colcon_core.shell:create_environment_hook('learning_pkg_c', 'cmake_prefix_path')
[2.328s] INFO:colcon.colcon_core.shell:Creating environment descriptor '/home/cwc2204/dev_ws/install/learning_pkg_c/share/learning_pkg_c/hook/cmake_prefix_path.dsv'
[2.329s] INFO:colcon.colcon_core.shell:Creating environment hook '/home/cwc2204/dev_ws/install/learning_pkg_c/share/learning_pkg_c/hook/cmake_prefix_path.sh'
[2.329s] Level 1:colcon.colcon_core.environment:checking '/home/cwc2204/dev_ws/install/learning_pkg_c/bin'
[2.330s] Level 1:colcon.colcon_core.environment:checking '/home/cwc2204/dev_ws/install/learning_pkg_c/lib/pkgconfig/learning_pkg_c.pc'
[2.330s] Level 1:colcon.colcon_core.environment:checking '/home/cwc2204/dev_ws/install/learning_pkg_c/lib/python3.10/site-packages'
[2.330s] Level 1:colcon.colcon_core.environment:checking '/home/cwc2204/dev_ws/install/learning_pkg_c/bin'
[2.332s] INFO:colcon.colcon_core.shell:Creating package descriptor '/home/cwc2204/dev_ws/install/learning_pkg_c/share/learning_pkg_c/package.dsv'
[2.332s] INFO:colcon.colcon_core.shell:Creating package script '/home/cwc2204/dev_ws/install/learning_pkg_c/share/learning_pkg_c/package.sh'
[2.333s] Level 1:colcon.colcon_core.environment:create_file_with_runtime_dependencies(/home/cwc2204/dev_ws/install/learning_pkg_c/share/colcon-core/packages/learning_pkg_c)
[2.333s] DEBUG:colcon.colcon_core.executor.sequential:run_until_complete 'learning_pkg_c' finished with '0'
[2.333s] DEBUG:colcon.colcon_core.executor.sequential:run_until_complete 'learning_pkg_python'
[2.333s] INFO:colcon.colcon_ros.task.ament_python.build:Building ROS package in '/home/cwc2204/dev_ws/src/ros2_21_tutorials/learning_pkg_python' with build type 'ament_python'
[2.333s] Level 1:colcon.colcon_core.shell:create_environment_hook('learning_pkg_python', 'ament_prefix_path')
[2.334s] INFO:colcon.colcon_core.shell:Creating environment descriptor '/home/cwc2204/dev_ws/install/learning_pkg_python/share/learning_pkg_python/hook/ament_prefix_path.dsv'
[2.335s] INFO:colcon.colcon_core.shell:Creating environment hook '/home/cwc2204/dev_ws/install/learning_pkg_python/share/learning_pkg_python/hook/ament_prefix_path.sh'
[2.336s] DEBUG:colcon.colcon_core.shell:Skip shell extension 'dsv' for command environment
[2.469s] INFO:colcon.colcon_core.task.python.build:Building Python package in '/home/cwc2204/dev_ws/src/ros2_21_tutorials/learning_pkg_python'
[2.470s] DEBUG:colcon.colcon_core.shell:Skip shell extension 'dsv' for command environment
[2.634s] DEBUG:colcon.colcon_core.event_handler.log_command:Invoking command in '/home/cwc2204/dev_ws/src/ros2_21_tutorials/learning_pkg_python': PYTHONPATH=/home/cwc2204/dev_ws/build/learning_pkg_python/prefix_override:/home/cwc2204/dev_ws/install/learning_pkg_python/lib/python3.10/site-packages:${PYTHONPATH} /usr/bin/python3 setup.py egg_info --egg-base ../../../build/learning_pkg_python build --build-base /home/cwc2204/dev_ws/build/learning_pkg_python/build install --record /home/cwc2204/dev_ws/build/learning_pkg_python/install.log --single-version-externally-managed
[2.780s] Level 1:colcon.colcon_core.environment:checking '/home/cwc2204/dev_ws/install/learning_pkg_python' for CMake module files
[2.780s] DEBUG:colcon.colcon_core.event_handler.log_command:Invoked command in '/home/cwc2204/dev_ws/src/ros2_21_tutorials/learning_pkg_python' returned '0': PYTHONPATH=/home/cwc2204/dev_ws/build/learning_pkg_python/prefix_override:/home/cwc2204/dev_ws/install/learning_pkg_python/lib/python3.10/site-packages:${PYTHONPATH} /usr/bin/python3 setup.py egg_info --egg-base ../../../build/learning_pkg_python build --build-base /home/cwc2204/dev_ws/build/learning_pkg_python/build install --record /home/cwc2204/dev_ws/build/learning_pkg_python/install.log --single-version-externally-managed
[2.780s] Level 1:colcon.colcon_core.environment:checking '/home/cwc2204/dev_ws/install/learning_pkg_python' for CMake config files
[2.780s] Level 1:colcon.colcon_core.environment:checking '/home/cwc2204/dev_ws/install/learning_pkg_python/lib'
[2.780s] Level 1:colcon.colcon_core.environment:checking '/home/cwc2204/dev_ws/install/learning_pkg_python/bin'
[2.780s] Level 1:colcon.colcon_core.environment:checking '/home/cwc2204/dev_ws/install/learning_pkg_python/lib/pkgconfig/learning_pkg_python.pc'
[2.780s] Level 1:colcon.colcon_core.environment:checking '/home/cwc2204/dev_ws/install/learning_pkg_python/lib/python3.10/site-packages'
[2.780s] Level 1:colcon.colcon_core.shell:create_environment_hook('learning_pkg_python', 'pythonpath')
[2.781s] INFO:colcon.colcon_core.shell:Creating environment descriptor '/home/cwc2204/dev_ws/install/learning_pkg_python/share/learning_pkg_python/hook/pythonpath.dsv'
[2.781s] INFO:colcon.colcon_core.shell:Creating environment hook '/home/cwc2204/dev_ws/install/learning_pkg_python/share/learning_pkg_python/hook/pythonpath.sh'
[2.781s] Level 1:colcon.colcon_core.environment:checking '/home/cwc2204/dev_ws/install/learning_pkg_python/bin'
[2.781s] Level 1:colcon.colcon_core.environment:create_environment_scripts_only(learning_pkg_python)
[2.782s] INFO:colcon.colcon_core.shell:Creating package descriptor '/home/cwc2204/dev_ws/install/learning_pkg_python/share/learning_pkg_python/package.dsv'
[2.782s] INFO:colcon.colcon_core.shell:Creating package script '/home/cwc2204/dev_ws/install/learning_pkg_python/share/learning_pkg_python/package.sh'
[2.782s] Level 1:colcon.colcon_core.environment:create_file_with_runtime_dependencies(/home/cwc2204/dev_ws/install/learning_pkg_python/share/colcon-core/packages/learning_pkg_python)
[2.782s] DEBUG:colcon.colcon_core.executor.sequential:run_until_complete 'learning_pkg_python' finished with '0'
[2.782s] DEBUG:colcon.colcon_core.executor.sequential:run_until_complete 'learning_qos'
[2.782s] INFO:colcon.colcon_ros.task.ament_python.build:Building ROS package in '/home/cwc2204/dev_ws/src/ros2_21_tutorials/learning_qos' with build type 'ament_python'
[2.782s] Level 1:colcon.colcon_core.shell:create_environment_hook('learning_qos', 'ament_prefix_path')
[2.783s] INFO:colcon.colcon_core.shell:Creating environment descriptor '/home/cwc2204/dev_ws/install/learning_qos/share/learning_qos/hook/ament_prefix_path.dsv'
[2.783s] INFO:colcon.colcon_core.shell:Creating environment hook '/home/cwc2204/dev_ws/install/learning_qos/share/learning_qos/hook/ament_prefix_path.sh'
[2.784s] DEBUG:colcon.colcon_core.shell:Skip shell extension 'dsv' for command environment
[2.907s] INFO:colcon.colcon_core.task.python.build:Building Python package in '/home/cwc2204/dev_ws/src/ros2_21_tutorials/learning_qos'
[2.907s] DEBUG:colcon.colcon_core.shell:Skip shell extension 'dsv' for command environment
[3.069s] DEBUG:colcon.colcon_core.event_handler.log_command:Invoking command in '/home/cwc2204/dev_ws/src/ros2_21_tutorials/learning_qos': PYTHONPATH=/home/cwc2204/dev_ws/build/learning_qos/prefix_override:/home/cwc2204/dev_ws/install/learning_qos/lib/python3.10/site-packages:${PYTHONPATH} /usr/bin/python3 setup.py egg_info --egg-base ../../../build/learning_qos build --build-base /home/cwc2204/dev_ws/build/learning_qos/build install --record /home/cwc2204/dev_ws/build/learning_qos/install.log --single-version-externally-managed
[3.210s] Level 1:colcon.colcon_core.environment:checking '/home/cwc2204/dev_ws/install/learning_qos' for CMake module files
[3.211s] DEBUG:colcon.colcon_core.event_handler.log_command:Invoked command in '/home/cwc2204/dev_ws/src/ros2_21_tutorials/learning_qos' returned '0': PYTHONPATH=/home/cwc2204/dev_ws/build/learning_qos/prefix_override:/home/cwc2204/dev_ws/install/learning_qos/lib/python3.10/site-packages:${PYTHONPATH} /usr/bin/python3 setup.py egg_info --egg-base ../../../build/learning_qos build --build-base /home/cwc2204/dev_ws/build/learning_qos/build install --record /home/cwc2204/dev_ws/build/learning_qos/install.log --single-version-externally-managed
[3.211s] Level 1:colcon.colcon_core.environment:checking '/home/cwc2204/dev_ws/install/learning_qos' for CMake config files
[3.211s] Level 1:colcon.colcon_core.environment:checking '/home/cwc2204/dev_ws/install/learning_qos/lib'
[3.212s] Level 1:colcon.colcon_core.environment:checking '/home/cwc2204/dev_ws/install/learning_qos/bin'
[3.212s] Level 1:colcon.colcon_core.environment:checking '/home/cwc2204/dev_ws/install/learning_qos/lib/pkgconfig/learning_qos.pc'
[3.212s] Level 1:colcon.colcon_core.environment:checking '/home/cwc2204/dev_ws/install/learning_qos/lib/python3.10/site-packages'
[3.212s] Level 1:colcon.colcon_core.shell:create_environment_hook('learning_qos', 'pythonpath')
[3.212s] INFO:colcon.colcon_core.shell:Creating environment descriptor '/home/cwc2204/dev_ws/install/learning_qos/share/learning_qos/hook/pythonpath.dsv'
[3.212s] INFO:colcon.colcon_core.shell:Creating environment hook '/home/cwc2204/dev_ws/install/learning_qos/share/learning_qos/hook/pythonpath.sh'
[3.213s] Level 1:colcon.colcon_core.environment:checking '/home/cwc2204/dev_ws/install/learning_qos/bin'
[3.213s] Level 1:colcon.colcon_core.environment:create_environment_scripts_only(learning_qos)
[3.213s] INFO:colcon.colcon_core.shell:Creating package descriptor '/home/cwc2204/dev_ws/install/learning_qos/share/learning_qos/package.dsv'
[3.213s] INFO:colcon.colcon_core.shell:Creating package script '/home/cwc2204/dev_ws/install/learning_qos/share/learning_qos/package.sh'
[3.214s] Level 1:colcon.colcon_core.environment:create_file_with_runtime_dependencies(/home/cwc2204/dev_ws/install/learning_qos/share/colcon-core/packages/learning_qos)
[3.214s] DEBUG:colcon.colcon_core.executor.sequential:run_until_complete 'learning_qos' finished with '0'
[3.214s] DEBUG:colcon.colcon_core.executor.sequential:run_until_complete 'learning_tf'
[3.214s] INFO:colcon.colcon_ros.task.ament_python.build:Building ROS package in '/home/cwc2204/dev_ws/src/ros2_21_tutorials/learning_tf' with build type 'ament_python'
[3.214s] Level 1:colcon.colcon_core.shell:create_environment_hook('learning_tf', 'ament_prefix_path')
[3.214s] INFO:colcon.colcon_core.shell:Creating environment descriptor '/home/cwc2204/dev_ws/install/learning_tf/share/learning_tf/hook/ament_prefix_path.dsv'
[3.214s] INFO:colcon.colcon_core.shell:Creating environment hook '/home/cwc2204/dev_ws/install/learning_tf/share/learning_tf/hook/ament_prefix_path.sh'
[3.215s] DEBUG:colcon.colcon_core.shell:Skip shell extension 'dsv' for command environment
[3.343s] INFO:colcon.colcon_core.task.python.build:Building Python package in '/home/cwc2204/dev_ws/src/ros2_21_tutorials/learning_tf'
[3.344s] DEBUG:colcon.colcon_core.shell:Skip shell extension 'dsv' for command environment
[3.502s] DEBUG:colcon.colcon_core.event_handler.log_command:Invoking command in '/home/cwc2204/dev_ws/src/ros2_21_tutorials/learning_tf': PYTHONPATH=/home/cwc2204/dev_ws/build/learning_tf/prefix_override:/home/cwc2204/dev_ws/install/learning_tf/lib/python3.10/site-packages:${PYTHONPATH} /usr/bin/python3 setup.py egg_info --egg-base ../../../build/learning_tf build --build-base /home/cwc2204/dev_ws/build/learning_tf/build install --record /home/cwc2204/dev_ws/build/learning_tf/install.log --single-version-externally-managed
[3.640s] Level 1:colcon.colcon_core.environment:checking '/home/cwc2204/dev_ws/install/learning_tf' for CMake module files
[3.641s] DEBUG:colcon.colcon_core.event_handler.log_command:Invoked command in '/home/cwc2204/dev_ws/src/ros2_21_tutorials/learning_tf' returned '0': PYTHONPATH=/home/cwc2204/dev_ws/build/learning_tf/prefix_override:/home/cwc2204/dev_ws/install/learning_tf/lib/python3.10/site-packages:${PYTHONPATH} /usr/bin/python3 setup.py egg_info --egg-base ../../../build/learning_tf build --build-base /home/cwc2204/dev_ws/build/learning_tf/build install --record /home/cwc2204/dev_ws/build/learning_tf/install.log --single-version-externally-managed
[3.641s] Level 1:colcon.colcon_core.environment:checking '/home/cwc2204/dev_ws/install/learning_tf' for CMake config files
[3.641s] Level 1:colcon.colcon_core.environment:checking '/home/cwc2204/dev_ws/install/learning_tf/lib'
[3.641s] Level 1:colcon.colcon_core.environment:checking '/home/cwc2204/dev_ws/install/learning_tf/bin'
[3.641s] Level 1:colcon.colcon_core.environment:checking '/home/cwc2204/dev_ws/install/learning_tf/lib/pkgconfig/learning_tf.pc'
[3.641s] Level 1:colcon.colcon_core.environment:checking '/home/cwc2204/dev_ws/install/learning_tf/lib/python3.10/site-packages'
[3.641s] Level 1:colcon.colcon_core.shell:create_environment_hook('learning_tf', 'pythonpath')
[3.642s] INFO:colcon.colcon_core.shell:Creating environment descriptor '/home/cwc2204/dev_ws/install/learning_tf/share/learning_tf/hook/pythonpath.dsv'
[3.642s] INFO:colcon.colcon_core.shell:Creating environment hook '/home/cwc2204/dev_ws/install/learning_tf/share/learning_tf/hook/pythonpath.sh'
[3.642s] Level 1:colcon.colcon_core.environment:checking '/home/cwc2204/dev_ws/install/learning_tf/bin'
[3.642s] Level 1:colcon.colcon_core.environment:create_environment_scripts_only(learning_tf)
[3.643s] INFO:colcon.colcon_core.shell:Creating package descriptor '/home/cwc2204/dev_ws/install/learning_tf/share/learning_tf/package.dsv'
[3.643s] INFO:colcon.colcon_core.shell:Creating package script '/home/cwc2204/dev_ws/install/learning_tf/share/learning_tf/package.sh'
[3.643s] Level 1:colcon.colcon_core.environment:create_file_with_runtime_dependencies(/home/cwc2204/dev_ws/install/learning_tf/share/colcon-core/packages/learning_tf)
[3.643s] DEBUG:colcon.colcon_core.executor.sequential:run_until_complete 'learning_tf' finished with '0'
[3.643s] DEBUG:colcon.colcon_core.executor.sequential:run_until_complete 'learning_urdf'
[3.643s] INFO:colcon.colcon_ros.task.ament_python.build:Building ROS package in '/home/cwc2204/dev_ws/src/ros2_21_tutorials/learning_urdf' with build type 'ament_python'
[3.643s] Level 1:colcon.colcon_core.shell:create_environment_hook('learning_urdf', 'ament_prefix_path')
[3.644s] INFO:colcon.colcon_core.shell:Creating environment descriptor '/home/cwc2204/dev_ws/install/learning_urdf/share/learning_urdf/hook/ament_prefix_path.dsv'
[3.644s] INFO:colcon.colcon_core.shell:Creating environment hook '/home/cwc2204/dev_ws/install/learning_urdf/share/learning_urdf/hook/ament_prefix_path.sh'
[3.644s] DEBUG:colcon.colcon_core.shell:Skip shell extension 'dsv' for command environment
[3.767s] INFO:colcon.colcon_core.task.python.build:Building Python package in '/home/cwc2204/dev_ws/src/ros2_21_tutorials/learning_urdf'
[3.768s] DEBUG:colcon.colcon_core.shell:Skip shell extension 'dsv' for command environment
[3.930s] DEBUG:colcon.colcon_core.event_handler.log_command:Invoking command in '/home/cwc2204/dev_ws/src/ros2_21_tutorials/learning_urdf': PYTHONPATH=/home/cwc2204/dev_ws/build/learning_urdf/prefix_override:/home/cwc2204/dev_ws/install/learning_urdf/lib/python3.10/site-packages:${PYTHONPATH} /usr/bin/python3 setup.py egg_info --egg-base ../../../build/learning_urdf build --build-base /home/cwc2204/dev_ws/build/learning_urdf/build install --record /home/cwc2204/dev_ws/build/learning_urdf/install.log --single-version-externally-managed
[4.072s] Level 1:colcon.colcon_core.environment:checking '/home/cwc2204/dev_ws/install/learning_urdf' for CMake module files
[4.072s] DEBUG:colcon.colcon_core.event_handler.log_command:Invoked command in '/home/cwc2204/dev_ws/src/ros2_21_tutorials/learning_urdf' returned '0': PYTHONPATH=/home/cwc2204/dev_ws/build/learning_urdf/prefix_override:/home/cwc2204/dev_ws/install/learning_urdf/lib/python3.10/site-packages:${PYTHONPATH} /usr/bin/python3 setup.py egg_info --egg-base ../../../build/learning_urdf build --build-base /home/cwc2204/dev_ws/build/learning_urdf/build install --record /home/cwc2204/dev_ws/build/learning_urdf/install.log --single-version-externally-managed
[4.072s] Level 1:colcon.colcon_core.environment:checking '/home/cwc2204/dev_ws/install/learning_urdf' for CMake config files
[4.073s] Level 1:colcon.colcon_core.environment:checking '/home/cwc2204/dev_ws/install/learning_urdf/lib'
[4.073s] Level 1:colcon.colcon_core.environment:checking '/home/cwc2204/dev_ws/install/learning_urdf/bin'
[4.073s] Level 1:colcon.colcon_core.environment:checking '/home/cwc2204/dev_ws/install/learning_urdf/lib/pkgconfig/learning_urdf.pc'
[4.073s] Level 1:colcon.colcon_core.environment:checking '/home/cwc2204/dev_ws/install/learning_urdf/lib/python3.10/site-packages'
[4.073s] Level 1:colcon.colcon_core.shell:create_environment_hook('learning_urdf', 'pythonpath')
[4.073s] INFO:colcon.colcon_core.shell:Creating environment descriptor '/home/cwc2204/dev_ws/install/learning_urdf/share/learning_urdf/hook/pythonpath.dsv'
[4.074s] INFO:colcon.colcon_core.shell:Creating environment hook '/home/cwc2204/dev_ws/install/learning_urdf/share/learning_urdf/hook/pythonpath.sh'
[4.074s] Level 1:colcon.colcon_core.environment:checking '/home/cwc2204/dev_ws/install/learning_urdf/bin'
[4.074s] Level 1:colcon.colcon_core.environment:create_environment_scripts_only(learning_urdf)
[4.074s] INFO:colcon.colcon_core.shell:Creating package descriptor '/home/cwc2204/dev_ws/install/learning_urdf/share/learning_urdf/package.dsv'
[4.075s] INFO:colcon.colcon_core.shell:Creating package script '/home/cwc2204/dev_ws/install/learning_urdf/share/learning_urdf/package.sh'
[4.075s] Level 1:colcon.colcon_core.environment:create_file_with_runtime_dependencies(/home/cwc2204/dev_ws/install/learning_urdf/share/colcon-core/packages/learning_urdf)
[4.075s] DEBUG:colcon.colcon_core.executor.sequential:run_until_complete 'learning_urdf' finished with '0'
[4.075s] DEBUG:colcon.colcon_core.executor.sequential:run_until_complete 'more_interfaces'
[4.075s] INFO:colcon.colcon_ros.task.ament_cmake.build:Building ROS package in '/home/cwc2204/dev_ws/src/more_interfaces' with build type 'ament_cmake'
[4.075s] INFO:colcon.colcon_cmake.task.cmake.build:Building CMake package in '/home/cwc2204/dev_ws/src/more_interfaces'
[4.075s] DEBUG:colcon.colcon_core.shell:Skip shell extension 'dsv' for command environment
[4.079s] DEBUG:colcon.colcon_core.event_handler.log_command:Invoking command in '/home/cwc2204/dev_ws/build/more_interfaces': CMAKE_PREFIX_PATH=${CMAKE_PREFIX_PATH}:/home/cwc2204/dev_ws/install/learning_urdf:/home/cwc2204/dev_ws/install/learning_topic:/home/cwc2204/dev_ws/install/learning_tf:/home/cwc2204/dev_ws/install/learning_service:/home/cwc2204/dev_ws/install/learning_qos:/home/cwc2204/dev_ws/install/learning_pkg_python:/home/cwc2204/dev_ws/install/learning_parameter:/home/cwc2204/dev_ws/install/learning_node:/home/cwc2204/dev_ws/install/learning_launch:/home/cwc2204/dev_ws/install/learning_action:/home/cwc2204/dev_ws/install/learning_gazebo:/opt/ros/humble /usr/bin/cmake /home/cwc2204/dev_ws/src/more_interfaces -DCMAKE_INSTALL_PREFIX=/home/cwc2204/dev_ws/install/more_interfaces
[4.844s] DEBUG:colcon.colcon_core.event_handler.log_command:Invoked command in '/home/cwc2204/dev_ws/build/more_interfaces' returned '1': CMAKE_PREFIX_PATH=${CMAKE_PREFIX_PATH}:/home/cwc2204/dev_ws/install/learning_urdf:/home/cwc2204/dev_ws/install/learning_topic:/home/cwc2204/dev_ws/install/learning_tf:/home/cwc2204/dev_ws/install/learning_service:/home/cwc2204/dev_ws/install/learning_qos:/home/cwc2204/dev_ws/install/learning_pkg_python:/home/cwc2204/dev_ws/install/learning_parameter:/home/cwc2204/dev_ws/install/learning_node:/home/cwc2204/dev_ws/install/learning_launch:/home/cwc2204/dev_ws/install/learning_action:/home/cwc2204/dev_ws/install/learning_gazebo:/opt/ros/humble /usr/bin/cmake /home/cwc2204/dev_ws/src/more_interfaces -DCMAKE_INSTALL_PREFIX=/home/cwc2204/dev_ws/install/more_interfaces
[4.849s] Level 1:colcon.colcon_core.environment:create_environment_scripts_only(more_interfaces)
[4.850s] Level 1:colcon.colcon_core.environment:checking '/home/cwc2204/dev_ws/install/more_interfaces' for CMake module files
[4.850s] Level 1:colcon.colcon_core.environment:checking '/home/cwc2204/dev_ws/install/more_interfaces' for CMake config files
[4.851s] Level 1:colcon.colcon_core.environment:checking '/home/cwc2204/dev_ws/install/more_interfaces/bin'
[4.851s] Level 1:colcon.colcon_core.environment:checking '/home/cwc2204/dev_ws/install/more_interfaces/lib/pkgconfig/more_interfaces.pc'
[4.851s] Level 1:colcon.colcon_core.environment:checking '/home/cwc2204/dev_ws/install/more_interfaces/lib/python3.10/site-packages'
[4.851s] Level 1:colcon.colcon_core.environment:checking '/home/cwc2204/dev_ws/install/more_interfaces/bin'
[4.851s] INFO:colcon.colcon_core.shell:Creating package descriptor '/home/cwc2204/dev_ws/install/more_interfaces/share/more_interfaces/package.dsv'
[4.852s] INFO:colcon.colcon_core.shell:Creating package script '/home/cwc2204/dev_ws/install/more_interfaces/share/more_interfaces/package.sh'
[4.852s] Level 1:colcon.colcon_core.environment:create_file_with_runtime_dependencies(/home/cwc2204/dev_ws/install/more_interfaces/share/colcon-core/packages/more_interfaces)
[4.852s] DEBUG:colcon.colcon_core.executor.sequential:run_until_complete 'more_interfaces' finished with '1'
[4.852s] DEBUG:colcon.colcon_core.executor.sequential:closing loop
[4.852s] DEBUG:colcon.colcon_core.executor.sequential:loop closed
[4.852s] DEBUG:colcon.colcon_core.event_reactor:joining thread
[4.852s] DEBUG:colcon.colcon_core.event_reactor:joined thread
[4.853s] INFO:colcon.colcon_core.shell:Creating prefix script '/home/cwc2204/dev_ws/install/local_setup.sh'
[4.853s] INFO:colcon.colcon_core.shell:Creating prefix util module '/home/cwc2204/dev_ws/install/_local_setup_util_sh.py'
[4.853s] INFO:colcon.colcon_core.shell:Creating prefix chain script '/home/cwc2204/dev_ws/install/setup.sh'
