[0.103s] DEBUG:colcon:Command line arguments: ['/usr/bin/colcon', 'build']
[0.103s] DEBUG:colcon:Parsed command line arguments: Namespace(log_base=None, log_level=None, verb_name='build', build_base='build', install_base='install', merge_install=False, symlink_install=False, test_result_base=None, continue_on_error=False, executor='sequential', event_handlers=None, base_paths=['.'], paths=None, cmake_args=None, cmake_target=None, cmake_target_skip_unavailable=False, cmake_clean_cache=False, cmake_clean_first=False, cmake_force_configure=False, ament_cmake_args=None, catkin_cmake_args=None, catkin_skip_building_tests=False, verb_parser=CustomArgumentParser(prog='colcon build', usage=None, description='Build a set of packages.', formatter_class=<class 'colcon_core.command.CustomFormatter'>, conflict_handler='error', add_help=True), verb_extension=<colcon_core.verb.build.BuildVerb object at 0x7f27262b3250>, main=<bound method BuildVerb.main of <colcon_core.verb.build.BuildVerb object at 0x7f27262b3250>>)
[0.133s] Level 1:colcon.colcon_core.package_discovery:discover_packages(recursive) check parameters
[0.133s] Level 1:colcon.colcon_core.package_discovery:discover_packages(path) check parameters
[0.133s] Level 1:colcon.colcon_core.package_discovery:discover_packages(recursive) discover
[0.133s] INFO:colcon.colcon_core.package_discovery:Crawling recursively for packages in '/home/cwc2204/dev_ws'
[0.133s] Level 1:colcon.colcon_core.package_identification:_identify(.) by extensions ['ignore', 'ignore_ament_install']
[0.134s] Level 1:colcon.colcon_core.package_identification:_identify(.) by extension 'ignore'
[0.134s] Level 1:colcon.colcon_core.package_identification:_identify(.) by extension 'ignore_ament_install'
[0.134s] Level 1:colcon.colcon_core.package_identification:_identify(.) by extensions ['ros']
[0.134s] Level 1:colcon.colcon_core.package_identification:_identify(.) by extension 'ros'
[0.140s] Level 1:colcon.colcon_core.package_identification:_identify(.) by extensions ['cmake', 'python']
[0.140s] Level 1:colcon.colcon_core.package_identification:_identify(.) by extension 'cmake'
[0.140s] Level 1:colcon.colcon_core.package_identification:_identify(.) by extension 'python'
[0.140s] Level 1:colcon.colcon_core.package_identification:_identify(.) by extensions ['python_setup_py']
[0.140s] Level 1:colcon.colcon_core.package_identification:_identify(.) by extension 'python_setup_py'
[0.140s] Level 1:colcon.colcon_core.package_identification:_identify(build) by extensions ['ignore', 'ignore_ament_install']
[0.140s] Level 1:colcon.colcon_core.package_identification:_identify(build) by extension 'ignore'
[0.140s] Level 1:colcon.colcon_core.package_identification:_identify(build) ignored
[0.140s] Level 1:colcon.colcon_core.package_identification:_identify(install) by extensions ['ignore', 'ignore_ament_install']
[0.140s] Level 1:colcon.colcon_core.package_identification:_identify(install) by extension 'ignore'
[0.140s] Level 1:colcon.colcon_core.package_identification:_identify(install) ignored
[0.140s] Level 1:colcon.colcon_core.package_identification:_identify(log) by extensions ['ignore', 'ignore_ament_install']
[0.140s] Level 1:colcon.colcon_core.package_identification:_identify(log) by extension 'ignore'
[0.140s] Level 1:colcon.colcon_core.package_identification:_identify(log) ignored
[0.140s] Level 1:colcon.colcon_core.package_identification:_identify(src) by extensions ['ignore', 'ignore_ament_install']
[0.140s] Level 1:colcon.colcon_core.package_identification:_identify(src) by extension 'ignore'
[0.140s] Level 1:colcon.colcon_core.package_identification:_identify(src) by extension 'ignore_ament_install'
[0.141s] Level 1:colcon.colcon_core.package_identification:_identify(src) by extensions ['ros']
[0.141s] Level 1:colcon.colcon_core.package_identification:_identify(src) by extension 'ros'
[0.141s] Level 1:colcon.colcon_core.package_identification:_identify(src) by extensions ['cmake', 'python']
[0.141s] Level 1:colcon.colcon_core.package_identification:_identify(src) by extension 'cmake'
[0.141s] Level 1:colcon.colcon_core.package_identification:_identify(src) by extension 'python'
[0.141s] Level 1:colcon.colcon_core.package_identification:_identify(src) by extensions ['python_setup_py']
[0.141s] Level 1:colcon.colcon_core.package_identification:_identify(src) by extension 'python_setup_py'
[0.141s] Level 1:colcon.colcon_core.package_identification:_identify(src/more_interfaces) by extensions ['ignore', 'ignore_ament_install']
[0.141s] Level 1:colcon.colcon_core.package_identification:_identify(src/more_interfaces) by extension 'ignore'
[0.141s] Level 1:colcon.colcon_core.package_identification:_identify(src/more_interfaces) by extension 'ignore_ament_install'
[0.141s] Level 1:colcon.colcon_core.package_identification:_identify(src/more_interfaces) by extensions ['ros']
[0.141s] Level 1:colcon.colcon_core.package_identification:_identify(src/more_interfaces) by extension 'ros'
[0.142s] DEBUG:colcon.colcon_core.package_identification:Package 'src/more_interfaces' with type 'ros.ament_cmake' and name 'more_interfaces'
[0.142s] Level 1:colcon.colcon_core.package_identification:_identify(src/ros2_21_tutorials) by extensions ['ignore', 'ignore_ament_install']
[0.142s] Level 1:colcon.colcon_core.package_identification:_identify(src/ros2_21_tutorials) by extension 'ignore'
[0.142s] Level 1:colcon.colcon_core.package_identification:_identify(src/ros2_21_tutorials) by extension 'ignore_ament_install'
[0.142s] Level 1:colcon.colcon_core.package_identification:_identify(src/ros2_21_tutorials) by extensions ['ros']
[0.142s] Level 1:colcon.colcon_core.package_identification:_identify(src/ros2_21_tutorials) by extension 'ros'
[0.142s] Level 1:colcon.colcon_core.package_identification:_identify(src/ros2_21_tutorials) by extensions ['cmake', 'python']
[0.143s] Level 1:colcon.colcon_core.package_identification:_identify(src/ros2_21_tutorials) by extension 'cmake'
[0.143s] Level 1:colcon.colcon_core.package_identification:_identify(src/ros2_21_tutorials) by extension 'python'
[0.143s] Level 1:colcon.colcon_core.package_identification:_identify(src/ros2_21_tutorials) by extensions ['python_setup_py']
[0.143s] Level 1:colcon.colcon_core.package_identification:_identify(src/ros2_21_tutorials) by extension 'python_setup_py'
[0.143s] Level 1:colcon.colcon_core.package_identification:_identify(src/ros2_21_tutorials/docs) by extensions ['ignore', 'ignore_ament_install']
[0.143s] Level 1:colcon.colcon_core.package_identification:_identify(src/ros2_21_tutorials/docs) by extension 'ignore'
[0.143s] Level 1:colcon.colcon_core.package_identification:_identify(src/ros2_21_tutorials/docs) by extension 'ignore_ament_install'
[0.143s] Level 1:colcon.colcon_core.package_identification:_identify(src/ros2_21_tutorials/docs) by extensions ['ros']
[0.143s] Level 1:colcon.colcon_core.package_identification:_identify(src/ros2_21_tutorials/docs) by extension 'ros'
[0.143s] Level 1:colcon.colcon_core.package_identification:_identify(src/ros2_21_tutorials/docs) by extensions ['cmake', 'python']
[0.143s] Level 1:colcon.colcon_core.package_identification:_identify(src/ros2_21_tutorials/docs) by extension 'cmake'
[0.143s] Level 1:colcon.colcon_core.package_identification:_identify(src/ros2_21_tutorials/docs) by extension 'python'
[0.143s] Level 1:colcon.colcon_core.package_identification:_identify(src/ros2_21_tutorials/docs) by extensions ['python_setup_py']
[0.143s] Level 1:colcon.colcon_core.package_identification:_identify(src/ros2_21_tutorials/docs) by extension 'python_setup_py'
[0.143s] Level 1:colcon.colcon_core.package_identification:_identify(src/ros2_21_tutorials/learning_action) by extensions ['ignore', 'ignore_ament_install']
[0.143s] Level 1:colcon.colcon_core.package_identification:_identify(src/ros2_21_tutorials/learning_action) by extension 'ignore'
[0.143s] Level 1:colcon.colcon_core.package_identification:_identify(src/ros2_21_tutorials/learning_action) by extension 'ignore_ament_install'
[0.143s] Level 1:colcon.colcon_core.package_identification:_identify(src/ros2_21_tutorials/learning_action) by extensions ['ros']
[0.143s] Level 1:colcon.colcon_core.package_identification:_identify(src/ros2_21_tutorials/learning_action) by extension 'ros'
[0.143s] DEBUG:colcon.colcon_core.package_identification:Package 'src/ros2_21_tutorials/learning_action' with type 'ros.ament_python' and name 'learning_action'
[0.144s] Level 1:colcon.colcon_core.package_identification:_identify(src/ros2_21_tutorials/learning_gazebo) by extensions ['ignore', 'ignore_ament_install']
[0.144s] Level 1:colcon.colcon_core.package_identification:_identify(src/ros2_21_tutorials/learning_gazebo) by extension 'ignore'
[0.144s] Level 1:colcon.colcon_core.package_identification:_identify(src/ros2_21_tutorials/learning_gazebo) by extension 'ignore_ament_install'
[0.144s] Level 1:colcon.colcon_core.package_identification:_identify(src/ros2_21_tutorials/learning_gazebo) by extensions ['ros']
[0.144s] Level 1:colcon.colcon_core.package_identification:_identify(src/ros2_21_tutorials/learning_gazebo) by extension 'ros'
[0.144s] DEBUG:colcon.colcon_core.package_identification:Package 'src/ros2_21_tutorials/learning_gazebo' with type 'ros.ament_python' and name 'learning_gazebo'
[0.144s] Level 1:colcon.colcon_core.package_identification:_identify(src/ros2_21_tutorials/learning_interface) by extensions ['ignore', 'ignore_ament_install']
[0.144s] Level 1:colcon.colcon_core.package_identification:_identify(src/ros2_21_tutorials/learning_interface) by extension 'ignore'
[0.144s] Level 1:colcon.colcon_core.package_identification:_identify(src/ros2_21_tutorials/learning_interface) by extension 'ignore_ament_install'
[0.144s] Level 1:colcon.colcon_core.package_identification:_identify(src/ros2_21_tutorials/learning_interface) by extensions ['ros']
[0.144s] Level 1:colcon.colcon_core.package_identification:_identify(src/ros2_21_tutorials/learning_interface) by extension 'ros'
[0.144s] DEBUG:colcon.colcon_core.package_identification:Package 'src/ros2_21_tutorials/learning_interface' with type 'ros.ament_cmake' and name 'learning_interface'
[0.145s] Level 1:colcon.colcon_core.package_identification:_identify(src/ros2_21_tutorials/learning_launch) by extensions ['ignore', 'ignore_ament_install']
[0.145s] Level 1:colcon.colcon_core.package_identification:_identify(src/ros2_21_tutorials/learning_launch) by extension 'ignore'
[0.145s] Level 1:colcon.colcon_core.package_identification:_identify(src/ros2_21_tutorials/learning_launch) by extension 'ignore_ament_install'
[0.145s] Level 1:colcon.colcon_core.package_identification:_identify(src/ros2_21_tutorials/learning_launch) by extensions ['ros']
[0.145s] Level 1:colcon.colcon_core.package_identification:_identify(src/ros2_21_tutorials/learning_launch) by extension 'ros'
[0.145s] DEBUG:colcon.colcon_core.package_identification:Package 'src/ros2_21_tutorials/learning_launch' with type 'ros.ament_python' and name 'learning_launch'
[0.145s] Level 1:colcon.colcon_core.package_identification:_identify(src/ros2_21_tutorials/learning_node) by extensions ['ignore', 'ignore_ament_install']
[0.145s] Level 1:colcon.colcon_core.package_identification:_identify(src/ros2_21_tutorials/learning_node) by extension 'ignore'
[0.145s] Level 1:colcon.colcon_core.package_identification:_identify(src/ros2_21_tutorials/learning_node) by extension 'ignore_ament_install'
[0.145s] Level 1:colcon.colcon_core.package_identification:_identify(src/ros2_21_tutorials/learning_node) by extensions ['ros']
[0.145s] Level 1:colcon.colcon_core.package_identification:_identify(src/ros2_21_tutorials/learning_node) by extension 'ros'
[0.145s] DEBUG:colcon.colcon_core.package_identification:Package 'src/ros2_21_tutorials/learning_node' with type 'ros.ament_python' and name 'learning_node'
[0.145s] Level 1:colcon.colcon_core.package_identification:_identify(src/ros2_21_tutorials/learning_parameter) by extensions ['ignore', 'ignore_ament_install']
[0.146s] Level 1:colcon.colcon_core.package_identification:_identify(src/ros2_21_tutorials/learning_parameter) by extension 'ignore'
[0.146s] Level 1:colcon.colcon_core.package_identification:_identify(src/ros2_21_tutorials/learning_parameter) by extension 'ignore_ament_install'
[0.146s] Level 1:colcon.colcon_core.package_identification:_identify(src/ros2_21_tutorials/learning_parameter) by extensions ['ros']
[0.146s] Level 1:colcon.colcon_core.package_identification:_identify(src/ros2_21_tutorials/learning_parameter) by extension 'ros'
[0.146s] DEBUG:colcon.colcon_core.package_identification:Package 'src/ros2_21_tutorials/learning_parameter' with type 'ros.ament_python' and name 'learning_parameter'
[0.146s] Level 1:colcon.colcon_core.package_identification:_identify(src/ros2_21_tutorials/learning_pkg_c) by extensions ['ignore', 'ignore_ament_install']
[0.146s] Level 1:colcon.colcon_core.package_identification:_identify(src/ros2_21_tutorials/learning_pkg_c) by extension 'ignore'
[0.146s] Level 1:colcon.colcon_core.package_identification:_identify(src/ros2_21_tutorials/learning_pkg_c) by extension 'ignore_ament_install'
[0.146s] Level 1:colcon.colcon_core.package_identification:_identify(src/ros2_21_tutorials/learning_pkg_c) by extensions ['ros']
[0.146s] Level 1:colcon.colcon_core.package_identification:_identify(src/ros2_21_tutorials/learning_pkg_c) by extension 'ros'
[0.146s] DEBUG:colcon.colcon_core.package_identification:Package 'src/ros2_21_tutorials/learning_pkg_c' with type 'ros.ament_cmake' and name 'learning_pkg_c'
[0.146s] Level 1:colcon.colcon_core.package_identification:_identify(src/ros2_21_tutorials/learning_pkg_python) by extensions ['ignore', 'ignore_ament_install']
[0.146s] Level 1:colcon.colcon_core.package_identification:_identify(src/ros2_21_tutorials/learning_pkg_python) by extension 'ignore'
[0.146s] Level 1:colcon.colcon_core.package_identification:_identify(src/ros2_21_tutorials/learning_pkg_python) by extension 'ignore_ament_install'
[0.146s] Level 1:colcon.colcon_core.package_identification:_identify(src/ros2_21_tutorials/learning_pkg_python) by extensions ['ros']
[0.146s] Level 1:colcon.colcon_core.package_identification:_identify(src/ros2_21_tutorials/learning_pkg_python) by extension 'ros'
[0.147s] DEBUG:colcon.colcon_core.package_identification:Package 'src/ros2_21_tutorials/learning_pkg_python' with type 'ros.ament_python' and name 'learning_pkg_python'
[0.147s] Level 1:colcon.colcon_core.package_identification:_identify(src/ros2_21_tutorials/learning_qos) by extensions ['ignore', 'ignore_ament_install']
[0.147s] Level 1:colcon.colcon_core.package_identification:_identify(src/ros2_21_tutorials/learning_qos) by extension 'ignore'
[0.147s] Level 1:colcon.colcon_core.package_identification:_identify(src/ros2_21_tutorials/learning_qos) by extension 'ignore_ament_install'
[0.147s] Level 1:colcon.colcon_core.package_identification:_identify(src/ros2_21_tutorials/learning_qos) by extensions ['ros']
[0.147s] Level 1:colcon.colcon_core.package_identification:_identify(src/ros2_21_tutorials/learning_qos) by extension 'ros'
[0.147s] DEBUG:colcon.colcon_core.package_identification:Package 'src/ros2_21_tutorials/learning_qos' with type 'ros.ament_python' and name 'learning_qos'
[0.147s] Level 1:colcon.colcon_core.package_identification:_identify(src/ros2_21_tutorials/learning_service) by extensions ['ignore', 'ignore_ament_install']
[0.147s] Level 1:colcon.colcon_core.package_identification:_identify(src/ros2_21_tutorials/learning_service) by extension 'ignore'
[0.147s] Level 1:colcon.colcon_core.package_identification:_identify(src/ros2_21_tutorials/learning_service) by extension 'ignore_ament_install'
[0.147s] Level 1:colcon.colcon_core.package_identification:_identify(src/ros2_21_tutorials/learning_service) by extensions ['ros']
[0.147s] Level 1:colcon.colcon_core.package_identification:_identify(src/ros2_21_tutorials/learning_service) by extension 'ros'
[0.147s] DEBUG:colcon.colcon_core.package_identification:Package 'src/ros2_21_tutorials/learning_service' with type 'ros.ament_python' and name 'learning_service'
[0.148s] Level 1:colcon.colcon_core.package_identification:_identify(src/ros2_21_tutorials/learning_tf) by extensions ['ignore', 'ignore_ament_install']
[0.148s] Level 1:colcon.colcon_core.package_identification:_identify(src/ros2_21_tutorials/learning_tf) by extension 'ignore'
[0.148s] Level 1:colcon.colcon_core.package_identification:_identify(src/ros2_21_tutorials/learning_tf) by extension 'ignore_ament_install'
[0.148s] Level 1:colcon.colcon_core.package_identification:_identify(src/ros2_21_tutorials/learning_tf) by extensions ['ros']
[0.148s] Level 1:colcon.colcon_core.package_identification:_identify(src/ros2_21_tutorials/learning_tf) by extension 'ros'
[0.148s] DEBUG:colcon.colcon_core.package_identification:Package 'src/ros2_21_tutorials/learning_tf' with type 'ros.ament_python' and name 'learning_tf'
[0.148s] Level 1:colcon.colcon_core.package_identification:_identify(src/ros2_21_tutorials/learning_topic) by extensions ['ignore', 'ignore_ament_install']
[0.148s] Level 1:colcon.colcon_core.package_identification:_identify(src/ros2_21_tutorials/learning_topic) by extension 'ignore'
[0.148s] Level 1:colcon.colcon_core.package_identification:_identify(src/ros2_21_tutorials/learning_topic) by extension 'ignore_ament_install'
[0.148s] Level 1:colcon.colcon_core.package_identification:_identify(src/ros2_21_tutorials/learning_topic) by extensions ['ros']
[0.148s] Level 1:colcon.colcon_core.package_identification:_identify(src/ros2_21_tutorials/learning_topic) by extension 'ros'
[0.148s] DEBUG:colcon.colcon_core.package_identification:Package 'src/ros2_21_tutorials/learning_topic' with type 'ros.ament_python' and name 'learning_topic'
[0.148s] Level 1:colcon.colcon_core.package_identification:_identify(src/ros2_21_tutorials/learning_urdf) by extensions ['ignore', 'ignore_ament_install']
[0.148s] Level 1:colcon.colcon_core.package_identification:_identify(src/ros2_21_tutorials/learning_urdf) by extension 'ignore'
[0.148s] Level 1:colcon.colcon_core.package_identification:_identify(src/ros2_21_tutorials/learning_urdf) by extension 'ignore_ament_install'
[0.148s] Level 1:colcon.colcon_core.package_identification:_identify(src/ros2_21_tutorials/learning_urdf) by extensions ['ros']
[0.148s] Level 1:colcon.colcon_core.package_identification:_identify(src/ros2_21_tutorials/learning_urdf) by extension 'ros'
[0.149s] DEBUG:colcon.colcon_core.package_identification:Package 'src/ros2_21_tutorials/learning_urdf' with type 'ros.ament_python' and name 'learning_urdf'
[0.149s] Level 1:colcon.colcon_core.package_identification:_identify(src/ros2_21_tutorials/python) by extensions ['ignore', 'ignore_ament_install']
[0.149s] Level 1:colcon.colcon_core.package_identification:_identify(src/ros2_21_tutorials/python) by extension 'ignore'
[0.149s] Level 1:colcon.colcon_core.package_identification:_identify(src/ros2_21_tutorials/python) by extension 'ignore_ament_install'
[0.149s] Level 1:colcon.colcon_core.package_identification:_identify(src/ros2_21_tutorials/python) by extensions ['ros']
[0.149s] Level 1:colcon.colcon_core.package_identification:_identify(src/ros2_21_tutorials/python) by extension 'ros'
[0.149s] Level 1:colcon.colcon_core.package_identification:_identify(src/ros2_21_tutorials/python) by extensions ['cmake', 'python']
[0.149s] Level 1:colcon.colcon_core.package_identification:_identify(src/ros2_21_tutorials/python) by extension 'cmake'
[0.149s] Level 1:colcon.colcon_core.package_identification:_identify(src/ros2_21_tutorials/python) by extension 'python'
[0.149s] Level 1:colcon.colcon_core.package_identification:_identify(src/ros2_21_tutorials/python) by extensions ['python_setup_py']
[0.149s] Level 1:colcon.colcon_core.package_identification:_identify(src/ros2_21_tutorials/python) by extension 'python_setup_py'
[0.149s] Level 1:colcon.colcon_core.package_discovery:discover_packages(recursive) using defaults
[0.149s] Level 1:colcon.colcon_core.package_discovery:discover_packages(path) discover
[0.149s] Level 1:colcon.colcon_core.package_discovery:discover_packages(path) using defaults
[0.164s] Level 5:colcon.colcon_core.verb:set package 'learning_gazebo' build argument 'cmake_args' from command line to 'None'
[0.164s] Level 5:colcon.colcon_core.verb:set package 'learning_gazebo' build argument 'cmake_target' from command line to 'None'
[0.164s] Level 5:colcon.colcon_core.verb:set package 'learning_gazebo' build argument 'cmake_target_skip_unavailable' from command line to 'False'
[0.164s] Level 5:colcon.colcon_core.verb:set package 'learning_gazebo' build argument 'cmake_clean_cache' from command line to 'False'
[0.164s] Level 5:colcon.colcon_core.verb:set package 'learning_gazebo' build argument 'cmake_clean_first' from command line to 'False'
[0.164s] Level 5:colcon.colcon_core.verb:set package 'learning_gazebo' build argument 'cmake_force_configure' from command line to 'False'
[0.164s] Level 5:colcon.colcon_core.verb:set package 'learning_gazebo' build argument 'ament_cmake_args' from command line to 'None'
[0.164s] Level 5:colcon.colcon_core.verb:set package 'learning_gazebo' build argument 'catkin_cmake_args' from command line to 'None'
[0.164s] Level 5:colcon.colcon_core.verb:set package 'learning_gazebo' build argument 'catkin_skip_building_tests' from command line to 'False'
[0.164s] DEBUG:colcon.colcon_core.verb:Building package 'learning_gazebo' with the following arguments: {'ament_cmake_args': None, 'build_base': '/home/cwc2204/dev_ws/build/learning_gazebo', 'catkin_cmake_args': None, 'catkin_skip_building_tests': False, 'cmake_args': None, 'cmake_clean_cache': False, 'cmake_clean_first': False, 'cmake_force_configure': False, 'cmake_target': None, 'cmake_target_skip_unavailable': False, 'install_base': '/home/cwc2204/dev_ws/install/learning_gazebo', 'merge_install': False, 'path': '/home/cwc2204/dev_ws/src/ros2_21_tutorials/learning_gazebo', 'symlink_install': False, 'test_result_base': None}
[0.164s] Level 5:colcon.colcon_core.verb:set package 'learning_interface' build argument 'cmake_args' from command line to 'None'
[0.164s] Level 5:colcon.colcon_core.verb:set package 'learning_interface' build argument 'cmake_target' from command line to 'None'
[0.164s] Level 5:colcon.colcon_core.verb:set package 'learning_interface' build argument 'cmake_target_skip_unavailable' from command line to 'False'
[0.164s] Level 5:colcon.colcon_core.verb:set package 'learning_interface' build argument 'cmake_clean_cache' from command line to 'False'
[0.164s] Level 5:colcon.colcon_core.verb:set package 'learning_interface' build argument 'cmake_clean_first' from command line to 'False'
[0.164s] Level 5:colcon.colcon_core.verb:set package 'learning_interface' build argument 'cmake_force_configure' from command line to 'False'
[0.164s] Level 5:colcon.colcon_core.verb:set package 'learning_interface' build argument 'ament_cmake_args' from command line to 'None'
[0.164s] Level 5:colcon.colcon_core.verb:set package 'learning_interface' build argument 'catkin_cmake_args' from command line to 'None'
[0.164s] Level 5:colcon.colcon_core.verb:set package 'learning_interface' build argument 'catkin_skip_building_tests' from command line to 'False'
[0.164s] DEBUG:colcon.colcon_core.verb:Building package 'learning_interface' with the following arguments: {'ament_cmake_args': None, 'build_base': '/home/cwc2204/dev_ws/build/learning_interface', 'catkin_cmake_args': None, 'catkin_skip_building_tests': False, 'cmake_args': None, 'cmake_clean_cache': False, 'cmake_clean_first': False, 'cmake_force_configure': False, 'cmake_target': None, 'cmake_target_skip_unavailable': False, 'install_base': '/home/cwc2204/dev_ws/install/learning_interface', 'merge_install': False, 'path': '/home/cwc2204/dev_ws/src/ros2_21_tutorials/learning_interface', 'symlink_install': False, 'test_result_base': None}
[0.165s] Level 5:colcon.colcon_core.verb:set package 'learning_launch' build argument 'cmake_args' from command line to 'None'
[0.165s] Level 5:colcon.colcon_core.verb:set package 'learning_launch' build argument 'cmake_target' from command line to 'None'
[0.165s] Level 5:colcon.colcon_core.verb:set package 'learning_launch' build argument 'cmake_target_skip_unavailable' from command line to 'False'
[0.165s] Level 5:colcon.colcon_core.verb:set package 'learning_launch' build argument 'cmake_clean_cache' from command line to 'False'
[0.165s] Level 5:colcon.colcon_core.verb:set package 'learning_launch' build argument 'cmake_clean_first' from command line to 'False'
[0.165s] Level 5:colcon.colcon_core.verb:set package 'learning_launch' build argument 'cmake_force_configure' from command line to 'False'
[0.165s] Level 5:colcon.colcon_core.verb:set package 'learning_launch' build argument 'ament_cmake_args' from command line to 'None'
[0.165s] Level 5:colcon.colcon_core.verb:set package 'learning_launch' build argument 'catkin_cmake_args' from command line to 'None'
[0.165s] Level 5:colcon.colcon_core.verb:set package 'learning_launch' build argument 'catkin_skip_building_tests' from command line to 'False'
[0.165s] DEBUG:colcon.colcon_core.verb:Building package 'learning_launch' with the following arguments: {'ament_cmake_args': None, 'build_base': '/home/cwc2204/dev_ws/build/learning_launch', 'catkin_cmake_args': None, 'catkin_skip_building_tests': False, 'cmake_args': None, 'cmake_clean_cache': False, 'cmake_clean_first': False, 'cmake_force_configure': False, 'cmake_target': None, 'cmake_target_skip_unavailable': False, 'install_base': '/home/cwc2204/dev_ws/install/learning_launch', 'merge_install': False, 'path': '/home/cwc2204/dev_ws/src/ros2_21_tutorials/learning_launch', 'symlink_install': False, 'test_result_base': None}
[0.165s] Level 5:colcon.colcon_core.verb:set package 'learning_node' build argument 'cmake_args' from command line to 'None'
[0.165s] Level 5:colcon.colcon_core.verb:set package 'learning_node' build argument 'cmake_target' from command line to 'None'
[0.165s] Level 5:colcon.colcon_core.verb:set package 'learning_node' build argument 'cmake_target_skip_unavailable' from command line to 'False'
[0.165s] Level 5:colcon.colcon_core.verb:set package 'learning_node' build argument 'cmake_clean_cache' from command line to 'False'
[0.165s] Level 5:colcon.colcon_core.verb:set package 'learning_node' build argument 'cmake_clean_first' from command line to 'False'
[0.165s] Level 5:colcon.colcon_core.verb:set package 'learning_node' build argument 'cmake_force_configure' from command line to 'False'
[0.166s] Level 5:colcon.colcon_core.verb:set package 'learning_node' build argument 'ament_cmake_args' from command line to 'None'
[0.166s] Level 5:colcon.colcon_core.verb:set package 'learning_node' build argument 'catkin_cmake_args' from command line to 'None'
[0.166s] Level 5:colcon.colcon_core.verb:set package 'learning_node' build argument 'catkin_skip_building_tests' from command line to 'False'
[0.166s] DEBUG:colcon.colcon_core.verb:Building package 'learning_node' with the following arguments: {'ament_cmake_args': None, 'build_base': '/home/cwc2204/dev_ws/build/learning_node', 'catkin_cmake_args': None, 'catkin_skip_building_tests': False, 'cmake_args': None, 'cmake_clean_cache': False, 'cmake_clean_first': False, 'cmake_force_configure': False, 'cmake_target': None, 'cmake_target_skip_unavailable': False, 'install_base': '/home/cwc2204/dev_ws/install/learning_node', 'merge_install': False, 'path': '/home/cwc2204/dev_ws/src/ros2_21_tutorials/learning_node', 'symlink_install': False, 'test_result_base': None}
[0.166s] Level 5:colcon.colcon_core.verb:set package 'learning_parameter' build argument 'cmake_args' from command line to 'None'
[0.166s] Level 5:colcon.colcon_core.verb:set package 'learning_parameter' build argument 'cmake_target' from command line to 'None'
[0.166s] Level 5:colcon.colcon_core.verb:set package 'learning_parameter' build argument 'cmake_target_skip_unavailable' from command line to 'False'
[0.166s] Level 5:colcon.colcon_core.verb:set package 'learning_parameter' build argument 'cmake_clean_cache' from command line to 'False'
[0.166s] Level 5:colcon.colcon_core.verb:set package 'learning_parameter' build argument 'cmake_clean_first' from command line to 'False'
[0.166s] Level 5:colcon.colcon_core.verb:set package 'learning_parameter' build argument 'cmake_force_configure' from command line to 'False'
[0.166s] Level 5:colcon.colcon_core.verb:set package 'learning_parameter' build argument 'ament_cmake_args' from command line to 'None'
[0.166s] Level 5:colcon.colcon_core.verb:set package 'learning_parameter' build argument 'catkin_cmake_args' from command line to 'None'
[0.166s] Level 5:colcon.colcon_core.verb:set package 'learning_parameter' build argument 'catkin_skip_building_tests' from command line to 'False'
[0.166s] DEBUG:colcon.colcon_core.verb:Building package 'learning_parameter' with the following arguments: {'ament_cmake_args': None, 'build_base': '/home/cwc2204/dev_ws/build/learning_parameter', 'catkin_cmake_args': None, 'catkin_skip_building_tests': False, 'cmake_args': None, 'cmake_clean_cache': False, 'cmake_clean_first': False, 'cmake_force_configure': False, 'cmake_target': None, 'cmake_target_skip_unavailable': False, 'install_base': '/home/cwc2204/dev_ws/install/learning_parameter', 'merge_install': False, 'path': '/home/cwc2204/dev_ws/src/ros2_21_tutorials/learning_parameter', 'symlink_install': False, 'test_result_base': None}
[0.167s] Level 5:colcon.colcon_core.verb:set package 'learning_pkg_c' build argument 'cmake_args' from command line to 'None'
[0.167s] Level 5:colcon.colcon_core.verb:set package 'learning_pkg_c' build argument 'cmake_target' from command line to 'None'
[0.167s] Level 5:colcon.colcon_core.verb:set package 'learning_pkg_c' build argument 'cmake_target_skip_unavailable' from command line to 'False'
[0.167s] Level 5:colcon.colcon_core.verb:set package 'learning_pkg_c' build argument 'cmake_clean_cache' from command line to 'False'
[0.167s] Level 5:colcon.colcon_core.verb:set package 'learning_pkg_c' build argument 'cmake_clean_first' from command line to 'False'
[0.167s] Level 5:colcon.colcon_core.verb:set package 'learning_pkg_c' build argument 'cmake_force_configure' from command line to 'False'
[0.167s] Level 5:colcon.colcon_core.verb:set package 'learning_pkg_c' build argument 'ament_cmake_args' from command line to 'None'
[0.167s] Level 5:colcon.colcon_core.verb:set package 'learning_pkg_c' build argument 'catkin_cmake_args' from command line to 'None'
[0.167s] Level 5:colcon.colcon_core.verb:set package 'learning_pkg_c' build argument 'catkin_skip_building_tests' from command line to 'False'
[0.167s] DEBUG:colcon.colcon_core.verb:Building package 'learning_pkg_c' with the following arguments: {'ament_cmake_args': None, 'build_base': '/home/cwc2204/dev_ws/build/learning_pkg_c', 'catkin_cmake_args': None, 'catkin_skip_building_tests': False, 'cmake_args': None, 'cmake_clean_cache': False, 'cmake_clean_first': False, 'cmake_force_configure': False, 'cmake_target': None, 'cmake_target_skip_unavailable': False, 'install_base': '/home/cwc2204/dev_ws/install/learning_pkg_c', 'merge_install': False, 'path': '/home/cwc2204/dev_ws/src/ros2_21_tutorials/learning_pkg_c', 'symlink_install': False, 'test_result_base': None}
[0.167s] Level 5:colcon.colcon_core.verb:set package 'learning_pkg_python' build argument 'cmake_args' from command line to 'None'
[0.167s] Level 5:colcon.colcon_core.verb:set package 'learning_pkg_python' build argument 'cmake_target' from command line to 'None'
[0.167s] Level 5:colcon.colcon_core.verb:set package 'learning_pkg_python' build argument 'cmake_target_skip_unavailable' from command line to 'False'
[0.167s] Level 5:colcon.colcon_core.verb:set package 'learning_pkg_python' build argument 'cmake_clean_cache' from command line to 'False'
[0.167s] Level 5:colcon.colcon_core.verb:set package 'learning_pkg_python' build argument 'cmake_clean_first' from command line to 'False'
[0.167s] Level 5:colcon.colcon_core.verb:set package 'learning_pkg_python' build argument 'cmake_force_configure' from command line to 'False'
[0.167s] Level 5:colcon.colcon_core.verb:set package 'learning_pkg_python' build argument 'ament_cmake_args' from command line to 'None'
[0.167s] Level 5:colcon.colcon_core.verb:set package 'learning_pkg_python' build argument 'catkin_cmake_args' from command line to 'None'
[0.167s] Level 5:colcon.colcon_core.verb:set package 'learning_pkg_python' build argument 'catkin_skip_building_tests' from command line to 'False'
[0.167s] DEBUG:colcon.colcon_core.verb:Building package 'learning_pkg_python' with the following arguments: {'ament_cmake_args': None, 'build_base': '/home/cwc2204/dev_ws/build/learning_pkg_python', 'catkin_cmake_args': None, 'catkin_skip_building_tests': False, 'cmake_args': None, 'cmake_clean_cache': False, 'cmake_clean_first': False, 'cmake_force_configure': False, 'cmake_target': None, 'cmake_target_skip_unavailable': False, 'install_base': '/home/cwc2204/dev_ws/install/learning_pkg_python', 'merge_install': False, 'path': '/home/cwc2204/dev_ws/src/ros2_21_tutorials/learning_pkg_python', 'symlink_install': False, 'test_result_base': None}
[0.168s] Level 5:colcon.colcon_core.verb:set package 'learning_qos' build argument 'cmake_args' from command line to 'None'
[0.168s] Level 5:colcon.colcon_core.verb:set package 'learning_qos' build argument 'cmake_target' from command line to 'None'
[0.168s] Level 5:colcon.colcon_core.verb:set package 'learning_qos' build argument 'cmake_target_skip_unavailable' from command line to 'False'
[0.168s] Level 5:colcon.colcon_core.verb:set package 'learning_qos' build argument 'cmake_clean_cache' from command line to 'False'
[0.168s] Level 5:colcon.colcon_core.verb:set package 'learning_qos' build argument 'cmake_clean_first' from command line to 'False'
[0.168s] Level 5:colcon.colcon_core.verb:set package 'learning_qos' build argument 'cmake_force_configure' from command line to 'False'
[0.168s] Level 5:colcon.colcon_core.verb:set package 'learning_qos' build argument 'ament_cmake_args' from command line to 'None'
[0.168s] Level 5:colcon.colcon_core.verb:set package 'learning_qos' build argument 'catkin_cmake_args' from command line to 'None'
[0.168s] Level 5:colcon.colcon_core.verb:set package 'learning_qos' build argument 'catkin_skip_building_tests' from command line to 'False'
[0.168s] DEBUG:colcon.colcon_core.verb:Building package 'learning_qos' with the following arguments: {'ament_cmake_args': None, 'build_base': '/home/cwc2204/dev_ws/build/learning_qos', 'catkin_cmake_args': None, 'catkin_skip_building_tests': False, 'cmake_args': None, 'cmake_clean_cache': False, 'cmake_clean_first': False, 'cmake_force_configure': False, 'cmake_target': None, 'cmake_target_skip_unavailable': False, 'install_base': '/home/cwc2204/dev_ws/install/learning_qos', 'merge_install': False, 'path': '/home/cwc2204/dev_ws/src/ros2_21_tutorials/learning_qos', 'symlink_install': False, 'test_result_base': None}
[0.168s] Level 5:colcon.colcon_core.verb:set package 'learning_tf' build argument 'cmake_args' from command line to 'None'
[0.168s] Level 5:colcon.colcon_core.verb:set package 'learning_tf' build argument 'cmake_target' from command line to 'None'
[0.168s] Level 5:colcon.colcon_core.verb:set package 'learning_tf' build argument 'cmake_target_skip_unavailable' from command line to 'False'
[0.168s] Level 5:colcon.colcon_core.verb:set package 'learning_tf' build argument 'cmake_clean_cache' from command line to 'False'
[0.168s] Level 5:colcon.colcon_core.verb:set package 'learning_tf' build argument 'cmake_clean_first' from command line to 'False'
[0.168s] Level 5:colcon.colcon_core.verb:set package 'learning_tf' build argument 'cmake_force_configure' from command line to 'False'
[0.168s] Level 5:colcon.colcon_core.verb:set package 'learning_tf' build argument 'ament_cmake_args' from command line to 'None'
[0.168s] Level 5:colcon.colcon_core.verb:set package 'learning_tf' build argument 'catkin_cmake_args' from command line to 'None'
[0.168s] Level 5:colcon.colcon_core.verb:set package 'learning_tf' build argument 'catkin_skip_building_tests' from command line to 'False'
[0.168s] DEBUG:colcon.colcon_core.verb:Building package 'learning_tf' with the following arguments: {'ament_cmake_args': None, 'build_base': '/home/cwc2204/dev_ws/build/learning_tf', 'catkin_cmake_args': None, 'catkin_skip_building_tests': False, 'cmake_args': None, 'cmake_clean_cache': False, 'cmake_clean_first': False, 'cmake_force_configure': False, 'cmake_target': None, 'cmake_target_skip_unavailable': False, 'install_base': '/home/cwc2204/dev_ws/install/learning_tf', 'merge_install': False, 'path': '/home/cwc2204/dev_ws/src/ros2_21_tutorials/learning_tf', 'symlink_install': False, 'test_result_base': None}
[0.169s] Level 5:colcon.colcon_core.verb:set package 'learning_urdf' build argument 'cmake_args' from command line to 'None'
[0.169s] Level 5:colcon.colcon_core.verb:set package 'learning_urdf' build argument 'cmake_target' from command line to 'None'
[0.169s] Level 5:colcon.colcon_core.verb:set package 'learning_urdf' build argument 'cmake_target_skip_unavailable' from command line to 'False'
[0.169s] Level 5:colcon.colcon_core.verb:set package 'learning_urdf' build argument 'cmake_clean_cache' from command line to 'False'
[0.169s] Level 5:colcon.colcon_core.verb:set package 'learning_urdf' build argument 'cmake_clean_first' from command line to 'False'
[0.169s] Level 5:colcon.colcon_core.verb:set package 'learning_urdf' build argument 'cmake_force_configure' from command line to 'False'
[0.169s] Level 5:colcon.colcon_core.verb:set package 'learning_urdf' build argument 'ament_cmake_args' from command line to 'None'
[0.169s] Level 5:colcon.colcon_core.verb:set package 'learning_urdf' build argument 'catkin_cmake_args' from command line to 'None'
[0.169s] Level 5:colcon.colcon_core.verb:set package 'learning_urdf' build argument 'catkin_skip_building_tests' from command line to 'False'
[0.169s] DEBUG:colcon.colcon_core.verb:Building package 'learning_urdf' with the following arguments: {'ament_cmake_args': None, 'build_base': '/home/cwc2204/dev_ws/build/learning_urdf', 'catkin_cmake_args': None, 'catkin_skip_building_tests': False, 'cmake_args': None, 'cmake_clean_cache': False, 'cmake_clean_first': False, 'cmake_force_configure': False, 'cmake_target': None, 'cmake_target_skip_unavailable': False, 'install_base': '/home/cwc2204/dev_ws/install/learning_urdf', 'merge_install': False, 'path': '/home/cwc2204/dev_ws/src/ros2_21_tutorials/learning_urdf', 'symlink_install': False, 'test_result_base': None}
[0.169s] Level 5:colcon.colcon_core.verb:set package 'more_interfaces' build argument 'cmake_args' from command line to 'None'
[0.169s] Level 5:colcon.colcon_core.verb:set package 'more_interfaces' build argument 'cmake_target' from command line to 'None'
[0.169s] Level 5:colcon.colcon_core.verb:set package 'more_interfaces' build argument 'cmake_target_skip_unavailable' from command line to 'False'
[0.169s] Level 5:colcon.colcon_core.verb:set package 'more_interfaces' build argument 'cmake_clean_cache' from command line to 'False'
[0.169s] Level 5:colcon.colcon_core.verb:set package 'more_interfaces' build argument 'cmake_clean_first' from command line to 'False'
[0.169s] Level 5:colcon.colcon_core.verb:set package 'more_interfaces' build argument 'cmake_force_configure' from command line to 'False'
[0.169s] Level 5:colcon.colcon_core.verb:set package 'more_interfaces' build argument 'ament_cmake_args' from command line to 'None'
[0.169s] Level 5:colcon.colcon_core.verb:set package 'more_interfaces' build argument 'catkin_cmake_args' from command line to 'None'
[0.169s] Level 5:colcon.colcon_core.verb:set package 'more_interfaces' build argument 'catkin_skip_building_tests' from command line to 'False'
[0.169s] DEBUG:colcon.colcon_core.verb:Building package 'more_interfaces' with the following arguments: {'ament_cmake_args': None, 'build_base': '/home/cwc2204/dev_ws/build/more_interfaces', 'catkin_cmake_args': None, 'catkin_skip_building_tests': False, 'cmake_args': None, 'cmake_clean_cache': False, 'cmake_clean_first': False, 'cmake_force_configure': False, 'cmake_target': None, 'cmake_target_skip_unavailable': False, 'install_base': '/home/cwc2204/dev_ws/install/more_interfaces', 'merge_install': False, 'path': '/home/cwc2204/dev_ws/src/more_interfaces', 'symlink_install': False, 'test_result_base': None}
[0.170s] Level 5:colcon.colcon_core.verb:set package 'learning_action' build argument 'cmake_args' from command line to 'None'
[0.170s] Level 5:colcon.colcon_core.verb:set package 'learning_action' build argument 'cmake_target' from command line to 'None'
[0.170s] Level 5:colcon.colcon_core.verb:set package 'learning_action' build argument 'cmake_target_skip_unavailable' from command line to 'False'
[0.170s] Level 5:colcon.colcon_core.verb:set package 'learning_action' build argument 'cmake_clean_cache' from command line to 'False'
[0.170s] Level 5:colcon.colcon_core.verb:set package 'learning_action' build argument 'cmake_clean_first' from command line to 'False'
[0.170s] Level 5:colcon.colcon_core.verb:set package 'learning_action' build argument 'cmake_force_configure' from command line to 'False'
[0.170s] Level 5:colcon.colcon_core.verb:set package 'learning_action' build argument 'ament_cmake_args' from command line to 'None'
[0.170s] Level 5:colcon.colcon_core.verb:set package 'learning_action' build argument 'catkin_cmake_args' from command line to 'None'
[0.170s] Level 5:colcon.colcon_core.verb:set package 'learning_action' build argument 'catkin_skip_building_tests' from command line to 'False'
[0.170s] DEBUG:colcon.colcon_core.verb:Building package 'learning_action' with the following arguments: {'ament_cmake_args': None, 'build_base': '/home/cwc2204/dev_ws/build/learning_action', 'catkin_cmake_args': None, 'catkin_skip_building_tests': False, 'cmake_args': None, 'cmake_clean_cache': False, 'cmake_clean_first': False, 'cmake_force_configure': False, 'cmake_target': None, 'cmake_target_skip_unavailable': False, 'install_base': '/home/cwc2204/dev_ws/install/learning_action', 'merge_install': False, 'path': '/home/cwc2204/dev_ws/src/ros2_21_tutorials/learning_action', 'symlink_install': False, 'test_result_base': None}
[0.170s] Level 5:colcon.colcon_core.verb:set package 'learning_service' build argument 'cmake_args' from command line to 'None'
[0.170s] Level 5:colcon.colcon_core.verb:set package 'learning_service' build argument 'cmake_target' from command line to 'None'
[0.170s] Level 5:colcon.colcon_core.verb:set package 'learning_service' build argument 'cmake_target_skip_unavailable' from command line to 'False'
[0.170s] Level 5:colcon.colcon_core.verb:set package 'learning_service' build argument 'cmake_clean_cache' from command line to 'False'
[0.170s] Level 5:colcon.colcon_core.verb:set package 'learning_service' build argument 'cmake_clean_first' from command line to 'False'
[0.170s] Level 5:colcon.colcon_core.verb:set package 'learning_service' build argument 'cmake_force_configure' from command line to 'False'
[0.171s] Level 5:colcon.colcon_core.verb:set package 'learning_service' build argument 'ament_cmake_args' from command line to 'None'
[0.171s] Level 5:colcon.colcon_core.verb:set package 'learning_service' build argument 'catkin_cmake_args' from command line to 'None'
[0.171s] Level 5:colcon.colcon_core.verb:set package 'learning_service' build argument 'catkin_skip_building_tests' from command line to 'False'
[0.171s] DEBUG:colcon.colcon_core.verb:Building package 'learning_service' with the following arguments: {'ament_cmake_args': None, 'build_base': '/home/cwc2204/dev_ws/build/learning_service', 'catkin_cmake_args': None, 'catkin_skip_building_tests': False, 'cmake_args': None, 'cmake_clean_cache': False, 'cmake_clean_first': False, 'cmake_force_configure': False, 'cmake_target': None, 'cmake_target_skip_unavailable': False, 'install_base': '/home/cwc2204/dev_ws/install/learning_service', 'merge_install': False, 'path': '/home/cwc2204/dev_ws/src/ros2_21_tutorials/learning_service', 'symlink_install': False, 'test_result_base': None}
[0.171s] Level 5:colcon.colcon_core.verb:set package 'learning_topic' build argument 'cmake_args' from command line to 'None'
[0.171s] Level 5:colcon.colcon_core.verb:set package 'learning_topic' build argument 'cmake_target' from command line to 'None'
[0.171s] Level 5:colcon.colcon_core.verb:set package 'learning_topic' build argument 'cmake_target_skip_unavailable' from command line to 'False'
[0.171s] Level 5:colcon.colcon_core.verb:set package 'learning_topic' build argument 'cmake_clean_cache' from command line to 'False'
[0.171s] Level 5:colcon.colcon_core.verb:set package 'learning_topic' build argument 'cmake_clean_first' from command line to 'False'
[0.171s] Level 5:colcon.colcon_core.verb:set package 'learning_topic' build argument 'cmake_force_configure' from command line to 'False'
[0.171s] Level 5:colcon.colcon_core.verb:set package 'learning_topic' build argument 'ament_cmake_args' from command line to 'None'
[0.171s] Level 5:colcon.colcon_core.verb:set package 'learning_topic' build argument 'catkin_cmake_args' from command line to 'None'
[0.171s] Level 5:colcon.colcon_core.verb:set package 'learning_topic' build argument 'catkin_skip_building_tests' from command line to 'False'
[0.171s] DEBUG:colcon.colcon_core.verb:Building package 'learning_topic' with the following arguments: {'ament_cmake_args': None, 'build_base': '/home/cwc2204/dev_ws/build/learning_topic', 'catkin_cmake_args': None, 'catkin_skip_building_tests': False, 'cmake_args': None, 'cmake_clean_cache': False, 'cmake_clean_first': False, 'cmake_force_configure': False, 'cmake_target': None, 'cmake_target_skip_unavailable': False, 'install_base': '/home/cwc2204/dev_ws/install/learning_topic', 'merge_install': False, 'path': '/home/cwc2204/dev_ws/src/ros2_21_tutorials/learning_topic', 'symlink_install': False, 'test_result_base': None}
[0.171s] INFO:colcon.colcon_core.executor:Executing jobs using 'sequential' executor
[0.172s] DEBUG:colcon.colcon_core.executor.sequential:run_until_complete 'learning_gazebo'
[0.172s] INFO:colcon.colcon_ros.task.ament_python.build:Building ROS package in '/home/cwc2204/dev_ws/src/ros2_21_tutorials/learning_gazebo' with build type 'ament_python'
[0.172s] Level 1:colcon.colcon_core.shell:create_environment_hook('learning_gazebo', 'ament_prefix_path')
[0.173s] INFO:colcon.colcon_core.plugin_system:Skipping extension 'colcon_core.shell.bat': Not used on non-Windows systems
[0.173s] INFO:colcon.colcon_core.shell:Creating environment descriptor '/home/cwc2204/dev_ws/install/learning_gazebo/share/learning_gazebo/hook/ament_prefix_path.dsv'
[0.174s] INFO:colcon.colcon_core.shell:Creating environment hook '/home/cwc2204/dev_ws/install/learning_gazebo/share/learning_gazebo/hook/ament_prefix_path.sh'
[0.174s] DEBUG:colcon.colcon_core.shell:Skip shell extension 'dsv' for command environment
[0.301s] INFO:colcon.colcon_core.task.python.build:Building Python package in '/home/cwc2204/dev_ws/src/ros2_21_tutorials/learning_gazebo'
[0.301s] DEBUG:colcon.colcon_core.shell:Skip shell extension 'dsv' for command environment
[0.460s] DEBUG:colcon.colcon_core.event_handler.log_command:Invoking command in '/home/cwc2204/dev_ws/src/ros2_21_tutorials/learning_gazebo': PYTHONPATH=/home/cwc2204/dev_ws/build/learning_gazebo/prefix_override:/home/cwc2204/dev_ws/install/learning_gazebo/lib/python3.10/site-packages:${PYTHONPATH} /usr/bin/python3 setup.py egg_info --egg-base ../../../build/learning_gazebo build --build-base /home/cwc2204/dev_ws/build/learning_gazebo/build install --record /home/cwc2204/dev_ws/build/learning_gazebo/install.log --single-version-externally-managed
[0.601s] DEBUG:colcon.colcon_core.event_handler.log_command:Invoked command in '/home/cwc2204/dev_ws/src/ros2_21_tutorials/learning_gazebo' returned '0': PYTHONPATH=/home/cwc2204/dev_ws/build/learning_gazebo/prefix_override:/home/cwc2204/dev_ws/install/learning_gazebo/lib/python3.10/site-packages:${PYTHONPATH} /usr/bin/python3 setup.py egg_info --egg-base ../../../build/learning_gazebo build --build-base /home/cwc2204/dev_ws/build/learning_gazebo/build install --record /home/cwc2204/dev_ws/build/learning_gazebo/install.log --single-version-externally-managed
[0.604s] Level 1:colcon.colcon_core.environment:checking '/home/cwc2204/dev_ws/install/learning_gazebo' for CMake module files
[0.604s] Level 1:colcon.colcon_core.environment:checking '/home/cwc2204/dev_ws/install/learning_gazebo' for CMake config files
[0.605s] Level 1:colcon.colcon_core.environment:checking '/home/cwc2204/dev_ws/install/learning_gazebo/lib'
[0.605s] Level 1:colcon.colcon_core.environment:checking '/home/cwc2204/dev_ws/install/learning_gazebo/bin'
[0.605s] Level 1:colcon.colcon_core.environment:checking '/home/cwc2204/dev_ws/install/learning_gazebo/lib/pkgconfig/learning_gazebo.pc'
[0.605s] Level 1:colcon.colcon_core.environment:checking '/home/cwc2204/dev_ws/install/learning_gazebo/lib/python3.10/site-packages'
[0.605s] Level 1:colcon.colcon_core.shell:create_environment_hook('learning_gazebo', 'pythonpath')
[0.605s] INFO:colcon.colcon_core.shell:Creating environment descriptor '/home/cwc2204/dev_ws/install/learning_gazebo/share/learning_gazebo/hook/pythonpath.dsv'
[0.605s] INFO:colcon.colcon_core.shell:Creating environment hook '/home/cwc2204/dev_ws/install/learning_gazebo/share/learning_gazebo/hook/pythonpath.sh'
[0.606s] Level 1:colcon.colcon_core.environment:checking '/home/cwc2204/dev_ws/install/learning_gazebo/bin'
[0.606s] Level 1:colcon.colcon_core.environment:create_environment_scripts_only(learning_gazebo)
[0.606s] INFO:colcon.colcon_core.shell:Creating package descriptor '/home/cwc2204/dev_ws/install/learning_gazebo/share/learning_gazebo/package.dsv'
[0.606s] INFO:colcon.colcon_core.shell:Creating package script '/home/cwc2204/dev_ws/install/learning_gazebo/share/learning_gazebo/package.sh'
[0.607s] Level 1:colcon.colcon_core.environment:create_file_with_runtime_dependencies(/home/cwc2204/dev_ws/install/learning_gazebo/share/colcon-core/packages/learning_gazebo)
[0.607s] DEBUG:colcon.colcon_core.executor.sequential:run_until_complete 'learning_gazebo' finished with '0'
[0.607s] DEBUG:colcon.colcon_core.executor.sequential:run_until_complete 'learning_interface'
[0.607s] INFO:colcon.colcon_ros.task.ament_cmake.build:Building ROS package in '/home/cwc2204/dev_ws/src/ros2_21_tutorials/learning_interface' with build type 'ament_cmake'
[0.607s] INFO:colcon.colcon_cmake.task.cmake.build:Building CMake package in '/home/cwc2204/dev_ws/src/ros2_21_tutorials/learning_interface'
[0.612s] DEBUG:colcon.colcon_core.shell:Skip shell extension 'dsv' for command environment
[0.616s] DEBUG:colcon.colcon_core.event_handler.log_command:Invoking command in '/home/cwc2204/dev_ws/build/learning_interface': CMAKE_PREFIX_PATH=${CMAKE_PREFIX_PATH}:/home/cwc2204/dev_ws/install/learning_urdf:/home/cwc2204/dev_ws/install/learning_topic:/home/cwc2204/dev_ws/install/learning_tf:/home/cwc2204/dev_ws/install/learning_service:/home/cwc2204/dev_ws/install/learning_qos:/home/cwc2204/dev_ws/install/learning_pkg_python:/home/cwc2204/dev_ws/install/learning_parameter:/home/cwc2204/dev_ws/install/learning_node:/home/cwc2204/dev_ws/install/learning_launch:/home/cwc2204/dev_ws/install/learning_action:/home/cwc2204/dev_ws/install/learning_gazebo:/opt/ros/humble /usr/bin/cmake --build /home/cwc2204/dev_ws/build/learning_interface -- -j20 -l20
[0.825s] DEBUG:colcon.colcon_core.event_handler.log_command:Invoked command in '/home/cwc2204/dev_ws/build/learning_interface' returned '0': CMAKE_PREFIX_PATH=${CMAKE_PREFIX_PATH}:/home/cwc2204/dev_ws/install/learning_urdf:/home/cwc2204/dev_ws/install/learning_topic:/home/cwc2204/dev_ws/install/learning_tf:/home/cwc2204/dev_ws/install/learning_service:/home/cwc2204/dev_ws/install/learning_qos:/home/cwc2204/dev_ws/install/learning_pkg_python:/home/cwc2204/dev_ws/install/learning_parameter:/home/cwc2204/dev_ws/install/learning_node:/home/cwc2204/dev_ws/install/learning_launch:/home/cwc2204/dev_ws/install/learning_action:/home/cwc2204/dev_ws/install/learning_gazebo:/opt/ros/humble /usr/bin/cmake --build /home/cwc2204/dev_ws/build/learning_interface -- -j20 -l20
[0.903s] DEBUG:colcon.colcon_core.event_handler.log_command:Invoking command in '/home/cwc2204/dev_ws/build/learning_interface': CMAKE_PREFIX_PATH=${CMAKE_PREFIX_PATH}:/home/cwc2204/dev_ws/install/learning_urdf:/home/cwc2204/dev_ws/install/learning_topic:/home/cwc2204/dev_ws/install/learning_tf:/home/cwc2204/dev_ws/install/learning_service:/home/cwc2204/dev_ws/install/learning_qos:/home/cwc2204/dev_ws/install/learning_pkg_python:/home/cwc2204/dev_ws/install/learning_parameter:/home/cwc2204/dev_ws/install/learning_node:/home/cwc2204/dev_ws/install/learning_launch:/home/cwc2204/dev_ws/install/learning_action:/home/cwc2204/dev_ws/install/learning_gazebo:/opt/ros/humble /usr/bin/cmake --install /home/cwc2204/dev_ws/build/learning_interface
[0.934s] Level 1:colcon.colcon_core.environment:create_environment_scripts_only(learning_interface)
[0.934s] DEBUG:colcon.colcon_core.event_handler.log_command:Invoked command in '/home/cwc2204/dev_ws/build/learning_interface' returned '0': CMAKE_PREFIX_PATH=${CMAKE_PREFIX_PATH}:/home/cwc2204/dev_ws/install/learning_urdf:/home/cwc2204/dev_ws/install/learning_topic:/home/cwc2204/dev_ws/install/learning_tf:/home/cwc2204/dev_ws/install/learning_service:/home/cwc2204/dev_ws/install/learning_qos:/home/cwc2204/dev_ws/install/learning_pkg_python:/home/cwc2204/dev_ws/install/learning_parameter:/home/cwc2204/dev_ws/install/learning_node:/home/cwc2204/dev_ws/install/learning_launch:/home/cwc2204/dev_ws/install/learning_action:/home/cwc2204/dev_ws/install/learning_gazebo:/opt/ros/humble /usr/bin/cmake --install /home/cwc2204/dev_ws/build/learning_interface
[0.935s] Level 1:colcon.colcon_core.environment:checking '/home/cwc2204/dev_ws/install/learning_interface' for CMake module files
[0.936s] Level 1:colcon.colcon_core.environment:checking '/home/cwc2204/dev_ws/install/learning_interface' for CMake config files
[0.936s] Level 1:colcon.colcon_core.shell:create_environment_hook('learning_interface', 'cmake_prefix_path')
[0.936s] INFO:colcon.colcon_core.shell:Creating environment descriptor '/home/cwc2204/dev_ws/install/learning_interface/share/learning_interface/hook/cmake_prefix_path.dsv'
[0.936s] INFO:colcon.colcon_core.shell:Creating environment hook '/home/cwc2204/dev_ws/install/learning_interface/share/learning_interface/hook/cmake_prefix_path.sh'
[0.937s] Level 1:colcon.colcon_core.environment:checking '/home/cwc2204/dev_ws/install/learning_interface/lib'
[0.937s] Level 1:colcon.colcon_core.shell:create_environment_hook('learning_interface', 'ld_library_path_lib')
[0.937s] INFO:colcon.colcon_core.shell:Creating environment descriptor '/home/cwc2204/dev_ws/install/learning_interface/share/learning_interface/hook/ld_library_path_lib.dsv'
[0.937s] INFO:colcon.colcon_core.shell:Creating environment hook '/home/cwc2204/dev_ws/install/learning_interface/share/learning_interface/hook/ld_library_path_lib.sh'
[0.938s] Level 1:colcon.colcon_core.environment:checking '/home/cwc2204/dev_ws/install/learning_interface/bin'
[0.938s] Level 1:colcon.colcon_core.environment:checking '/home/cwc2204/dev_ws/install/learning_interface/lib/pkgconfig/learning_interface.pc'
[0.938s] Level 1:colcon.colcon_core.environment:checking '/home/cwc2204/dev_ws/install/learning_interface/lib/python3.10/site-packages'
[0.938s] Level 1:colcon.colcon_core.environment:checking '/home/cwc2204/dev_ws/install/learning_interface/bin'
[0.938s] INFO:colcon.colcon_core.shell:Creating package descriptor '/home/cwc2204/dev_ws/install/learning_interface/share/learning_interface/package.dsv'
[0.939s] INFO:colcon.colcon_core.shell:Creating package script '/home/cwc2204/dev_ws/install/learning_interface/share/learning_interface/package.sh'
[0.939s] Level 1:colcon.colcon_core.environment:create_file_with_runtime_dependencies(/home/cwc2204/dev_ws/install/learning_interface/share/colcon-core/packages/learning_interface)
[0.985s] Level 1:colcon.colcon_core.environment:create_environment_scripts_only(learning_interface)
[0.986s] Level 1:colcon.colcon_core.environment:checking '/home/cwc2204/dev_ws/install/learning_interface' for CMake module files
[0.987s] Level 1:colcon.colcon_core.environment:checking '/home/cwc2204/dev_ws/install/learning_interface' for CMake config files
[0.987s] Level 1:colcon.colcon_core.shell:create_environment_hook('learning_interface', 'cmake_prefix_path')
[0.987s] INFO:colcon.colcon_core.shell:Creating environment descriptor '/home/cwc2204/dev_ws/install/learning_interface/share/learning_interface/hook/cmake_prefix_path.dsv'
[0.987s] INFO:colcon.colcon_core.shell:Creating environment hook '/home/cwc2204/dev_ws/install/learning_interface/share/learning_interface/hook/cmake_prefix_path.sh'
[0.988s] Level 1:colcon.colcon_core.environment:checking '/home/cwc2204/dev_ws/install/learning_interface/lib'
[0.988s] Level 1:colcon.colcon_core.shell:create_environment_hook('learning_interface', 'ld_library_path_lib')
[0.988s] INFO:colcon.colcon_core.shell:Creating environment descriptor '/home/cwc2204/dev_ws/install/learning_interface/share/learning_interface/hook/ld_library_path_lib.dsv'
[0.988s] INFO:colcon.colcon_core.shell:Creating environment hook '/home/cwc2204/dev_ws/install/learning_interface/share/learning_interface/hook/ld_library_path_lib.sh'
[0.988s] Level 1:colcon.colcon_core.environment:checking '/home/cwc2204/dev_ws/install/learning_interface/bin'
[0.988s] Level 1:colcon.colcon_core.environment:checking '/home/cwc2204/dev_ws/install/learning_interface/lib/pkgconfig/learning_interface.pc'
[0.989s] Level 1:colcon.colcon_core.environment:checking '/home/cwc2204/dev_ws/install/learning_interface/lib/python3.10/site-packages'
[0.989s] Level 1:colcon.colcon_core.environment:checking '/home/cwc2204/dev_ws/install/learning_interface/bin'
[0.989s] INFO:colcon.colcon_core.shell:Creating package descriptor '/home/cwc2204/dev_ws/install/learning_interface/share/learning_interface/package.dsv'
[0.989s] INFO:colcon.colcon_core.shell:Creating package script '/home/cwc2204/dev_ws/install/learning_interface/share/learning_interface/package.sh'
[0.989s] Level 1:colcon.colcon_core.environment:create_file_with_runtime_dependencies(/home/cwc2204/dev_ws/install/learning_interface/share/colcon-core/packages/learning_interface)
[0.990s] DEBUG:colcon.colcon_core.executor.sequential:run_until_complete 'learning_interface' finished with '0'
[0.990s] DEBUG:colcon.colcon_core.executor.sequential:run_until_complete 'learning_launch'
[0.990s] INFO:colcon.colcon_ros.task.ament_python.build:Building ROS package in '/home/cwc2204/dev_ws/src/ros2_21_tutorials/learning_launch' with build type 'ament_python'
[0.990s] Level 1:colcon.colcon_core.shell:create_environment_hook('learning_launch', 'ament_prefix_path')
[0.990s] INFO:colcon.colcon_core.shell:Creating environment descriptor '/home/cwc2204/dev_ws/install/learning_launch/share/learning_launch/hook/ament_prefix_path.dsv'
[0.990s] INFO:colcon.colcon_core.shell:Creating environment hook '/home/cwc2204/dev_ws/install/learning_launch/share/learning_launch/hook/ament_prefix_path.sh'
[0.991s] DEBUG:colcon.colcon_core.shell:Skip shell extension 'dsv' for command environment
[1.113s] INFO:colcon.colcon_core.task.python.build:Building Python package in '/home/cwc2204/dev_ws/src/ros2_21_tutorials/learning_launch'
[1.114s] DEBUG:colcon.colcon_core.shell:Skip shell extension 'dsv' for command environment
[1.272s] DEBUG:colcon.colcon_core.event_handler.log_command:Invoking command in '/home/cwc2204/dev_ws/src/ros2_21_tutorials/learning_launch': PYTHONPATH=/home/cwc2204/dev_ws/build/learning_launch/prefix_override:/home/cwc2204/dev_ws/install/learning_launch/lib/python3.10/site-packages:${PYTHONPATH} /usr/bin/python3 setup.py egg_info --egg-base ../../../build/learning_launch build --build-base /home/cwc2204/dev_ws/build/learning_launch/build install --record /home/cwc2204/dev_ws/build/learning_launch/install.log --single-version-externally-managed
[1.412s] Level 1:colcon.colcon_core.environment:checking '/home/cwc2204/dev_ws/install/learning_launch' for CMake module files
[1.412s] DEBUG:colcon.colcon_core.event_handler.log_command:Invoked command in '/home/cwc2204/dev_ws/src/ros2_21_tutorials/learning_launch' returned '0': PYTHONPATH=/home/cwc2204/dev_ws/build/learning_launch/prefix_override:/home/cwc2204/dev_ws/install/learning_launch/lib/python3.10/site-packages:${PYTHONPATH} /usr/bin/python3 setup.py egg_info --egg-base ../../../build/learning_launch build --build-base /home/cwc2204/dev_ws/build/learning_launch/build install --record /home/cwc2204/dev_ws/build/learning_launch/install.log --single-version-externally-managed
[1.413s] Level 1:colcon.colcon_core.environment:checking '/home/cwc2204/dev_ws/install/learning_launch' for CMake config files
[1.413s] Level 1:colcon.colcon_core.environment:checking '/home/cwc2204/dev_ws/install/learning_launch/lib'
[1.413s] Level 1:colcon.colcon_core.environment:checking '/home/cwc2204/dev_ws/install/learning_launch/bin'
[1.413s] Level 1:colcon.colcon_core.environment:checking '/home/cwc2204/dev_ws/install/learning_launch/lib/pkgconfig/learning_launch.pc'
[1.413s] Level 1:colcon.colcon_core.environment:checking '/home/cwc2204/dev_ws/install/learning_launch/lib/python3.10/site-packages'
[1.413s] Level 1:colcon.colcon_core.shell:create_environment_hook('learning_launch', 'pythonpath')
[1.413s] INFO:colcon.colcon_core.shell:Creating environment descriptor '/home/cwc2204/dev_ws/install/learning_launch/share/learning_launch/hook/pythonpath.dsv'
[1.414s] INFO:colcon.colcon_core.shell:Creating environment hook '/home/cwc2204/dev_ws/install/learning_launch/share/learning_launch/hook/pythonpath.sh'
[1.414s] Level 1:colcon.colcon_core.environment:checking '/home/cwc2204/dev_ws/install/learning_launch/bin'
[1.414s] Level 1:colcon.colcon_core.environment:create_environment_scripts_only(learning_launch)
[1.414s] INFO:colcon.colcon_core.shell:Creating package descriptor '/home/cwc2204/dev_ws/install/learning_launch/share/learning_launch/package.dsv'
[1.415s] INFO:colcon.colcon_core.shell:Creating package script '/home/cwc2204/dev_ws/install/learning_launch/share/learning_launch/package.sh'
[1.415s] Level 1:colcon.colcon_core.environment:create_file_with_runtime_dependencies(/home/cwc2204/dev_ws/install/learning_launch/share/colcon-core/packages/learning_launch)
[1.415s] DEBUG:colcon.colcon_core.executor.sequential:run_until_complete 'learning_launch' finished with '0'
[1.415s] DEBUG:colcon.colcon_core.executor.sequential:run_until_complete 'learning_node'
[1.415s] INFO:colcon.colcon_ros.task.ament_python.build:Building ROS package in '/home/cwc2204/dev_ws/src/ros2_21_tutorials/learning_node' with build type 'ament_python'
[1.415s] Level 1:colcon.colcon_core.shell:create_environment_hook('learning_node', 'ament_prefix_path')
[1.415s] INFO:colcon.colcon_core.shell:Creating environment descriptor '/home/cwc2204/dev_ws/install/learning_node/share/learning_node/hook/ament_prefix_path.dsv'
[1.416s] INFO:colcon.colcon_core.shell:Creating environment hook '/home/cwc2204/dev_ws/install/learning_node/share/learning_node/hook/ament_prefix_path.sh'
[1.416s] DEBUG:colcon.colcon_core.shell:Skip shell extension 'dsv' for command environment
[1.540s] INFO:colcon.colcon_core.task.python.build:Building Python package in '/home/cwc2204/dev_ws/src/ros2_21_tutorials/learning_node'
[1.540s] DEBUG:colcon.colcon_core.shell:Skip shell extension 'dsv' for command environment
[1.700s] DEBUG:colcon.colcon_core.event_handler.log_command:Invoking command in '/home/cwc2204/dev_ws/src/ros2_21_tutorials/learning_node': PYTHONPATH=/home/cwc2204/dev_ws/build/learning_node/prefix_override:/home/cwc2204/dev_ws/install/learning_node/lib/python3.10/site-packages:${PYTHONPATH} /usr/bin/python3 setup.py egg_info --egg-base ../../../build/learning_node build --build-base /home/cwc2204/dev_ws/build/learning_node/build install --record /home/cwc2204/dev_ws/build/learning_node/install.log --single-version-externally-managed
[1.838s] Level 1:colcon.colcon_core.environment:checking '/home/cwc2204/dev_ws/install/learning_node' for CMake module files
[1.838s] DEBUG:colcon.colcon_core.event_handler.log_command:Invoked command in '/home/cwc2204/dev_ws/src/ros2_21_tutorials/learning_node' returned '0': PYTHONPATH=/home/cwc2204/dev_ws/build/learning_node/prefix_override:/home/cwc2204/dev_ws/install/learning_node/lib/python3.10/site-packages:${PYTHONPATH} /usr/bin/python3 setup.py egg_info --egg-base ../../../build/learning_node build --build-base /home/cwc2204/dev_ws/build/learning_node/build install --record /home/cwc2204/dev_ws/build/learning_node/install.log --single-version-externally-managed
[1.838s] Level 1:colcon.colcon_core.environment:checking '/home/cwc2204/dev_ws/install/learning_node' for CMake config files
[1.838s] Level 1:colcon.colcon_core.environment:checking '/home/cwc2204/dev_ws/install/learning_node/lib'
[1.838s] Level 1:colcon.colcon_core.environment:checking '/home/cwc2204/dev_ws/install/learning_node/bin'
[1.838s] Level 1:colcon.colcon_core.environment:checking '/home/cwc2204/dev_ws/install/learning_node/lib/pkgconfig/learning_node.pc'
[1.838s] Level 1:colcon.colcon_core.environment:checking '/home/cwc2204/dev_ws/install/learning_node/lib/python3.10/site-packages'
[1.838s] Level 1:colcon.colcon_core.shell:create_environment_hook('learning_node', 'pythonpath')
[1.839s] INFO:colcon.colcon_core.shell:Creating environment descriptor '/home/cwc2204/dev_ws/install/learning_node/share/learning_node/hook/pythonpath.dsv'
[1.839s] INFO:colcon.colcon_core.shell:Creating environment hook '/home/cwc2204/dev_ws/install/learning_node/share/learning_node/hook/pythonpath.sh'
[1.839s] Level 1:colcon.colcon_core.environment:checking '/home/cwc2204/dev_ws/install/learning_node/bin'
[1.839s] Level 1:colcon.colcon_core.environment:create_environment_scripts_only(learning_node)
[1.840s] INFO:colcon.colcon_core.shell:Creating package descriptor '/home/cwc2204/dev_ws/install/learning_node/share/learning_node/package.dsv'
[1.840s] INFO:colcon.colcon_core.shell:Creating package script '/home/cwc2204/dev_ws/install/learning_node/share/learning_node/package.sh'
[1.840s] Level 1:colcon.colcon_core.environment:create_file_with_runtime_dependencies(/home/cwc2204/dev_ws/install/learning_node/share/colcon-core/packages/learning_node)
[1.840s] DEBUG:colcon.colcon_core.executor.sequential:run_until_complete 'learning_node' finished with '0'
[1.840s] DEBUG:colcon.colcon_core.executor.sequential:run_until_complete 'learning_parameter'
[1.840s] INFO:colcon.colcon_ros.task.ament_python.build:Building ROS package in '/home/cwc2204/dev_ws/src/ros2_21_tutorials/learning_parameter' with build type 'ament_python'
[1.841s] Level 1:colcon.colcon_core.shell:create_environment_hook('learning_parameter', 'ament_prefix_path')
[1.841s] INFO:colcon.colcon_core.shell:Creating environment descriptor '/home/cwc2204/dev_ws/install/learning_parameter/share/learning_parameter/hook/ament_prefix_path.dsv'
[1.841s] INFO:colcon.colcon_core.shell:Creating environment hook '/home/cwc2204/dev_ws/install/learning_parameter/share/learning_parameter/hook/ament_prefix_path.sh'
[1.842s] DEBUG:colcon.colcon_core.shell:Skip shell extension 'dsv' for command environment
[1.965s] INFO:colcon.colcon_core.task.python.build:Building Python package in '/home/cwc2204/dev_ws/src/ros2_21_tutorials/learning_parameter'
[1.966s] DEBUG:colcon.colcon_core.shell:Skip shell extension 'dsv' for command environment
[2.124s] DEBUG:colcon.colcon_core.event_handler.log_command:Invoking command in '/home/cwc2204/dev_ws/src/ros2_21_tutorials/learning_parameter': PYTHONPATH=/home/cwc2204/dev_ws/build/learning_parameter/prefix_override:/home/cwc2204/dev_ws/install/learning_parameter/lib/python3.10/site-packages:${PYTHONPATH} /usr/bin/python3 setup.py egg_info --egg-base ../../../build/learning_parameter build --build-base /home/cwc2204/dev_ws/build/learning_parameter/build install --record /home/cwc2204/dev_ws/build/learning_parameter/install.log --single-version-externally-managed
[2.265s] Level 1:colcon.colcon_core.environment:checking '/home/cwc2204/dev_ws/install/learning_parameter' for CMake module files
[2.265s] DEBUG:colcon.colcon_core.event_handler.log_command:Invoked command in '/home/cwc2204/dev_ws/src/ros2_21_tutorials/learning_parameter' returned '0': PYTHONPATH=/home/cwc2204/dev_ws/build/learning_parameter/prefix_override:/home/cwc2204/dev_ws/install/learning_parameter/lib/python3.10/site-packages:${PYTHONPATH} /usr/bin/python3 setup.py egg_info --egg-base ../../../build/learning_parameter build --build-base /home/cwc2204/dev_ws/build/learning_parameter/build install --record /home/cwc2204/dev_ws/build/learning_parameter/install.log --single-version-externally-managed
[2.265s] Level 1:colcon.colcon_core.environment:checking '/home/cwc2204/dev_ws/install/learning_parameter' for CMake config files
[2.265s] Level 1:colcon.colcon_core.environment:checking '/home/cwc2204/dev_ws/install/learning_parameter/lib'
[2.265s] Level 1:colcon.colcon_core.environment:checking '/home/cwc2204/dev_ws/install/learning_parameter/bin'
[2.265s] Level 1:colcon.colcon_core.environment:checking '/home/cwc2204/dev_ws/install/learning_parameter/lib/pkgconfig/learning_parameter.pc'
[2.265s] Level 1:colcon.colcon_core.environment:checking '/home/cwc2204/dev_ws/install/learning_parameter/lib/python3.10/site-packages'
[2.265s] Level 1:colcon.colcon_core.shell:create_environment_hook('learning_parameter', 'pythonpath')
[2.266s] INFO:colcon.colcon_core.shell:Creating environment descriptor '/home/cwc2204/dev_ws/install/learning_parameter/share/learning_parameter/hook/pythonpath.dsv'
[2.266s] INFO:colcon.colcon_core.shell:Creating environment hook '/home/cwc2204/dev_ws/install/learning_parameter/share/learning_parameter/hook/pythonpath.sh'
[2.266s] Level 1:colcon.colcon_core.environment:checking '/home/cwc2204/dev_ws/install/learning_parameter/bin'
[2.266s] Level 1:colcon.colcon_core.environment:create_environment_scripts_only(learning_parameter)
[2.267s] INFO:colcon.colcon_core.shell:Creating package descriptor '/home/cwc2204/dev_ws/install/learning_parameter/share/learning_parameter/package.dsv'
[2.267s] INFO:colcon.colcon_core.shell:Creating package script '/home/cwc2204/dev_ws/install/learning_parameter/share/learning_parameter/package.sh'
[2.267s] Level 1:colcon.colcon_core.environment:create_file_with_runtime_dependencies(/home/cwc2204/dev_ws/install/learning_parameter/share/colcon-core/packages/learning_parameter)
[2.267s] DEBUG:colcon.colcon_core.executor.sequential:run_until_complete 'learning_parameter' finished with '0'
[2.267s] DEBUG:colcon.colcon_core.executor.sequential:run_until_complete 'learning_pkg_c'
[2.267s] INFO:colcon.colcon_ros.task.ament_cmake.build:Building ROS package in '/home/cwc2204/dev_ws/src/ros2_21_tutorials/learning_pkg_c' with build type 'ament_cmake'
[2.267s] INFO:colcon.colcon_cmake.task.cmake.build:Building CMake package in '/home/cwc2204/dev_ws/src/ros2_21_tutorials/learning_pkg_c'
[2.268s] DEBUG:colcon.colcon_core.shell:Skip shell extension 'dsv' for command environment
[2.271s] DEBUG:colcon.colcon_core.event_handler.log_command:Invoking command in '/home/cwc2204/dev_ws/build/learning_pkg_c': CMAKE_PREFIX_PATH=${CMAKE_PREFIX_PATH}:/home/cwc2204/dev_ws/install/learning_urdf:/home/cwc2204/dev_ws/install/learning_topic:/home/cwc2204/dev_ws/install/learning_tf:/home/cwc2204/dev_ws/install/learning_service:/home/cwc2204/dev_ws/install/learning_qos:/home/cwc2204/dev_ws/install/learning_pkg_python:/home/cwc2204/dev_ws/install/learning_parameter:/home/cwc2204/dev_ws/install/learning_node:/home/cwc2204/dev_ws/install/learning_launch:/home/cwc2204/dev_ws/install/learning_action:/home/cwc2204/dev_ws/install/learning_gazebo:/opt/ros/humble /usr/bin/cmake --build /home/cwc2204/dev_ws/build/learning_pkg_c -- -j20 -l20
[2.290s] DEBUG:colcon.colcon_core.event_handler.log_command:Invoked command in '/home/cwc2204/dev_ws/build/learning_pkg_c' returned '0': CMAKE_PREFIX_PATH=${CMAKE_PREFIX_PATH}:/home/cwc2204/dev_ws/install/learning_urdf:/home/cwc2204/dev_ws/install/learning_topic:/home/cwc2204/dev_ws/install/learning_tf:/home/cwc2204/dev_ws/install/learning_service:/home/cwc2204/dev_ws/install/learning_qos:/home/cwc2204/dev_ws/install/learning_pkg_python:/home/cwc2204/dev_ws/install/learning_parameter:/home/cwc2204/dev_ws/install/learning_node:/home/cwc2204/dev_ws/install/learning_launch:/home/cwc2204/dev_ws/install/learning_action:/home/cwc2204/dev_ws/install/learning_gazebo:/opt/ros/humble /usr/bin/cmake --build /home/cwc2204/dev_ws/build/learning_pkg_c -- -j20 -l20
[2.307s] DEBUG:colcon.colcon_core.event_handler.log_command:Invoking command in '/home/cwc2204/dev_ws/build/learning_pkg_c': CMAKE_PREFIX_PATH=${CMAKE_PREFIX_PATH}:/home/cwc2204/dev_ws/install/learning_urdf:/home/cwc2204/dev_ws/install/learning_topic:/home/cwc2204/dev_ws/install/learning_tf:/home/cwc2204/dev_ws/install/learning_service:/home/cwc2204/dev_ws/install/learning_qos:/home/cwc2204/dev_ws/install/learning_pkg_python:/home/cwc2204/dev_ws/install/learning_parameter:/home/cwc2204/dev_ws/install/learning_node:/home/cwc2204/dev_ws/install/learning_launch:/home/cwc2204/dev_ws/install/learning_action:/home/cwc2204/dev_ws/install/learning_gazebo:/opt/ros/humble /usr/bin/cmake --install /home/cwc2204/dev_ws/build/learning_pkg_c
[2.318s] Level 1:colcon.colcon_core.environment:create_environment_scripts_only(learning_pkg_c)
[2.318s] DEBUG:colcon.colcon_core.event_handler.log_command:Invoked command in '/home/cwc2204/dev_ws/build/learning_pkg_c' returned '0': CMAKE_PREFIX_PATH=${CMAKE_PREFIX_PATH}:/home/cwc2204/dev_ws/install/learning_urdf:/home/cwc2204/dev_ws/install/learning_topic:/home/cwc2204/dev_ws/install/learning_tf:/home/cwc2204/dev_ws/install/learning_service:/home/cwc2204/dev_ws/install/learning_qos:/home/cwc2204/dev_ws/install/learning_pkg_python:/home/cwc2204/dev_ws/install/learning_parameter:/home/cwc2204/dev_ws/install/learning_node:/home/cwc2204/dev_ws/install/learning_launch:/home/cwc2204/dev_ws/install/learning_action:/home/cwc2204/dev_ws/install/learning_gazebo:/opt/ros/humble /usr/bin/cmake --install /home/cwc2204/dev_ws/build/learning_pkg_c
[2.321s] Level 1:colcon.colcon_core.environment:checking '/home/cwc2204/dev_ws/install/learning_pkg_c' for CMake module files
[2.321s] Level 1:colcon.colcon_core.environment:checking '/home/cwc2204/dev_ws/install/learning_pkg_c' for CMake config files
[2.322s] Level 1:colcon.colcon_core.shell:create_environment_hook('learning_pkg_c', 'cmake_prefix_path')
[2.322s] INFO:colcon.colcon_core.shell:Creating environment descriptor '/home/cwc2204/dev_ws/install/learning_pkg_c/share/learning_pkg_c/hook/cmake_prefix_path.dsv'
[2.323s] INFO:colcon.colcon_core.shell:Creating environment hook '/home/cwc2204/dev_ws/install/learning_pkg_c/share/learning_pkg_c/hook/cmake_prefix_path.sh'
[2.323s] Level 1:colcon.colcon_core.environment:checking '/home/cwc2204/dev_ws/install/learning_pkg_c/bin'
[2.323s] Level 1:colcon.colcon_core.environment:checking '/home/cwc2204/dev_ws/install/learning_pkg_c/lib/pkgconfig/learning_pkg_c.pc'
[2.323s] Level 1:colcon.colcon_core.environment:checking '/home/cwc2204/dev_ws/install/learning_pkg_c/lib/python3.10/site-packages'
[2.324s] Level 1:colcon.colcon_core.environment:checking '/home/cwc2204/dev_ws/install/learning_pkg_c/bin'
[2.324s] INFO:colcon.colcon_core.shell:Creating package descriptor '/home/cwc2204/dev_ws/install/learning_pkg_c/share/learning_pkg_c/package.dsv'
[2.325s] INFO:colcon.colcon_core.shell:Creating package script '/home/cwc2204/dev_ws/install/learning_pkg_c/share/learning_pkg_c/package.sh'
[2.325s] Level 1:colcon.colcon_core.environment:create_file_with_runtime_dependencies(/home/cwc2204/dev_ws/install/learning_pkg_c/share/colcon-core/packages/learning_pkg_c)
[2.346s] Level 1:colcon.colcon_core.environment:create_environment_scripts_only(learning_pkg_c)
[2.348s] Level 1:colcon.colcon_core.environment:checking '/home/cwc2204/dev_ws/install/learning_pkg_c' for CMake module files
[2.349s] Level 1:colcon.colcon_core.environment:checking '/home/cwc2204/dev_ws/install/learning_pkg_c' for CMake config files
[2.349s] Level 1:colcon.colcon_core.shell:create_environment_hook('learning_pkg_c', 'cmake_prefix_path')
[2.350s] INFO:colcon.colcon_core.shell:Creating environment descriptor '/home/cwc2204/dev_ws/install/learning_pkg_c/share/learning_pkg_c/hook/cmake_prefix_path.dsv'
[2.350s] INFO:colcon.colcon_core.shell:Creating environment hook '/home/cwc2204/dev_ws/install/learning_pkg_c/share/learning_pkg_c/hook/cmake_prefix_path.sh'
[2.351s] Level 1:colcon.colcon_core.environment:checking '/home/cwc2204/dev_ws/install/learning_pkg_c/bin'
[2.351s] Level 1:colcon.colcon_core.environment:checking '/home/cwc2204/dev_ws/install/learning_pkg_c/lib/pkgconfig/learning_pkg_c.pc'
[2.351s] Level 1:colcon.colcon_core.environment:checking '/home/cwc2204/dev_ws/install/learning_pkg_c/lib/python3.10/site-packages'
[2.351s] Level 1:colcon.colcon_core.environment:checking '/home/cwc2204/dev_ws/install/learning_pkg_c/bin'
[2.352s] INFO:colcon.colcon_core.shell:Creating package descriptor '/home/cwc2204/dev_ws/install/learning_pkg_c/share/learning_pkg_c/package.dsv'
[2.352s] INFO:colcon.colcon_core.shell:Creating package script '/home/cwc2204/dev_ws/install/learning_pkg_c/share/learning_pkg_c/package.sh'
[2.353s] Level 1:colcon.colcon_core.environment:create_file_with_runtime_dependencies(/home/cwc2204/dev_ws/install/learning_pkg_c/share/colcon-core/packages/learning_pkg_c)
[2.353s] DEBUG:colcon.colcon_core.executor.sequential:run_until_complete 'learning_pkg_c' finished with '0'
[2.353s] DEBUG:colcon.colcon_core.executor.sequential:run_until_complete 'learning_pkg_python'
[2.353s] INFO:colcon.colcon_ros.task.ament_python.build:Building ROS package in '/home/cwc2204/dev_ws/src/ros2_21_tutorials/learning_pkg_python' with build type 'ament_python'
[2.353s] Level 1:colcon.colcon_core.shell:create_environment_hook('learning_pkg_python', 'ament_prefix_path')
[2.354s] INFO:colcon.colcon_core.shell:Creating environment descriptor '/home/cwc2204/dev_ws/install/learning_pkg_python/share/learning_pkg_python/hook/ament_prefix_path.dsv'
[2.354s] INFO:colcon.colcon_core.shell:Creating environment hook '/home/cwc2204/dev_ws/install/learning_pkg_python/share/learning_pkg_python/hook/ament_prefix_path.sh'
[2.354s] DEBUG:colcon.colcon_core.shell:Skip shell extension 'dsv' for command environment
[2.491s] INFO:colcon.colcon_core.task.python.build:Building Python package in '/home/cwc2204/dev_ws/src/ros2_21_tutorials/learning_pkg_python'
[2.492s] DEBUG:colcon.colcon_core.shell:Skip shell extension 'dsv' for command environment
[2.651s] DEBUG:colcon.colcon_core.event_handler.log_command:Invoking command in '/home/cwc2204/dev_ws/src/ros2_21_tutorials/learning_pkg_python': PYTHONPATH=/home/cwc2204/dev_ws/build/learning_pkg_python/prefix_override:/home/cwc2204/dev_ws/install/learning_pkg_python/lib/python3.10/site-packages:${PYTHONPATH} /usr/bin/python3 setup.py egg_info --egg-base ../../../build/learning_pkg_python build --build-base /home/cwc2204/dev_ws/build/learning_pkg_python/build install --record /home/cwc2204/dev_ws/build/learning_pkg_python/install.log --single-version-externally-managed
[2.790s] Level 1:colcon.colcon_core.environment:checking '/home/cwc2204/dev_ws/install/learning_pkg_python' for CMake module files
[2.790s] DEBUG:colcon.colcon_core.event_handler.log_command:Invoked command in '/home/cwc2204/dev_ws/src/ros2_21_tutorials/learning_pkg_python' returned '0': PYTHONPATH=/home/cwc2204/dev_ws/build/learning_pkg_python/prefix_override:/home/cwc2204/dev_ws/install/learning_pkg_python/lib/python3.10/site-packages:${PYTHONPATH} /usr/bin/python3 setup.py egg_info --egg-base ../../../build/learning_pkg_python build --build-base /home/cwc2204/dev_ws/build/learning_pkg_python/build install --record /home/cwc2204/dev_ws/build/learning_pkg_python/install.log --single-version-externally-managed
[2.791s] Level 1:colcon.colcon_core.environment:checking '/home/cwc2204/dev_ws/install/learning_pkg_python' for CMake config files
[2.791s] Level 1:colcon.colcon_core.environment:checking '/home/cwc2204/dev_ws/install/learning_pkg_python/lib'
[2.791s] Level 1:colcon.colcon_core.environment:checking '/home/cwc2204/dev_ws/install/learning_pkg_python/bin'
[2.791s] Level 1:colcon.colcon_core.environment:checking '/home/cwc2204/dev_ws/install/learning_pkg_python/lib/pkgconfig/learning_pkg_python.pc'
[2.791s] Level 1:colcon.colcon_core.environment:checking '/home/cwc2204/dev_ws/install/learning_pkg_python/lib/python3.10/site-packages'
[2.791s] Level 1:colcon.colcon_core.shell:create_environment_hook('learning_pkg_python', 'pythonpath')
[2.791s] INFO:colcon.colcon_core.shell:Creating environment descriptor '/home/cwc2204/dev_ws/install/learning_pkg_python/share/learning_pkg_python/hook/pythonpath.dsv'
[2.792s] INFO:colcon.colcon_core.shell:Creating environment hook '/home/cwc2204/dev_ws/install/learning_pkg_python/share/learning_pkg_python/hook/pythonpath.sh'
[2.792s] Level 1:colcon.colcon_core.environment:checking '/home/cwc2204/dev_ws/install/learning_pkg_python/bin'
[2.792s] Level 1:colcon.colcon_core.environment:create_environment_scripts_only(learning_pkg_python)
[2.792s] INFO:colcon.colcon_core.shell:Creating package descriptor '/home/cwc2204/dev_ws/install/learning_pkg_python/share/learning_pkg_python/package.dsv'
[2.793s] INFO:colcon.colcon_core.shell:Creating package script '/home/cwc2204/dev_ws/install/learning_pkg_python/share/learning_pkg_python/package.sh'
[2.793s] Level 1:colcon.colcon_core.environment:create_file_with_runtime_dependencies(/home/cwc2204/dev_ws/install/learning_pkg_python/share/colcon-core/packages/learning_pkg_python)
[2.793s] DEBUG:colcon.colcon_core.executor.sequential:run_until_complete 'learning_pkg_python' finished with '0'
[2.793s] DEBUG:colcon.colcon_core.executor.sequential:run_until_complete 'learning_qos'
[2.793s] INFO:colcon.colcon_ros.task.ament_python.build:Building ROS package in '/home/cwc2204/dev_ws/src/ros2_21_tutorials/learning_qos' with build type 'ament_python'
[2.793s] Level 1:colcon.colcon_core.shell:create_environment_hook('learning_qos', 'ament_prefix_path')
[2.793s] INFO:colcon.colcon_core.shell:Creating environment descriptor '/home/cwc2204/dev_ws/install/learning_qos/share/learning_qos/hook/ament_prefix_path.dsv'
[2.794s] INFO:colcon.colcon_core.shell:Creating environment hook '/home/cwc2204/dev_ws/install/learning_qos/share/learning_qos/hook/ament_prefix_path.sh'
[2.794s] DEBUG:colcon.colcon_core.shell:Skip shell extension 'dsv' for command environment
[2.916s] INFO:colcon.colcon_core.task.python.build:Building Python package in '/home/cwc2204/dev_ws/src/ros2_21_tutorials/learning_qos'
[2.916s] DEBUG:colcon.colcon_core.shell:Skip shell extension 'dsv' for command environment
[3.077s] DEBUG:colcon.colcon_core.event_handler.log_command:Invoking command in '/home/cwc2204/dev_ws/src/ros2_21_tutorials/learning_qos': PYTHONPATH=/home/cwc2204/dev_ws/build/learning_qos/prefix_override:/home/cwc2204/dev_ws/install/learning_qos/lib/python3.10/site-packages:${PYTHONPATH} /usr/bin/python3 setup.py egg_info --egg-base ../../../build/learning_qos build --build-base /home/cwc2204/dev_ws/build/learning_qos/build install --record /home/cwc2204/dev_ws/build/learning_qos/install.log --single-version-externally-managed
[3.214s] Level 1:colcon.colcon_core.environment:checking '/home/cwc2204/dev_ws/install/learning_qos' for CMake module files
[3.214s] DEBUG:colcon.colcon_core.event_handler.log_command:Invoked command in '/home/cwc2204/dev_ws/src/ros2_21_tutorials/learning_qos' returned '0': PYTHONPATH=/home/cwc2204/dev_ws/build/learning_qos/prefix_override:/home/cwc2204/dev_ws/install/learning_qos/lib/python3.10/site-packages:${PYTHONPATH} /usr/bin/python3 setup.py egg_info --egg-base ../../../build/learning_qos build --build-base /home/cwc2204/dev_ws/build/learning_qos/build install --record /home/cwc2204/dev_ws/build/learning_qos/install.log --single-version-externally-managed
[3.215s] Level 1:colcon.colcon_core.environment:checking '/home/cwc2204/dev_ws/install/learning_qos' for CMake config files
[3.215s] Level 1:colcon.colcon_core.environment:checking '/home/cwc2204/dev_ws/install/learning_qos/lib'
[3.215s] Level 1:colcon.colcon_core.environment:checking '/home/cwc2204/dev_ws/install/learning_qos/bin'
[3.215s] Level 1:colcon.colcon_core.environment:checking '/home/cwc2204/dev_ws/install/learning_qos/lib/pkgconfig/learning_qos.pc'
[3.215s] Level 1:colcon.colcon_core.environment:checking '/home/cwc2204/dev_ws/install/learning_qos/lib/python3.10/site-packages'
[3.215s] Level 1:colcon.colcon_core.shell:create_environment_hook('learning_qos', 'pythonpath')
[3.216s] INFO:colcon.colcon_core.shell:Creating environment descriptor '/home/cwc2204/dev_ws/install/learning_qos/share/learning_qos/hook/pythonpath.dsv'
[3.216s] INFO:colcon.colcon_core.shell:Creating environment hook '/home/cwc2204/dev_ws/install/learning_qos/share/learning_qos/hook/pythonpath.sh'
[3.216s] Level 1:colcon.colcon_core.environment:checking '/home/cwc2204/dev_ws/install/learning_qos/bin'
[3.216s] Level 1:colcon.colcon_core.environment:create_environment_scripts_only(learning_qos)
[3.217s] INFO:colcon.colcon_core.shell:Creating package descriptor '/home/cwc2204/dev_ws/install/learning_qos/share/learning_qos/package.dsv'
[3.217s] INFO:colcon.colcon_core.shell:Creating package script '/home/cwc2204/dev_ws/install/learning_qos/share/learning_qos/package.sh'
[3.217s] Level 1:colcon.colcon_core.environment:create_file_with_runtime_dependencies(/home/cwc2204/dev_ws/install/learning_qos/share/colcon-core/packages/learning_qos)
[3.217s] DEBUG:colcon.colcon_core.executor.sequential:run_until_complete 'learning_qos' finished with '0'
[3.217s] DEBUG:colcon.colcon_core.executor.sequential:run_until_complete 'learning_tf'
[3.217s] INFO:colcon.colcon_ros.task.ament_python.build:Building ROS package in '/home/cwc2204/dev_ws/src/ros2_21_tutorials/learning_tf' with build type 'ament_python'
[3.217s] Level 1:colcon.colcon_core.shell:create_environment_hook('learning_tf', 'ament_prefix_path')
[3.218s] INFO:colcon.colcon_core.shell:Creating environment descriptor '/home/cwc2204/dev_ws/install/learning_tf/share/learning_tf/hook/ament_prefix_path.dsv'
[3.218s] INFO:colcon.colcon_core.shell:Creating environment hook '/home/cwc2204/dev_ws/install/learning_tf/share/learning_tf/hook/ament_prefix_path.sh'
[3.218s] DEBUG:colcon.colcon_core.shell:Skip shell extension 'dsv' for command environment
[3.342s] INFO:colcon.colcon_core.task.python.build:Building Python package in '/home/cwc2204/dev_ws/src/ros2_21_tutorials/learning_tf'
[3.343s] DEBUG:colcon.colcon_core.shell:Skip shell extension 'dsv' for command environment
[3.503s] DEBUG:colcon.colcon_core.event_handler.log_command:Invoking command in '/home/cwc2204/dev_ws/src/ros2_21_tutorials/learning_tf': PYTHONPATH=/home/cwc2204/dev_ws/build/learning_tf/prefix_override:/home/cwc2204/dev_ws/install/learning_tf/lib/python3.10/site-packages:${PYTHONPATH} /usr/bin/python3 setup.py egg_info --egg-base ../../../build/learning_tf build --build-base /home/cwc2204/dev_ws/build/learning_tf/build install --record /home/cwc2204/dev_ws/build/learning_tf/install.log --single-version-externally-managed
[3.643s] Level 1:colcon.colcon_core.environment:checking '/home/cwc2204/dev_ws/install/learning_tf' for CMake module files
[3.643s] DEBUG:colcon.colcon_core.event_handler.log_command:Invoked command in '/home/cwc2204/dev_ws/src/ros2_21_tutorials/learning_tf' returned '0': PYTHONPATH=/home/cwc2204/dev_ws/build/learning_tf/prefix_override:/home/cwc2204/dev_ws/install/learning_tf/lib/python3.10/site-packages:${PYTHONPATH} /usr/bin/python3 setup.py egg_info --egg-base ../../../build/learning_tf build --build-base /home/cwc2204/dev_ws/build/learning_tf/build install --record /home/cwc2204/dev_ws/build/learning_tf/install.log --single-version-externally-managed
[3.643s] Level 1:colcon.colcon_core.environment:checking '/home/cwc2204/dev_ws/install/learning_tf' for CMake config files
[3.643s] Level 1:colcon.colcon_core.environment:checking '/home/cwc2204/dev_ws/install/learning_tf/lib'
[3.643s] Level 1:colcon.colcon_core.environment:checking '/home/cwc2204/dev_ws/install/learning_tf/bin'
[3.643s] Level 1:colcon.colcon_core.environment:checking '/home/cwc2204/dev_ws/install/learning_tf/lib/pkgconfig/learning_tf.pc'
[3.644s] Level 1:colcon.colcon_core.environment:checking '/home/cwc2204/dev_ws/install/learning_tf/lib/python3.10/site-packages'
[3.644s] Level 1:colcon.colcon_core.shell:create_environment_hook('learning_tf', 'pythonpath')
[3.644s] INFO:colcon.colcon_core.shell:Creating environment descriptor '/home/cwc2204/dev_ws/install/learning_tf/share/learning_tf/hook/pythonpath.dsv'
[3.644s] INFO:colcon.colcon_core.shell:Creating environment hook '/home/cwc2204/dev_ws/install/learning_tf/share/learning_tf/hook/pythonpath.sh'
[3.645s] Level 1:colcon.colcon_core.environment:checking '/home/cwc2204/dev_ws/install/learning_tf/bin'
[3.645s] Level 1:colcon.colcon_core.environment:create_environment_scripts_only(learning_tf)
[3.645s] INFO:colcon.colcon_core.shell:Creating package descriptor '/home/cwc2204/dev_ws/install/learning_tf/share/learning_tf/package.dsv'
[3.645s] INFO:colcon.colcon_core.shell:Creating package script '/home/cwc2204/dev_ws/install/learning_tf/share/learning_tf/package.sh'
[3.645s] Level 1:colcon.colcon_core.environment:create_file_with_runtime_dependencies(/home/cwc2204/dev_ws/install/learning_tf/share/colcon-core/packages/learning_tf)
[3.646s] DEBUG:colcon.colcon_core.executor.sequential:run_until_complete 'learning_tf' finished with '0'
[3.646s] DEBUG:colcon.colcon_core.executor.sequential:run_until_complete 'learning_urdf'
[3.646s] INFO:colcon.colcon_ros.task.ament_python.build:Building ROS package in '/home/cwc2204/dev_ws/src/ros2_21_tutorials/learning_urdf' with build type 'ament_python'
[3.646s] Level 1:colcon.colcon_core.shell:create_environment_hook('learning_urdf', 'ament_prefix_path')
[3.647s] INFO:colcon.colcon_core.shell:Creating environment descriptor '/home/cwc2204/dev_ws/install/learning_urdf/share/learning_urdf/hook/ament_prefix_path.dsv'
[3.647s] INFO:colcon.colcon_core.shell:Creating environment hook '/home/cwc2204/dev_ws/install/learning_urdf/share/learning_urdf/hook/ament_prefix_path.sh'
[3.648s] DEBUG:colcon.colcon_core.shell:Skip shell extension 'dsv' for command environment
[3.775s] INFO:colcon.colcon_core.task.python.build:Building Python package in '/home/cwc2204/dev_ws/src/ros2_21_tutorials/learning_urdf'
[3.775s] DEBUG:colcon.colcon_core.shell:Skip shell extension 'dsv' for command environment
[3.935s] DEBUG:colcon.colcon_core.event_handler.log_command:Invoking command in '/home/cwc2204/dev_ws/src/ros2_21_tutorials/learning_urdf': PYTHONPATH=/home/cwc2204/dev_ws/build/learning_urdf/prefix_override:/home/cwc2204/dev_ws/install/learning_urdf/lib/python3.10/site-packages:${PYTHONPATH} /usr/bin/python3 setup.py egg_info --egg-base ../../../build/learning_urdf build --build-base /home/cwc2204/dev_ws/build/learning_urdf/build install --record /home/cwc2204/dev_ws/build/learning_urdf/install.log --single-version-externally-managed
[4.073s] Level 1:colcon.colcon_core.environment:checking '/home/cwc2204/dev_ws/install/learning_urdf' for CMake module files
[4.073s] DEBUG:colcon.colcon_core.event_handler.log_command:Invoked command in '/home/cwc2204/dev_ws/src/ros2_21_tutorials/learning_urdf' returned '0': PYTHONPATH=/home/cwc2204/dev_ws/build/learning_urdf/prefix_override:/home/cwc2204/dev_ws/install/learning_urdf/lib/python3.10/site-packages:${PYTHONPATH} /usr/bin/python3 setup.py egg_info --egg-base ../../../build/learning_urdf build --build-base /home/cwc2204/dev_ws/build/learning_urdf/build install --record /home/cwc2204/dev_ws/build/learning_urdf/install.log --single-version-externally-managed
[4.073s] Level 1:colcon.colcon_core.environment:checking '/home/cwc2204/dev_ws/install/learning_urdf' for CMake config files
[4.073s] Level 1:colcon.colcon_core.environment:checking '/home/cwc2204/dev_ws/install/learning_urdf/lib'
[4.073s] Level 1:colcon.colcon_core.environment:checking '/home/cwc2204/dev_ws/install/learning_urdf/bin'
[4.073s] Level 1:colcon.colcon_core.environment:checking '/home/cwc2204/dev_ws/install/learning_urdf/lib/pkgconfig/learning_urdf.pc'
[4.073s] Level 1:colcon.colcon_core.environment:checking '/home/cwc2204/dev_ws/install/learning_urdf/lib/python3.10/site-packages'
[4.074s] Level 1:colcon.colcon_core.shell:create_environment_hook('learning_urdf', 'pythonpath')
[4.074s] INFO:colcon.colcon_core.shell:Creating environment descriptor '/home/cwc2204/dev_ws/install/learning_urdf/share/learning_urdf/hook/pythonpath.dsv'
[4.074s] INFO:colcon.colcon_core.shell:Creating environment hook '/home/cwc2204/dev_ws/install/learning_urdf/share/learning_urdf/hook/pythonpath.sh'
[4.074s] Level 1:colcon.colcon_core.environment:checking '/home/cwc2204/dev_ws/install/learning_urdf/bin'
[4.074s] Level 1:colcon.colcon_core.environment:create_environment_scripts_only(learning_urdf)
[4.075s] INFO:colcon.colcon_core.shell:Creating package descriptor '/home/cwc2204/dev_ws/install/learning_urdf/share/learning_urdf/package.dsv'
[4.075s] INFO:colcon.colcon_core.shell:Creating package script '/home/cwc2204/dev_ws/install/learning_urdf/share/learning_urdf/package.sh'
[4.075s] Level 1:colcon.colcon_core.environment:create_file_with_runtime_dependencies(/home/cwc2204/dev_ws/install/learning_urdf/share/colcon-core/packages/learning_urdf)
[4.075s] DEBUG:colcon.colcon_core.executor.sequential:run_until_complete 'learning_urdf' finished with '0'
[4.075s] DEBUG:colcon.colcon_core.executor.sequential:run_until_complete 'more_interfaces'
[4.076s] INFO:colcon.colcon_ros.task.ament_cmake.build:Building ROS package in '/home/cwc2204/dev_ws/src/more_interfaces' with build type 'ament_cmake'
[4.076s] INFO:colcon.colcon_cmake.task.cmake.build:Building CMake package in '/home/cwc2204/dev_ws/src/more_interfaces'
[4.076s] DEBUG:colcon.colcon_core.shell:Skip shell extension 'dsv' for command environment
[4.079s] DEBUG:colcon.colcon_core.event_handler.log_command:Invoking command in '/home/cwc2204/dev_ws/build/more_interfaces': CMAKE_PREFIX_PATH=${CMAKE_PREFIX_PATH}:/home/cwc2204/dev_ws/install/learning_urdf:/home/cwc2204/dev_ws/install/learning_topic:/home/cwc2204/dev_ws/install/learning_tf:/home/cwc2204/dev_ws/install/learning_service:/home/cwc2204/dev_ws/install/learning_qos:/home/cwc2204/dev_ws/install/learning_pkg_python:/home/cwc2204/dev_ws/install/learning_parameter:/home/cwc2204/dev_ws/install/learning_node:/home/cwc2204/dev_ws/install/learning_launch:/home/cwc2204/dev_ws/install/learning_action:/home/cwc2204/dev_ws/install/learning_gazebo:/opt/ros/humble /usr/bin/cmake /home/cwc2204/dev_ws/src/more_interfaces -DCMAKE_INSTALL_PREFIX=/home/cwc2204/dev_ws/install/more_interfaces
[4.354s] DEBUG:colcon.colcon_core.event_handler.log_command:Invoked command in '/home/cwc2204/dev_ws/build/more_interfaces' returned '1': CMAKE_PREFIX_PATH=${CMAKE_PREFIX_PATH}:/home/cwc2204/dev_ws/install/learning_urdf:/home/cwc2204/dev_ws/install/learning_topic:/home/cwc2204/dev_ws/install/learning_tf:/home/cwc2204/dev_ws/install/learning_service:/home/cwc2204/dev_ws/install/learning_qos:/home/cwc2204/dev_ws/install/learning_pkg_python:/home/cwc2204/dev_ws/install/learning_parameter:/home/cwc2204/dev_ws/install/learning_node:/home/cwc2204/dev_ws/install/learning_launch:/home/cwc2204/dev_ws/install/learning_action:/home/cwc2204/dev_ws/install/learning_gazebo:/opt/ros/humble /usr/bin/cmake /home/cwc2204/dev_ws/src/more_interfaces -DCMAKE_INSTALL_PREFIX=/home/cwc2204/dev_ws/install/more_interfaces
[4.359s] Level 1:colcon.colcon_core.environment:create_environment_scripts_only(more_interfaces)
[4.360s] Level 1:colcon.colcon_core.environment:checking '/home/cwc2204/dev_ws/install/more_interfaces' for CMake module files
[4.360s] Level 1:colcon.colcon_core.environment:checking '/home/cwc2204/dev_ws/install/more_interfaces' for CMake config files
[4.360s] Level 1:colcon.colcon_core.environment:checking '/home/cwc2204/dev_ws/install/more_interfaces/bin'
[4.360s] Level 1:colcon.colcon_core.environment:checking '/home/cwc2204/dev_ws/install/more_interfaces/lib/pkgconfig/more_interfaces.pc'
[4.360s] Level 1:colcon.colcon_core.environment:checking '/home/cwc2204/dev_ws/install/more_interfaces/lib/python3.10/site-packages'
[4.361s] Level 1:colcon.colcon_core.environment:checking '/home/cwc2204/dev_ws/install/more_interfaces/bin'
[4.361s] INFO:colcon.colcon_core.shell:Creating package descriptor '/home/cwc2204/dev_ws/install/more_interfaces/share/more_interfaces/package.dsv'
[4.361s] INFO:colcon.colcon_core.shell:Creating package script '/home/cwc2204/dev_ws/install/more_interfaces/share/more_interfaces/package.sh'
[4.361s] Level 1:colcon.colcon_core.environment:create_file_with_runtime_dependencies(/home/cwc2204/dev_ws/install/more_interfaces/share/colcon-core/packages/more_interfaces)
[4.361s] DEBUG:colcon.colcon_core.executor.sequential:run_until_complete 'more_interfaces' finished with '1'
[4.361s] DEBUG:colcon.colcon_core.executor.sequential:closing loop
[4.362s] DEBUG:colcon.colcon_core.executor.sequential:loop closed
[4.362s] DEBUG:colcon.colcon_core.event_reactor:joining thread
[4.362s] DEBUG:colcon.colcon_core.event_reactor:joined thread
[4.362s] INFO:colcon.colcon_core.shell:Creating prefix script '/home/cwc2204/dev_ws/install/local_setup.sh'
[4.363s] INFO:colcon.colcon_core.shell:Creating prefix util module '/home/cwc2204/dev_ws/install/_local_setup_util_sh.py'
[4.363s] INFO:colcon.colcon_core.shell:Creating prefix chain script '/home/cwc2204/dev_ws/install/setup.sh'
