[0.102s] DEBUG:colcon:Command line arguments: ['/usr/bin/colcon', 'build']
[0.102s] DEBUG:colcon:Parsed command line arguments: Namespace(log_base=None, log_level=None, verb_name='build', build_base='build', install_base='install', merge_install=False, symlink_install=False, test_result_base=None, continue_on_error=False, executor='sequential', event_handlers=None, base_paths=['.'], paths=None, cmake_args=None, cmake_target=None, cmake_target_skip_unavailable=False, cmake_clean_cache=False, cmake_clean_first=False, cmake_force_configure=False, ament_cmake_args=None, catkin_cmake_args=None, catkin_skip_building_tests=False, verb_parser=CustomArgumentParser(prog='colcon build', usage=None, description='Build a set of packages.', formatter_class=<class 'colcon_core.command.CustomFormatter'>, conflict_handler='error', add_help=True), verb_extension=<colcon_core.verb.build.BuildVerb object at 0x7eff3ce3f2b0>, main=<bound method BuildVerb.main of <colcon_core.verb.build.BuildVerb object at 0x7eff3ce3f2b0>>)
[0.130s] Level 1:colcon.colcon_core.package_discovery:discover_packages(recursive) check parameters
[0.131s] Level 1:colcon.colcon_core.package_discovery:discover_packages(path) check parameters
[0.131s] Level 1:colcon.colcon_core.package_discovery:discover_packages(recursive) discover
[0.131s] INFO:colcon.colcon_core.package_discovery:Crawling recursively for packages in '/home/cwc2204/dev_ws'
[0.144s] Level 1:colcon.colcon_core.package_identification:_identify(.) by extensions ['ignore', 'ignore_ament_install']
[0.144s] Level 1:colcon.colcon_core.package_identification:_identify(.) by extension 'ignore'
[0.144s] Level 1:colcon.colcon_core.package_identification:_identify(.) by extension 'ignore_ament_install'
[0.144s] Level 1:colcon.colcon_core.package_identification:_identify(.) by extensions ['ros']
[0.144s] Level 1:colcon.colcon_core.package_identification:_identify(.) by extension 'ros'
[0.151s] Level 1:colcon.colcon_core.package_identification:_identify(.) by extensions ['cmake', 'python']
[0.151s] Level 1:colcon.colcon_core.package_identification:_identify(.) by extension 'cmake'
[0.151s] Level 1:colcon.colcon_core.package_identification:_identify(.) by extension 'python'
[0.151s] Level 1:colcon.colcon_core.package_identification:_identify(.) by extensions ['python_setup_py']
[0.151s] Level 1:colcon.colcon_core.package_identification:_identify(.) by extension 'python_setup_py'
[0.151s] Level 1:colcon.colcon_core.package_identification:_identify(build) by extensions ['ignore', 'ignore_ament_install']
[0.151s] Level 1:colcon.colcon_core.package_identification:_identify(build) by extension 'ignore'
[0.151s] Level 1:colcon.colcon_core.package_identification:_identify(build) ignored
[0.171s] Level 1:colcon.colcon_core.package_identification:_identify(install) by extensions ['ignore', 'ignore_ament_install']
[0.171s] Level 1:colcon.colcon_core.package_identification:_identify(install) by extension 'ignore'
[0.171s] Level 1:colcon.colcon_core.package_identification:_identify(install) ignored
[0.171s] Level 1:colcon.colcon_core.package_identification:_identify(log) by extensions ['ignore', 'ignore_ament_install']
[0.171s] Level 1:colcon.colcon_core.package_identification:_identify(log) by extension 'ignore'
[0.171s] Level 1:colcon.colcon_core.package_identification:_identify(log) ignored
[0.171s] Level 1:colcon.colcon_core.package_identification:_identify(src) by extensions ['ignore', 'ignore_ament_install']
[0.171s] Level 1:colcon.colcon_core.package_identification:_identify(src) by extension 'ignore'
[0.171s] Level 1:colcon.colcon_core.package_identification:_identify(src) by extension 'ignore_ament_install'
[0.172s] Level 1:colcon.colcon_core.package_identification:_identify(src) by extensions ['ros']
[0.172s] Level 1:colcon.colcon_core.package_identification:_identify(src) by extension 'ros'
[0.172s] Level 1:colcon.colcon_core.package_identification:_identify(src) by extensions ['cmake', 'python']
[0.172s] Level 1:colcon.colcon_core.package_identification:_identify(src) by extension 'cmake'
[0.172s] Level 1:colcon.colcon_core.package_identification:_identify(src) by extension 'python'
[0.172s] Level 1:colcon.colcon_core.package_identification:_identify(src) by extensions ['python_setup_py']
[0.172s] Level 1:colcon.colcon_core.package_identification:_identify(src) by extension 'python_setup_py'
[0.172s] Level 1:colcon.colcon_core.package_identification:_identify(src/more_interfaces) by extensions ['ignore', 'ignore_ament_install']
[0.172s] Level 1:colcon.colcon_core.package_identification:_identify(src/more_interfaces) by extension 'ignore'
[0.172s] Level 1:colcon.colcon_core.package_identification:_identify(src/more_interfaces) by extension 'ignore_ament_install'
[0.172s] Level 1:colcon.colcon_core.package_identification:_identify(src/more_interfaces) by extensions ['ros']
[0.172s] Level 1:colcon.colcon_core.package_identification:_identify(src/more_interfaces) by extension 'ros'
[0.174s] DEBUG:colcon.colcon_core.package_identification:Failed to parse potential ROS package manifest in'src/more_interfaces': Error(s) in package 'src/more_interfaces/package.xml':
The manifest contains invalid XML:
mismatched tag: line 14, column 46
[0.174s] Level 1:colcon.colcon_core.package_identification:_identify(src/more_interfaces) by extensions ['cmake', 'python']
[0.174s] Level 1:colcon.colcon_core.package_identification:_identify(src/more_interfaces) by extension 'cmake'
[0.176s] Level 1:colcon.colcon_core.package_identification:_identify(src/more_interfaces) by extension 'python'
[0.176s] DEBUG:colcon.colcon_core.package_identification:Package 'src/more_interfaces' with type 'cmake' and name 'more_interfaces'
[0.176s] Level 1:colcon.colcon_core.package_identification:_identify(src/ros2_21_tutorials) by extensions ['ignore', 'ignore_ament_install']
[0.176s] Level 1:colcon.colcon_core.package_identification:_identify(src/ros2_21_tutorials) by extension 'ignore'
[0.176s] Level 1:colcon.colcon_core.package_identification:_identify(src/ros2_21_tutorials) by extension 'ignore_ament_install'
[0.177s] Level 1:colcon.colcon_core.package_identification:_identify(src/ros2_21_tutorials) by extensions ['ros']
[0.177s] Level 1:colcon.colcon_core.package_identification:_identify(src/ros2_21_tutorials) by extension 'ros'
[0.177s] Level 1:colcon.colcon_core.package_identification:_identify(src/ros2_21_tutorials) by extensions ['cmake', 'python']
[0.177s] Level 1:colcon.colcon_core.package_identification:_identify(src/ros2_21_tutorials) by extension 'cmake'
[0.177s] Level 1:colcon.colcon_core.package_identification:_identify(src/ros2_21_tutorials) by extension 'python'
[0.177s] Level 1:colcon.colcon_core.package_identification:_identify(src/ros2_21_tutorials) by extensions ['python_setup_py']
[0.177s] Level 1:colcon.colcon_core.package_identification:_identify(src/ros2_21_tutorials) by extension 'python_setup_py'
[0.177s] Level 1:colcon.colcon_core.package_identification:_identify(src/ros2_21_tutorials/docs) by extensions ['ignore', 'ignore_ament_install']
[0.177s] Level 1:colcon.colcon_core.package_identification:_identify(src/ros2_21_tutorials/docs) by extension 'ignore'
[0.177s] Level 1:colcon.colcon_core.package_identification:_identify(src/ros2_21_tutorials/docs) by extension 'ignore_ament_install'
[0.177s] Level 1:colcon.colcon_core.package_identification:_identify(src/ros2_21_tutorials/docs) by extensions ['ros']
[0.177s] Level 1:colcon.colcon_core.package_identification:_identify(src/ros2_21_tutorials/docs) by extension 'ros'
[0.177s] Level 1:colcon.colcon_core.package_identification:_identify(src/ros2_21_tutorials/docs) by extensions ['cmake', 'python']
[0.177s] Level 1:colcon.colcon_core.package_identification:_identify(src/ros2_21_tutorials/docs) by extension 'cmake'
[0.177s] Level 1:colcon.colcon_core.package_identification:_identify(src/ros2_21_tutorials/docs) by extension 'python'
[0.177s] Level 1:colcon.colcon_core.package_identification:_identify(src/ros2_21_tutorials/docs) by extensions ['python_setup_py']
[0.177s] Level 1:colcon.colcon_core.package_identification:_identify(src/ros2_21_tutorials/docs) by extension 'python_setup_py'
[0.177s] Level 1:colcon.colcon_core.package_identification:_identify(src/ros2_21_tutorials/learning_action) by extensions ['ignore', 'ignore_ament_install']
[0.177s] Level 1:colcon.colcon_core.package_identification:_identify(src/ros2_21_tutorials/learning_action) by extension 'ignore'
[0.177s] Level 1:colcon.colcon_core.package_identification:_identify(src/ros2_21_tutorials/learning_action) by extension 'ignore_ament_install'
[0.177s] Level 1:colcon.colcon_core.package_identification:_identify(src/ros2_21_tutorials/learning_action) by extensions ['ros']
[0.177s] Level 1:colcon.colcon_core.package_identification:_identify(src/ros2_21_tutorials/learning_action) by extension 'ros'
[0.179s] DEBUG:colcon.colcon_core.package_identification:Package 'src/ros2_21_tutorials/learning_action' with type 'ros.ament_python' and name 'learning_action'
[0.179s] Level 1:colcon.colcon_core.package_identification:_identify(src/ros2_21_tutorials/learning_gazebo) by extensions ['ignore', 'ignore_ament_install']
[0.179s] Level 1:colcon.colcon_core.package_identification:_identify(src/ros2_21_tutorials/learning_gazebo) by extension 'ignore'
[0.179s] Level 1:colcon.colcon_core.package_identification:_identify(src/ros2_21_tutorials/learning_gazebo) by extension 'ignore_ament_install'
[0.179s] Level 1:colcon.colcon_core.package_identification:_identify(src/ros2_21_tutorials/learning_gazebo) by extensions ['ros']
[0.179s] Level 1:colcon.colcon_core.package_identification:_identify(src/ros2_21_tutorials/learning_gazebo) by extension 'ros'
[0.180s] DEBUG:colcon.colcon_core.package_identification:Package 'src/ros2_21_tutorials/learning_gazebo' with type 'ros.ament_python' and name 'learning_gazebo'
[0.180s] Level 1:colcon.colcon_core.package_identification:_identify(src/ros2_21_tutorials/learning_interface) by extensions ['ignore', 'ignore_ament_install']
[0.180s] Level 1:colcon.colcon_core.package_identification:_identify(src/ros2_21_tutorials/learning_interface) by extension 'ignore'
[0.180s] Level 1:colcon.colcon_core.package_identification:_identify(src/ros2_21_tutorials/learning_interface) by extension 'ignore_ament_install'
[0.180s] Level 1:colcon.colcon_core.package_identification:_identify(src/ros2_21_tutorials/learning_interface) by extensions ['ros']
[0.180s] Level 1:colcon.colcon_core.package_identification:_identify(src/ros2_21_tutorials/learning_interface) by extension 'ros'
[0.180s] DEBUG:colcon.colcon_core.package_identification:Package 'src/ros2_21_tutorials/learning_interface' with type 'ros.ament_cmake' and name 'learning_interface'
[0.180s] Level 1:colcon.colcon_core.package_identification:_identify(src/ros2_21_tutorials/learning_launch) by extensions ['ignore', 'ignore_ament_install']
[0.180s] Level 1:colcon.colcon_core.package_identification:_identify(src/ros2_21_tutorials/learning_launch) by extension 'ignore'
[0.180s] Level 1:colcon.colcon_core.package_identification:_identify(src/ros2_21_tutorials/learning_launch) by extension 'ignore_ament_install'
[0.180s] Level 1:colcon.colcon_core.package_identification:_identify(src/ros2_21_tutorials/learning_launch) by extensions ['ros']
[0.180s] Level 1:colcon.colcon_core.package_identification:_identify(src/ros2_21_tutorials/learning_launch) by extension 'ros'
[0.181s] DEBUG:colcon.colcon_core.package_identification:Package 'src/ros2_21_tutorials/learning_launch' with type 'ros.ament_python' and name 'learning_launch'
[0.181s] Level 1:colcon.colcon_core.package_identification:_identify(src/ros2_21_tutorials/learning_node) by extensions ['ignore', 'ignore_ament_install']
[0.181s] Level 1:colcon.colcon_core.package_identification:_identify(src/ros2_21_tutorials/learning_node) by extension 'ignore'
[0.181s] Level 1:colcon.colcon_core.package_identification:_identify(src/ros2_21_tutorials/learning_node) by extension 'ignore_ament_install'
[0.181s] Level 1:colcon.colcon_core.package_identification:_identify(src/ros2_21_tutorials/learning_node) by extensions ['ros']
[0.181s] Level 1:colcon.colcon_core.package_identification:_identify(src/ros2_21_tutorials/learning_node) by extension 'ros'
[0.181s] DEBUG:colcon.colcon_core.package_identification:Package 'src/ros2_21_tutorials/learning_node' with type 'ros.ament_python' and name 'learning_node'
[0.181s] Level 1:colcon.colcon_core.package_identification:_identify(src/ros2_21_tutorials/learning_parameter) by extensions ['ignore', 'ignore_ament_install']
[0.181s] Level 1:colcon.colcon_core.package_identification:_identify(src/ros2_21_tutorials/learning_parameter) by extension 'ignore'
[0.181s] Level 1:colcon.colcon_core.package_identification:_identify(src/ros2_21_tutorials/learning_parameter) by extension 'ignore_ament_install'
[0.181s] Level 1:colcon.colcon_core.package_identification:_identify(src/ros2_21_tutorials/learning_parameter) by extensions ['ros']
[0.181s] Level 1:colcon.colcon_core.package_identification:_identify(src/ros2_21_tutorials/learning_parameter) by extension 'ros'
[0.182s] DEBUG:colcon.colcon_core.package_identification:Package 'src/ros2_21_tutorials/learning_parameter' with type 'ros.ament_python' and name 'learning_parameter'
[0.182s] Level 1:colcon.colcon_core.package_identification:_identify(src/ros2_21_tutorials/learning_pkg_c) by extensions ['ignore', 'ignore_ament_install']
[0.182s] Level 1:colcon.colcon_core.package_identification:_identify(src/ros2_21_tutorials/learning_pkg_c) by extension 'ignore'
[0.182s] Level 1:colcon.colcon_core.package_identification:_identify(src/ros2_21_tutorials/learning_pkg_c) by extension 'ignore_ament_install'
[0.182s] Level 1:colcon.colcon_core.package_identification:_identify(src/ros2_21_tutorials/learning_pkg_c) by extensions ['ros']
[0.182s] Level 1:colcon.colcon_core.package_identification:_identify(src/ros2_21_tutorials/learning_pkg_c) by extension 'ros'
[0.182s] DEBUG:colcon.colcon_core.package_identification:Package 'src/ros2_21_tutorials/learning_pkg_c' with type 'ros.ament_cmake' and name 'learning_pkg_c'
[0.182s] Level 1:colcon.colcon_core.package_identification:_identify(src/ros2_21_tutorials/learning_pkg_python) by extensions ['ignore', 'ignore_ament_install']
[0.182s] Level 1:colcon.colcon_core.package_identification:_identify(src/ros2_21_tutorials/learning_pkg_python) by extension 'ignore'
[0.182s] Level 1:colcon.colcon_core.package_identification:_identify(src/ros2_21_tutorials/learning_pkg_python) by extension 'ignore_ament_install'
[0.182s] Level 1:colcon.colcon_core.package_identification:_identify(src/ros2_21_tutorials/learning_pkg_python) by extensions ['ros']
[0.182s] Level 1:colcon.colcon_core.package_identification:_identify(src/ros2_21_tutorials/learning_pkg_python) by extension 'ros'
[0.182s] DEBUG:colcon.colcon_core.package_identification:Package 'src/ros2_21_tutorials/learning_pkg_python' with type 'ros.ament_python' and name 'learning_pkg_python'
[0.183s] Level 1:colcon.colcon_core.package_identification:_identify(src/ros2_21_tutorials/learning_qos) by extensions ['ignore', 'ignore_ament_install']
[0.183s] Level 1:colcon.colcon_core.package_identification:_identify(src/ros2_21_tutorials/learning_qos) by extension 'ignore'
[0.183s] Level 1:colcon.colcon_core.package_identification:_identify(src/ros2_21_tutorials/learning_qos) by extension 'ignore_ament_install'
[0.183s] Level 1:colcon.colcon_core.package_identification:_identify(src/ros2_21_tutorials/learning_qos) by extensions ['ros']
[0.183s] Level 1:colcon.colcon_core.package_identification:_identify(src/ros2_21_tutorials/learning_qos) by extension 'ros'
[0.183s] DEBUG:colcon.colcon_core.package_identification:Package 'src/ros2_21_tutorials/learning_qos' with type 'ros.ament_python' and name 'learning_qos'
[0.183s] Level 1:colcon.colcon_core.package_identification:_identify(src/ros2_21_tutorials/learning_service) by extensions ['ignore', 'ignore_ament_install']
[0.183s] Level 1:colcon.colcon_core.package_identification:_identify(src/ros2_21_tutorials/learning_service) by extension 'ignore'
[0.183s] Level 1:colcon.colcon_core.package_identification:_identify(src/ros2_21_tutorials/learning_service) by extension 'ignore_ament_install'
[0.183s] Level 1:colcon.colcon_core.package_identification:_identify(src/ros2_21_tutorials/learning_service) by extensions ['ros']
[0.183s] Level 1:colcon.colcon_core.package_identification:_identify(src/ros2_21_tutorials/learning_service) by extension 'ros'
[0.183s] DEBUG:colcon.colcon_core.package_identification:Package 'src/ros2_21_tutorials/learning_service' with type 'ros.ament_python' and name 'learning_service'
[0.183s] Level 1:colcon.colcon_core.package_identification:_identify(src/ros2_21_tutorials/learning_tf) by extensions ['ignore', 'ignore_ament_install']
[0.183s] Level 1:colcon.colcon_core.package_identification:_identify(src/ros2_21_tutorials/learning_tf) by extension 'ignore'
[0.183s] Level 1:colcon.colcon_core.package_identification:_identify(src/ros2_21_tutorials/learning_tf) by extension 'ignore_ament_install'
[0.183s] Level 1:colcon.colcon_core.package_identification:_identify(src/ros2_21_tutorials/learning_tf) by extensions ['ros']
[0.183s] Level 1:colcon.colcon_core.package_identification:_identify(src/ros2_21_tutorials/learning_tf) by extension 'ros'
[0.184s] DEBUG:colcon.colcon_core.package_identification:Package 'src/ros2_21_tutorials/learning_tf' with type 'ros.ament_python' and name 'learning_tf'
[0.184s] Level 1:colcon.colcon_core.package_identification:_identify(src/ros2_21_tutorials/learning_topic) by extensions ['ignore', 'ignore_ament_install']
[0.184s] Level 1:colcon.colcon_core.package_identification:_identify(src/ros2_21_tutorials/learning_topic) by extension 'ignore'
[0.184s] Level 1:colcon.colcon_core.package_identification:_identify(src/ros2_21_tutorials/learning_topic) by extension 'ignore_ament_install'
[0.184s] Level 1:colcon.colcon_core.package_identification:_identify(src/ros2_21_tutorials/learning_topic) by extensions ['ros']
[0.184s] Level 1:colcon.colcon_core.package_identification:_identify(src/ros2_21_tutorials/learning_topic) by extension 'ros'
[0.184s] DEBUG:colcon.colcon_core.package_identification:Package 'src/ros2_21_tutorials/learning_topic' with type 'ros.ament_python' and name 'learning_topic'
[0.184s] Level 1:colcon.colcon_core.package_identification:_identify(src/ros2_21_tutorials/learning_urdf) by extensions ['ignore', 'ignore_ament_install']
[0.184s] Level 1:colcon.colcon_core.package_identification:_identify(src/ros2_21_tutorials/learning_urdf) by extension 'ignore'
[0.184s] Level 1:colcon.colcon_core.package_identification:_identify(src/ros2_21_tutorials/learning_urdf) by extension 'ignore_ament_install'
[0.184s] Level 1:colcon.colcon_core.package_identification:_identify(src/ros2_21_tutorials/learning_urdf) by extensions ['ros']
[0.184s] Level 1:colcon.colcon_core.package_identification:_identify(src/ros2_21_tutorials/learning_urdf) by extension 'ros'
[0.185s] DEBUG:colcon.colcon_core.package_identification:Package 'src/ros2_21_tutorials/learning_urdf' with type 'ros.ament_python' and name 'learning_urdf'
[0.185s] Level 1:colcon.colcon_core.package_identification:_identify(src/ros2_21_tutorials/python) by extensions ['ignore', 'ignore_ament_install']
[0.185s] Level 1:colcon.colcon_core.package_identification:_identify(src/ros2_21_tutorials/python) by extension 'ignore'
[0.185s] Level 1:colcon.colcon_core.package_identification:_identify(src/ros2_21_tutorials/python) by extension 'ignore_ament_install'
[0.185s] Level 1:colcon.colcon_core.package_identification:_identify(src/ros2_21_tutorials/python) by extensions ['ros']
[0.185s] Level 1:colcon.colcon_core.package_identification:_identify(src/ros2_21_tutorials/python) by extension 'ros'
[0.185s] Level 1:colcon.colcon_core.package_identification:_identify(src/ros2_21_tutorials/python) by extensions ['cmake', 'python']
[0.185s] Level 1:colcon.colcon_core.package_identification:_identify(src/ros2_21_tutorials/python) by extension 'cmake'
[0.185s] Level 1:colcon.colcon_core.package_identification:_identify(src/ros2_21_tutorials/python) by extension 'python'
[0.185s] Level 1:colcon.colcon_core.package_identification:_identify(src/ros2_21_tutorials/python) by extensions ['python_setup_py']
[0.185s] Level 1:colcon.colcon_core.package_identification:_identify(src/ros2_21_tutorials/python) by extension 'python_setup_py'
[0.185s] Level 1:colcon.colcon_core.package_discovery:discover_packages(recursive) using defaults
[0.185s] Level 1:colcon.colcon_core.package_discovery:discover_packages(path) discover
[0.185s] Level 1:colcon.colcon_core.package_discovery:discover_packages(path) using defaults
[0.200s] Level 5:colcon.colcon_core.verb:set package 'learning_gazebo' build argument 'cmake_args' from command line to 'None'
[0.200s] Level 5:colcon.colcon_core.verb:set package 'learning_gazebo' build argument 'cmake_target' from command line to 'None'
[0.200s] Level 5:colcon.colcon_core.verb:set package 'learning_gazebo' build argument 'cmake_target_skip_unavailable' from command line to 'False'
[0.200s] Level 5:colcon.colcon_core.verb:set package 'learning_gazebo' build argument 'cmake_clean_cache' from command line to 'False'
[0.200s] Level 5:colcon.colcon_core.verb:set package 'learning_gazebo' build argument 'cmake_clean_first' from command line to 'False'
[0.200s] Level 5:colcon.colcon_core.verb:set package 'learning_gazebo' build argument 'cmake_force_configure' from command line to 'False'
[0.200s] Level 5:colcon.colcon_core.verb:set package 'learning_gazebo' build argument 'ament_cmake_args' from command line to 'None'
[0.200s] Level 5:colcon.colcon_core.verb:set package 'learning_gazebo' build argument 'catkin_cmake_args' from command line to 'None'
[0.200s] Level 5:colcon.colcon_core.verb:set package 'learning_gazebo' build argument 'catkin_skip_building_tests' from command line to 'False'
[0.200s] DEBUG:colcon.colcon_core.verb:Building package 'learning_gazebo' with the following arguments: {'ament_cmake_args': None, 'build_base': '/home/cwc2204/dev_ws/build/learning_gazebo', 'catkin_cmake_args': None, 'catkin_skip_building_tests': False, 'cmake_args': None, 'cmake_clean_cache': False, 'cmake_clean_first': False, 'cmake_force_configure': False, 'cmake_target': None, 'cmake_target_skip_unavailable': False, 'install_base': '/home/cwc2204/dev_ws/install/learning_gazebo', 'merge_install': False, 'path': '/home/cwc2204/dev_ws/src/ros2_21_tutorials/learning_gazebo', 'symlink_install': False, 'test_result_base': None}
[0.201s] Level 5:colcon.colcon_core.verb:set package 'learning_interface' build argument 'cmake_args' from command line to 'None'
[0.201s] Level 5:colcon.colcon_core.verb:set package 'learning_interface' build argument 'cmake_target' from command line to 'None'
[0.201s] Level 5:colcon.colcon_core.verb:set package 'learning_interface' build argument 'cmake_target_skip_unavailable' from command line to 'False'
[0.201s] Level 5:colcon.colcon_core.verb:set package 'learning_interface' build argument 'cmake_clean_cache' from command line to 'False'
[0.201s] Level 5:colcon.colcon_core.verb:set package 'learning_interface' build argument 'cmake_clean_first' from command line to 'False'
[0.201s] Level 5:colcon.colcon_core.verb:set package 'learning_interface' build argument 'cmake_force_configure' from command line to 'False'
[0.201s] Level 5:colcon.colcon_core.verb:set package 'learning_interface' build argument 'ament_cmake_args' from command line to 'None'
[0.201s] Level 5:colcon.colcon_core.verb:set package 'learning_interface' build argument 'catkin_cmake_args' from command line to 'None'
[0.201s] Level 5:colcon.colcon_core.verb:set package 'learning_interface' build argument 'catkin_skip_building_tests' from command line to 'False'
[0.201s] DEBUG:colcon.colcon_core.verb:Building package 'learning_interface' with the following arguments: {'ament_cmake_args': None, 'build_base': '/home/cwc2204/dev_ws/build/learning_interface', 'catkin_cmake_args': None, 'catkin_skip_building_tests': False, 'cmake_args': None, 'cmake_clean_cache': False, 'cmake_clean_first': False, 'cmake_force_configure': False, 'cmake_target': None, 'cmake_target_skip_unavailable': False, 'install_base': '/home/cwc2204/dev_ws/install/learning_interface', 'merge_install': False, 'path': '/home/cwc2204/dev_ws/src/ros2_21_tutorials/learning_interface', 'symlink_install': False, 'test_result_base': None}
[0.201s] Level 5:colcon.colcon_core.verb:set package 'learning_launch' build argument 'cmake_args' from command line to 'None'
[0.201s] Level 5:colcon.colcon_core.verb:set package 'learning_launch' build argument 'cmake_target' from command line to 'None'
[0.201s] Level 5:colcon.colcon_core.verb:set package 'learning_launch' build argument 'cmake_target_skip_unavailable' from command line to 'False'
[0.201s] Level 5:colcon.colcon_core.verb:set package 'learning_launch' build argument 'cmake_clean_cache' from command line to 'False'
[0.201s] Level 5:colcon.colcon_core.verb:set package 'learning_launch' build argument 'cmake_clean_first' from command line to 'False'
[0.201s] Level 5:colcon.colcon_core.verb:set package 'learning_launch' build argument 'cmake_force_configure' from command line to 'False'
[0.201s] Level 5:colcon.colcon_core.verb:set package 'learning_launch' build argument 'ament_cmake_args' from command line to 'None'
[0.201s] Level 5:colcon.colcon_core.verb:set package 'learning_launch' build argument 'catkin_cmake_args' from command line to 'None'
[0.201s] Level 5:colcon.colcon_core.verb:set package 'learning_launch' build argument 'catkin_skip_building_tests' from command line to 'False'
[0.201s] DEBUG:colcon.colcon_core.verb:Building package 'learning_launch' with the following arguments: {'ament_cmake_args': None, 'build_base': '/home/cwc2204/dev_ws/build/learning_launch', 'catkin_cmake_args': None, 'catkin_skip_building_tests': False, 'cmake_args': None, 'cmake_clean_cache': False, 'cmake_clean_first': False, 'cmake_force_configure': False, 'cmake_target': None, 'cmake_target_skip_unavailable': False, 'install_base': '/home/cwc2204/dev_ws/install/learning_launch', 'merge_install': False, 'path': '/home/cwc2204/dev_ws/src/ros2_21_tutorials/learning_launch', 'symlink_install': False, 'test_result_base': None}
[0.202s] Level 5:colcon.colcon_core.verb:set package 'learning_node' build argument 'cmake_args' from command line to 'None'
[0.202s] Level 5:colcon.colcon_core.verb:set package 'learning_node' build argument 'cmake_target' from command line to 'None'
[0.202s] Level 5:colcon.colcon_core.verb:set package 'learning_node' build argument 'cmake_target_skip_unavailable' from command line to 'False'
[0.202s] Level 5:colcon.colcon_core.verb:set package 'learning_node' build argument 'cmake_clean_cache' from command line to 'False'
[0.202s] Level 5:colcon.colcon_core.verb:set package 'learning_node' build argument 'cmake_clean_first' from command line to 'False'
[0.202s] Level 5:colcon.colcon_core.verb:set package 'learning_node' build argument 'cmake_force_configure' from command line to 'False'
[0.202s] Level 5:colcon.colcon_core.verb:set package 'learning_node' build argument 'ament_cmake_args' from command line to 'None'
[0.202s] Level 5:colcon.colcon_core.verb:set package 'learning_node' build argument 'catkin_cmake_args' from command line to 'None'
[0.202s] Level 5:colcon.colcon_core.verb:set package 'learning_node' build argument 'catkin_skip_building_tests' from command line to 'False'
[0.202s] DEBUG:colcon.colcon_core.verb:Building package 'learning_node' with the following arguments: {'ament_cmake_args': None, 'build_base': '/home/cwc2204/dev_ws/build/learning_node', 'catkin_cmake_args': None, 'catkin_skip_building_tests': False, 'cmake_args': None, 'cmake_clean_cache': False, 'cmake_clean_first': False, 'cmake_force_configure': False, 'cmake_target': None, 'cmake_target_skip_unavailable': False, 'install_base': '/home/cwc2204/dev_ws/install/learning_node', 'merge_install': False, 'path': '/home/cwc2204/dev_ws/src/ros2_21_tutorials/learning_node', 'symlink_install': False, 'test_result_base': None}
[0.202s] Level 5:colcon.colcon_core.verb:set package 'learning_parameter' build argument 'cmake_args' from command line to 'None'
[0.202s] Level 5:colcon.colcon_core.verb:set package 'learning_parameter' build argument 'cmake_target' from command line to 'None'
[0.202s] Level 5:colcon.colcon_core.verb:set package 'learning_parameter' build argument 'cmake_target_skip_unavailable' from command line to 'False'
[0.202s] Level 5:colcon.colcon_core.verb:set package 'learning_parameter' build argument 'cmake_clean_cache' from command line to 'False'
[0.202s] Level 5:colcon.colcon_core.verb:set package 'learning_parameter' build argument 'cmake_clean_first' from command line to 'False'
[0.202s] Level 5:colcon.colcon_core.verb:set package 'learning_parameter' build argument 'cmake_force_configure' from command line to 'False'
[0.202s] Level 5:colcon.colcon_core.verb:set package 'learning_parameter' build argument 'ament_cmake_args' from command line to 'None'
[0.202s] Level 5:colcon.colcon_core.verb:set package 'learning_parameter' build argument 'catkin_cmake_args' from command line to 'None'
[0.202s] Level 5:colcon.colcon_core.verb:set package 'learning_parameter' build argument 'catkin_skip_building_tests' from command line to 'False'
[0.202s] DEBUG:colcon.colcon_core.verb:Building package 'learning_parameter' with the following arguments: {'ament_cmake_args': None, 'build_base': '/home/cwc2204/dev_ws/build/learning_parameter', 'catkin_cmake_args': None, 'catkin_skip_building_tests': False, 'cmake_args': None, 'cmake_clean_cache': False, 'cmake_clean_first': False, 'cmake_force_configure': False, 'cmake_target': None, 'cmake_target_skip_unavailable': False, 'install_base': '/home/cwc2204/dev_ws/install/learning_parameter', 'merge_install': False, 'path': '/home/cwc2204/dev_ws/src/ros2_21_tutorials/learning_parameter', 'symlink_install': False, 'test_result_base': None}
[0.203s] Level 5:colcon.colcon_core.verb:set package 'learning_pkg_c' build argument 'cmake_args' from command line to 'None'
[0.203s] Level 5:colcon.colcon_core.verb:set package 'learning_pkg_c' build argument 'cmake_target' from command line to 'None'
[0.203s] Level 5:colcon.colcon_core.verb:set package 'learning_pkg_c' build argument 'cmake_target_skip_unavailable' from command line to 'False'
[0.203s] Level 5:colcon.colcon_core.verb:set package 'learning_pkg_c' build argument 'cmake_clean_cache' from command line to 'False'
[0.203s] Level 5:colcon.colcon_core.verb:set package 'learning_pkg_c' build argument 'cmake_clean_first' from command line to 'False'
[0.203s] Level 5:colcon.colcon_core.verb:set package 'learning_pkg_c' build argument 'cmake_force_configure' from command line to 'False'
[0.203s] Level 5:colcon.colcon_core.verb:set package 'learning_pkg_c' build argument 'ament_cmake_args' from command line to 'None'
[0.203s] Level 5:colcon.colcon_core.verb:set package 'learning_pkg_c' build argument 'catkin_cmake_args' from command line to 'None'
[0.203s] Level 5:colcon.colcon_core.verb:set package 'learning_pkg_c' build argument 'catkin_skip_building_tests' from command line to 'False'
[0.203s] DEBUG:colcon.colcon_core.verb:Building package 'learning_pkg_c' with the following arguments: {'ament_cmake_args': None, 'build_base': '/home/cwc2204/dev_ws/build/learning_pkg_c', 'catkin_cmake_args': None, 'catkin_skip_building_tests': False, 'cmake_args': None, 'cmake_clean_cache': False, 'cmake_clean_first': False, 'cmake_force_configure': False, 'cmake_target': None, 'cmake_target_skip_unavailable': False, 'install_base': '/home/cwc2204/dev_ws/install/learning_pkg_c', 'merge_install': False, 'path': '/home/cwc2204/dev_ws/src/ros2_21_tutorials/learning_pkg_c', 'symlink_install': False, 'test_result_base': None}
[0.203s] Level 5:colcon.colcon_core.verb:set package 'learning_pkg_python' build argument 'cmake_args' from command line to 'None'
[0.203s] Level 5:colcon.colcon_core.verb:set package 'learning_pkg_python' build argument 'cmake_target' from command line to 'None'
[0.203s] Level 5:colcon.colcon_core.verb:set package 'learning_pkg_python' build argument 'cmake_target_skip_unavailable' from command line to 'False'
[0.204s] Level 5:colcon.colcon_core.verb:set package 'learning_pkg_python' build argument 'cmake_clean_cache' from command line to 'False'
[0.204s] Level 5:colcon.colcon_core.verb:set package 'learning_pkg_python' build argument 'cmake_clean_first' from command line to 'False'
[0.204s] Level 5:colcon.colcon_core.verb:set package 'learning_pkg_python' build argument 'cmake_force_configure' from command line to 'False'
[0.204s] Level 5:colcon.colcon_core.verb:set package 'learning_pkg_python' build argument 'ament_cmake_args' from command line to 'None'
[0.204s] Level 5:colcon.colcon_core.verb:set package 'learning_pkg_python' build argument 'catkin_cmake_args' from command line to 'None'
[0.204s] Level 5:colcon.colcon_core.verb:set package 'learning_pkg_python' build argument 'catkin_skip_building_tests' from command line to 'False'
[0.204s] DEBUG:colcon.colcon_core.verb:Building package 'learning_pkg_python' with the following arguments: {'ament_cmake_args': None, 'build_base': '/home/cwc2204/dev_ws/build/learning_pkg_python', 'catkin_cmake_args': None, 'catkin_skip_building_tests': False, 'cmake_args': None, 'cmake_clean_cache': False, 'cmake_clean_first': False, 'cmake_force_configure': False, 'cmake_target': None, 'cmake_target_skip_unavailable': False, 'install_base': '/home/cwc2204/dev_ws/install/learning_pkg_python', 'merge_install': False, 'path': '/home/cwc2204/dev_ws/src/ros2_21_tutorials/learning_pkg_python', 'symlink_install': False, 'test_result_base': None}
[0.204s] Level 5:colcon.colcon_core.verb:set package 'learning_qos' build argument 'cmake_args' from command line to 'None'
[0.204s] Level 5:colcon.colcon_core.verb:set package 'learning_qos' build argument 'cmake_target' from command line to 'None'
[0.204s] Level 5:colcon.colcon_core.verb:set package 'learning_qos' build argument 'cmake_target_skip_unavailable' from command line to 'False'
[0.204s] Level 5:colcon.colcon_core.verb:set package 'learning_qos' build argument 'cmake_clean_cache' from command line to 'False'
[0.204s] Level 5:colcon.colcon_core.verb:set package 'learning_qos' build argument 'cmake_clean_first' from command line to 'False'
[0.204s] Level 5:colcon.colcon_core.verb:set package 'learning_qos' build argument 'cmake_force_configure' from command line to 'False'
[0.204s] Level 5:colcon.colcon_core.verb:set package 'learning_qos' build argument 'ament_cmake_args' from command line to 'None'
[0.204s] Level 5:colcon.colcon_core.verb:set package 'learning_qos' build argument 'catkin_cmake_args' from command line to 'None'
[0.204s] Level 5:colcon.colcon_core.verb:set package 'learning_qos' build argument 'catkin_skip_building_tests' from command line to 'False'
[0.204s] DEBUG:colcon.colcon_core.verb:Building package 'learning_qos' with the following arguments: {'ament_cmake_args': None, 'build_base': '/home/cwc2204/dev_ws/build/learning_qos', 'catkin_cmake_args': None, 'catkin_skip_building_tests': False, 'cmake_args': None, 'cmake_clean_cache': False, 'cmake_clean_first': False, 'cmake_force_configure': False, 'cmake_target': None, 'cmake_target_skip_unavailable': False, 'install_base': '/home/cwc2204/dev_ws/install/learning_qos', 'merge_install': False, 'path': '/home/cwc2204/dev_ws/src/ros2_21_tutorials/learning_qos', 'symlink_install': False, 'test_result_base': None}
[0.205s] Level 5:colcon.colcon_core.verb:set package 'learning_tf' build argument 'cmake_args' from command line to 'None'
[0.205s] Level 5:colcon.colcon_core.verb:set package 'learning_tf' build argument 'cmake_target' from command line to 'None'
[0.205s] Level 5:colcon.colcon_core.verb:set package 'learning_tf' build argument 'cmake_target_skip_unavailable' from command line to 'False'
[0.205s] Level 5:colcon.colcon_core.verb:set package 'learning_tf' build argument 'cmake_clean_cache' from command line to 'False'
[0.205s] Level 5:colcon.colcon_core.verb:set package 'learning_tf' build argument 'cmake_clean_first' from command line to 'False'
[0.205s] Level 5:colcon.colcon_core.verb:set package 'learning_tf' build argument 'cmake_force_configure' from command line to 'False'
[0.205s] Level 5:colcon.colcon_core.verb:set package 'learning_tf' build argument 'ament_cmake_args' from command line to 'None'
[0.205s] Level 5:colcon.colcon_core.verb:set package 'learning_tf' build argument 'catkin_cmake_args' from command line to 'None'
[0.205s] Level 5:colcon.colcon_core.verb:set package 'learning_tf' build argument 'catkin_skip_building_tests' from command line to 'False'
[0.205s] DEBUG:colcon.colcon_core.verb:Building package 'learning_tf' with the following arguments: {'ament_cmake_args': None, 'build_base': '/home/cwc2204/dev_ws/build/learning_tf', 'catkin_cmake_args': None, 'catkin_skip_building_tests': False, 'cmake_args': None, 'cmake_clean_cache': False, 'cmake_clean_first': False, 'cmake_force_configure': False, 'cmake_target': None, 'cmake_target_skip_unavailable': False, 'install_base': '/home/cwc2204/dev_ws/install/learning_tf', 'merge_install': False, 'path': '/home/cwc2204/dev_ws/src/ros2_21_tutorials/learning_tf', 'symlink_install': False, 'test_result_base': None}
[0.205s] Level 5:colcon.colcon_core.verb:set package 'learning_urdf' build argument 'cmake_args' from command line to 'None'
[0.205s] Level 5:colcon.colcon_core.verb:set package 'learning_urdf' build argument 'cmake_target' from command line to 'None'
[0.205s] Level 5:colcon.colcon_core.verb:set package 'learning_urdf' build argument 'cmake_target_skip_unavailable' from command line to 'False'
[0.205s] Level 5:colcon.colcon_core.verb:set package 'learning_urdf' build argument 'cmake_clean_cache' from command line to 'False'
[0.205s] Level 5:colcon.colcon_core.verb:set package 'learning_urdf' build argument 'cmake_clean_first' from command line to 'False'
[0.205s] Level 5:colcon.colcon_core.verb:set package 'learning_urdf' build argument 'cmake_force_configure' from command line to 'False'
[0.205s] Level 5:colcon.colcon_core.verb:set package 'learning_urdf' build argument 'ament_cmake_args' from command line to 'None'
[0.205s] Level 5:colcon.colcon_core.verb:set package 'learning_urdf' build argument 'catkin_cmake_args' from command line to 'None'
[0.205s] Level 5:colcon.colcon_core.verb:set package 'learning_urdf' build argument 'catkin_skip_building_tests' from command line to 'False'
[0.205s] DEBUG:colcon.colcon_core.verb:Building package 'learning_urdf' with the following arguments: {'ament_cmake_args': None, 'build_base': '/home/cwc2204/dev_ws/build/learning_urdf', 'catkin_cmake_args': None, 'catkin_skip_building_tests': False, 'cmake_args': None, 'cmake_clean_cache': False, 'cmake_clean_first': False, 'cmake_force_configure': False, 'cmake_target': None, 'cmake_target_skip_unavailable': False, 'install_base': '/home/cwc2204/dev_ws/install/learning_urdf', 'merge_install': False, 'path': '/home/cwc2204/dev_ws/src/ros2_21_tutorials/learning_urdf', 'symlink_install': False, 'test_result_base': None}
[0.206s] Level 5:colcon.colcon_core.verb:set package 'more_interfaces' build argument 'cmake_args' from command line to 'None'
[0.206s] Level 5:colcon.colcon_core.verb:set package 'more_interfaces' build argument 'cmake_target' from command line to 'None'
[0.206s] Level 5:colcon.colcon_core.verb:set package 'more_interfaces' build argument 'cmake_target_skip_unavailable' from command line to 'False'
[0.206s] Level 5:colcon.colcon_core.verb:set package 'more_interfaces' build argument 'cmake_clean_cache' from command line to 'False'
[0.206s] Level 5:colcon.colcon_core.verb:set package 'more_interfaces' build argument 'cmake_clean_first' from command line to 'False'
[0.206s] Level 5:colcon.colcon_core.verb:set package 'more_interfaces' build argument 'cmake_force_configure' from command line to 'False'
[0.206s] Level 5:colcon.colcon_core.verb:set package 'more_interfaces' build argument 'ament_cmake_args' from command line to 'None'
[0.206s] Level 5:colcon.colcon_core.verb:set package 'more_interfaces' build argument 'catkin_cmake_args' from command line to 'None'
[0.206s] Level 5:colcon.colcon_core.verb:set package 'more_interfaces' build argument 'catkin_skip_building_tests' from command line to 'False'
[0.206s] DEBUG:colcon.colcon_core.verb:Building package 'more_interfaces' with the following arguments: {'ament_cmake_args': None, 'build_base': '/home/cwc2204/dev_ws/build/more_interfaces', 'catkin_cmake_args': None, 'catkin_skip_building_tests': False, 'cmake_args': None, 'cmake_clean_cache': False, 'cmake_clean_first': False, 'cmake_force_configure': False, 'cmake_target': None, 'cmake_target_skip_unavailable': False, 'install_base': '/home/cwc2204/dev_ws/install/more_interfaces', 'merge_install': False, 'path': '/home/cwc2204/dev_ws/src/more_interfaces', 'symlink_install': False, 'test_result_base': None}
[0.206s] Level 5:colcon.colcon_core.verb:set package 'learning_action' build argument 'cmake_args' from command line to 'None'
[0.206s] Level 5:colcon.colcon_core.verb:set package 'learning_action' build argument 'cmake_target' from command line to 'None'
[0.206s] Level 5:colcon.colcon_core.verb:set package 'learning_action' build argument 'cmake_target_skip_unavailable' from command line to 'False'
[0.206s] Level 5:colcon.colcon_core.verb:set package 'learning_action' build argument 'cmake_clean_cache' from command line to 'False'
[0.206s] Level 5:colcon.colcon_core.verb:set package 'learning_action' build argument 'cmake_clean_first' from command line to 'False'
[0.206s] Level 5:colcon.colcon_core.verb:set package 'learning_action' build argument 'cmake_force_configure' from command line to 'False'
[0.206s] Level 5:colcon.colcon_core.verb:set package 'learning_action' build argument 'ament_cmake_args' from command line to 'None'
[0.206s] Level 5:colcon.colcon_core.verb:set package 'learning_action' build argument 'catkin_cmake_args' from command line to 'None'
[0.206s] Level 5:colcon.colcon_core.verb:set package 'learning_action' build argument 'catkin_skip_building_tests' from command line to 'False'
[0.206s] DEBUG:colcon.colcon_core.verb:Building package 'learning_action' with the following arguments: {'ament_cmake_args': None, 'build_base': '/home/cwc2204/dev_ws/build/learning_action', 'catkin_cmake_args': None, 'catkin_skip_building_tests': False, 'cmake_args': None, 'cmake_clean_cache': False, 'cmake_clean_first': False, 'cmake_force_configure': False, 'cmake_target': None, 'cmake_target_skip_unavailable': False, 'install_base': '/home/cwc2204/dev_ws/install/learning_action', 'merge_install': False, 'path': '/home/cwc2204/dev_ws/src/ros2_21_tutorials/learning_action', 'symlink_install': False, 'test_result_base': None}
[0.207s] Level 5:colcon.colcon_core.verb:set package 'learning_service' build argument 'cmake_args' from command line to 'None'
[0.207s] Level 5:colcon.colcon_core.verb:set package 'learning_service' build argument 'cmake_target' from command line to 'None'
[0.207s] Level 5:colcon.colcon_core.verb:set package 'learning_service' build argument 'cmake_target_skip_unavailable' from command line to 'False'
[0.207s] Level 5:colcon.colcon_core.verb:set package 'learning_service' build argument 'cmake_clean_cache' from command line to 'False'
[0.207s] Level 5:colcon.colcon_core.verb:set package 'learning_service' build argument 'cmake_clean_first' from command line to 'False'
[0.207s] Level 5:colcon.colcon_core.verb:set package 'learning_service' build argument 'cmake_force_configure' from command line to 'False'
[0.207s] Level 5:colcon.colcon_core.verb:set package 'learning_service' build argument 'ament_cmake_args' from command line to 'None'
[0.207s] Level 5:colcon.colcon_core.verb:set package 'learning_service' build argument 'catkin_cmake_args' from command line to 'None'
[0.207s] Level 5:colcon.colcon_core.verb:set package 'learning_service' build argument 'catkin_skip_building_tests' from command line to 'False'
[0.207s] DEBUG:colcon.colcon_core.verb:Building package 'learning_service' with the following arguments: {'ament_cmake_args': None, 'build_base': '/home/cwc2204/dev_ws/build/learning_service', 'catkin_cmake_args': None, 'catkin_skip_building_tests': False, 'cmake_args': None, 'cmake_clean_cache': False, 'cmake_clean_first': False, 'cmake_force_configure': False, 'cmake_target': None, 'cmake_target_skip_unavailable': False, 'install_base': '/home/cwc2204/dev_ws/install/learning_service', 'merge_install': False, 'path': '/home/cwc2204/dev_ws/src/ros2_21_tutorials/learning_service', 'symlink_install': False, 'test_result_base': None}
[0.207s] Level 5:colcon.colcon_core.verb:set package 'learning_topic' build argument 'cmake_args' from command line to 'None'
[0.207s] Level 5:colcon.colcon_core.verb:set package 'learning_topic' build argument 'cmake_target' from command line to 'None'
[0.207s] Level 5:colcon.colcon_core.verb:set package 'learning_topic' build argument 'cmake_target_skip_unavailable' from command line to 'False'
[0.207s] Level 5:colcon.colcon_core.verb:set package 'learning_topic' build argument 'cmake_clean_cache' from command line to 'False'
[0.207s] Level 5:colcon.colcon_core.verb:set package 'learning_topic' build argument 'cmake_clean_first' from command line to 'False'
[0.207s] Level 5:colcon.colcon_core.verb:set package 'learning_topic' build argument 'cmake_force_configure' from command line to 'False'
[0.207s] Level 5:colcon.colcon_core.verb:set package 'learning_topic' build argument 'ament_cmake_args' from command line to 'None'
[0.207s] Level 5:colcon.colcon_core.verb:set package 'learning_topic' build argument 'catkin_cmake_args' from command line to 'None'
[0.207s] Level 5:colcon.colcon_core.verb:set package 'learning_topic' build argument 'catkin_skip_building_tests' from command line to 'False'
[0.207s] DEBUG:colcon.colcon_core.verb:Building package 'learning_topic' with the following arguments: {'ament_cmake_args': None, 'build_base': '/home/cwc2204/dev_ws/build/learning_topic', 'catkin_cmake_args': None, 'catkin_skip_building_tests': False, 'cmake_args': None, 'cmake_clean_cache': False, 'cmake_clean_first': False, 'cmake_force_configure': False, 'cmake_target': None, 'cmake_target_skip_unavailable': False, 'install_base': '/home/cwc2204/dev_ws/install/learning_topic', 'merge_install': False, 'path': '/home/cwc2204/dev_ws/src/ros2_21_tutorials/learning_topic', 'symlink_install': False, 'test_result_base': None}
[0.208s] INFO:colcon.colcon_core.executor:Executing jobs using 'sequential' executor
[0.208s] DEBUG:colcon.colcon_core.executor.sequential:run_until_complete 'learning_gazebo'
[0.209s] INFO:colcon.colcon_ros.task.ament_python.build:Building ROS package in '/home/cwc2204/dev_ws/src/ros2_21_tutorials/learning_gazebo' with build type 'ament_python'
[0.209s] Level 1:colcon.colcon_core.shell:create_environment_hook('learning_gazebo', 'ament_prefix_path')
[0.209s] INFO:colcon.colcon_core.plugin_system:Skipping extension 'colcon_core.shell.bat': Not used on non-Windows systems
[0.209s] INFO:colcon.colcon_core.shell:Creating environment descriptor '/home/cwc2204/dev_ws/install/learning_gazebo/share/learning_gazebo/hook/ament_prefix_path.dsv'
[0.210s] INFO:colcon.colcon_core.shell:Creating environment hook '/home/cwc2204/dev_ws/install/learning_gazebo/share/learning_gazebo/hook/ament_prefix_path.sh'
[0.210s] DEBUG:colcon.colcon_core.shell:Skip shell extension 'dsv' for command environment
[0.335s] INFO:colcon.colcon_core.task.python.build:Building Python package in '/home/cwc2204/dev_ws/src/ros2_21_tutorials/learning_gazebo'
[0.336s] DEBUG:colcon.colcon_core.shell:Skip shell extension 'dsv' for command environment
[0.517s] DEBUG:colcon.colcon_core.event_handler.log_command:Invoking command in '/home/cwc2204/dev_ws/src/ros2_21_tutorials/learning_gazebo': PYTHONPATH=/home/cwc2204/dev_ws/build/learning_gazebo/prefix_override:/home/cwc2204/dev_ws/install/learning_gazebo/lib/python3.10/site-packages:${PYTHONPATH} /usr/bin/python3 setup.py egg_info --egg-base ../../../build/learning_gazebo build --build-base /home/cwc2204/dev_ws/build/learning_gazebo/build install --record /home/cwc2204/dev_ws/build/learning_gazebo/install.log --single-version-externally-managed
[0.656s] DEBUG:colcon.colcon_core.event_handler.log_command:Invoked command in '/home/cwc2204/dev_ws/src/ros2_21_tutorials/learning_gazebo' returned '0': PYTHONPATH=/home/cwc2204/dev_ws/build/learning_gazebo/prefix_override:/home/cwc2204/dev_ws/install/learning_gazebo/lib/python3.10/site-packages:${PYTHONPATH} /usr/bin/python3 setup.py egg_info --egg-base ../../../build/learning_gazebo build --build-base /home/cwc2204/dev_ws/build/learning_gazebo/build install --record /home/cwc2204/dev_ws/build/learning_gazebo/install.log --single-version-externally-managed
[0.659s] Level 1:colcon.colcon_core.environment:checking '/home/cwc2204/dev_ws/install/learning_gazebo' for CMake module files
[0.659s] Level 1:colcon.colcon_core.environment:checking '/home/cwc2204/dev_ws/install/learning_gazebo' for CMake config files
[0.660s] Level 1:colcon.colcon_core.environment:checking '/home/cwc2204/dev_ws/install/learning_gazebo/lib'
[0.660s] Level 1:colcon.colcon_core.environment:checking '/home/cwc2204/dev_ws/install/learning_gazebo/bin'
[0.660s] Level 1:colcon.colcon_core.environment:checking '/home/cwc2204/dev_ws/install/learning_gazebo/lib/pkgconfig/learning_gazebo.pc'
[0.660s] Level 1:colcon.colcon_core.environment:checking '/home/cwc2204/dev_ws/install/learning_gazebo/lib/python3.10/site-packages'
[0.660s] Level 1:colcon.colcon_core.shell:create_environment_hook('learning_gazebo', 'pythonpath')
[0.660s] INFO:colcon.colcon_core.shell:Creating environment descriptor '/home/cwc2204/dev_ws/install/learning_gazebo/share/learning_gazebo/hook/pythonpath.dsv'
[0.661s] INFO:colcon.colcon_core.shell:Creating environment hook '/home/cwc2204/dev_ws/install/learning_gazebo/share/learning_gazebo/hook/pythonpath.sh'
[0.661s] Level 1:colcon.colcon_core.environment:checking '/home/cwc2204/dev_ws/install/learning_gazebo/bin'
[0.661s] Level 1:colcon.colcon_core.environment:create_environment_scripts_only(learning_gazebo)
[0.666s] INFO:colcon.colcon_core.shell:Creating package descriptor '/home/cwc2204/dev_ws/install/learning_gazebo/share/learning_gazebo/package.dsv'
[0.667s] INFO:colcon.colcon_core.shell:Creating package script '/home/cwc2204/dev_ws/install/learning_gazebo/share/learning_gazebo/package.sh'
[0.667s] Level 1:colcon.colcon_core.environment:create_file_with_runtime_dependencies(/home/cwc2204/dev_ws/install/learning_gazebo/share/colcon-core/packages/learning_gazebo)
[0.667s] DEBUG:colcon.colcon_core.executor.sequential:run_until_complete 'learning_gazebo' finished with '0'
[0.667s] DEBUG:colcon.colcon_core.executor.sequential:run_until_complete 'learning_interface'
[0.667s] INFO:colcon.colcon_ros.task.ament_cmake.build:Building ROS package in '/home/cwc2204/dev_ws/src/ros2_21_tutorials/learning_interface' with build type 'ament_cmake'
[0.667s] INFO:colcon.colcon_cmake.task.cmake.build:Building CMake package in '/home/cwc2204/dev_ws/src/ros2_21_tutorials/learning_interface'
[0.667s] DEBUG:colcon.colcon_core.shell:Skip shell extension 'dsv' for command environment
[0.671s] DEBUG:colcon.colcon_core.event_handler.log_command:Invoking command in '/home/cwc2204/dev_ws/build/learning_interface': CMAKE_PREFIX_PATH=${CMAKE_PREFIX_PATH}:/home/cwc2204/dev_ws/install/learning_urdf:/home/cwc2204/dev_ws/install/learning_topic:/home/cwc2204/dev_ws/install/learning_tf:/home/cwc2204/dev_ws/install/learning_service:/home/cwc2204/dev_ws/install/learning_qos:/home/cwc2204/dev_ws/install/learning_pkg_python:/home/cwc2204/dev_ws/install/learning_parameter:/home/cwc2204/dev_ws/install/learning_node:/home/cwc2204/dev_ws/install/learning_launch:/home/cwc2204/dev_ws/install/learning_action:/home/cwc2204/dev_ws/install/learning_gazebo:/opt/ros/humble /usr/bin/cmake --build /home/cwc2204/dev_ws/build/learning_interface -- -j20 -l20
[0.850s] DEBUG:colcon.colcon_core.event_handler.log_command:Invoked command in '/home/cwc2204/dev_ws/build/learning_interface' returned '0': CMAKE_PREFIX_PATH=${CMAKE_PREFIX_PATH}:/home/cwc2204/dev_ws/install/learning_urdf:/home/cwc2204/dev_ws/install/learning_topic:/home/cwc2204/dev_ws/install/learning_tf:/home/cwc2204/dev_ws/install/learning_service:/home/cwc2204/dev_ws/install/learning_qos:/home/cwc2204/dev_ws/install/learning_pkg_python:/home/cwc2204/dev_ws/install/learning_parameter:/home/cwc2204/dev_ws/install/learning_node:/home/cwc2204/dev_ws/install/learning_launch:/home/cwc2204/dev_ws/install/learning_action:/home/cwc2204/dev_ws/install/learning_gazebo:/opt/ros/humble /usr/bin/cmake --build /home/cwc2204/dev_ws/build/learning_interface -- -j20 -l20
[0.938s] DEBUG:colcon.colcon_core.event_handler.log_command:Invoking command in '/home/cwc2204/dev_ws/build/learning_interface': CMAKE_PREFIX_PATH=${CMAKE_PREFIX_PATH}:/home/cwc2204/dev_ws/install/learning_urdf:/home/cwc2204/dev_ws/install/learning_topic:/home/cwc2204/dev_ws/install/learning_tf:/home/cwc2204/dev_ws/install/learning_service:/home/cwc2204/dev_ws/install/learning_qos:/home/cwc2204/dev_ws/install/learning_pkg_python:/home/cwc2204/dev_ws/install/learning_parameter:/home/cwc2204/dev_ws/install/learning_node:/home/cwc2204/dev_ws/install/learning_launch:/home/cwc2204/dev_ws/install/learning_action:/home/cwc2204/dev_ws/install/learning_gazebo:/opt/ros/humble /usr/bin/cmake --install /home/cwc2204/dev_ws/build/learning_interface
[0.982s] Level 1:colcon.colcon_core.environment:create_environment_scripts_only(learning_interface)
[0.982s] DEBUG:colcon.colcon_core.event_handler.log_command:Invoked command in '/home/cwc2204/dev_ws/build/learning_interface' returned '0': CMAKE_PREFIX_PATH=${CMAKE_PREFIX_PATH}:/home/cwc2204/dev_ws/install/learning_urdf:/home/cwc2204/dev_ws/install/learning_topic:/home/cwc2204/dev_ws/install/learning_tf:/home/cwc2204/dev_ws/install/learning_service:/home/cwc2204/dev_ws/install/learning_qos:/home/cwc2204/dev_ws/install/learning_pkg_python:/home/cwc2204/dev_ws/install/learning_parameter:/home/cwc2204/dev_ws/install/learning_node:/home/cwc2204/dev_ws/install/learning_launch:/home/cwc2204/dev_ws/install/learning_action:/home/cwc2204/dev_ws/install/learning_gazebo:/opt/ros/humble /usr/bin/cmake --install /home/cwc2204/dev_ws/build/learning_interface
[0.983s] Level 1:colcon.colcon_core.environment:checking '/home/cwc2204/dev_ws/install/learning_interface' for CMake module files
[0.983s] Level 1:colcon.colcon_core.environment:checking '/home/cwc2204/dev_ws/install/learning_interface' for CMake config files
[0.983s] Level 1:colcon.colcon_core.shell:create_environment_hook('learning_interface', 'cmake_prefix_path')
[0.984s] INFO:colcon.colcon_core.shell:Creating environment descriptor '/home/cwc2204/dev_ws/install/learning_interface/share/learning_interface/hook/cmake_prefix_path.dsv'
[0.984s] INFO:colcon.colcon_core.shell:Creating environment hook '/home/cwc2204/dev_ws/install/learning_interface/share/learning_interface/hook/cmake_prefix_path.sh'
[0.984s] Level 1:colcon.colcon_core.environment:checking '/home/cwc2204/dev_ws/install/learning_interface/lib'
[0.984s] Level 1:colcon.colcon_core.shell:create_environment_hook('learning_interface', 'ld_library_path_lib')
[0.985s] INFO:colcon.colcon_core.shell:Creating environment descriptor '/home/cwc2204/dev_ws/install/learning_interface/share/learning_interface/hook/ld_library_path_lib.dsv'
[0.985s] INFO:colcon.colcon_core.shell:Creating environment hook '/home/cwc2204/dev_ws/install/learning_interface/share/learning_interface/hook/ld_library_path_lib.sh'
[0.985s] Level 1:colcon.colcon_core.environment:checking '/home/cwc2204/dev_ws/install/learning_interface/bin'
[0.985s] Level 1:colcon.colcon_core.environment:checking '/home/cwc2204/dev_ws/install/learning_interface/lib/pkgconfig/learning_interface.pc'
[0.985s] Level 1:colcon.colcon_core.environment:checking '/home/cwc2204/dev_ws/install/learning_interface/lib/python3.10/site-packages'
[0.985s] Level 1:colcon.colcon_core.environment:checking '/home/cwc2204/dev_ws/install/learning_interface/bin'
[0.986s] INFO:colcon.colcon_core.shell:Creating package descriptor '/home/cwc2204/dev_ws/install/learning_interface/share/learning_interface/package.dsv'
[0.986s] INFO:colcon.colcon_core.shell:Creating package script '/home/cwc2204/dev_ws/install/learning_interface/share/learning_interface/package.sh'
[0.986s] Level 1:colcon.colcon_core.environment:create_file_with_runtime_dependencies(/home/cwc2204/dev_ws/install/learning_interface/share/colcon-core/packages/learning_interface)
[1.106s] Level 1:colcon.colcon_core.environment:create_environment_scripts_only(learning_interface)
[1.110s] Level 1:colcon.colcon_core.environment:checking '/home/cwc2204/dev_ws/install/learning_interface' for CMake module files
[1.111s] Level 1:colcon.colcon_core.environment:checking '/home/cwc2204/dev_ws/install/learning_interface' for CMake config files
[1.112s] Level 1:colcon.colcon_core.shell:create_environment_hook('learning_interface', 'cmake_prefix_path')
[1.113s] INFO:colcon.colcon_core.shell:Creating environment descriptor '/home/cwc2204/dev_ws/install/learning_interface/share/learning_interface/hook/cmake_prefix_path.dsv'
[1.113s] INFO:colcon.colcon_core.shell:Creating environment hook '/home/cwc2204/dev_ws/install/learning_interface/share/learning_interface/hook/cmake_prefix_path.sh'
[1.114s] Level 1:colcon.colcon_core.environment:checking '/home/cwc2204/dev_ws/install/learning_interface/lib'
[1.114s] Level 1:colcon.colcon_core.shell:create_environment_hook('learning_interface', 'ld_library_path_lib')
[1.115s] INFO:colcon.colcon_core.shell:Creating environment descriptor '/home/cwc2204/dev_ws/install/learning_interface/share/learning_interface/hook/ld_library_path_lib.dsv'
[1.116s] INFO:colcon.colcon_core.shell:Creating environment hook '/home/cwc2204/dev_ws/install/learning_interface/share/learning_interface/hook/ld_library_path_lib.sh'
[1.116s] Level 1:colcon.colcon_core.environment:checking '/home/cwc2204/dev_ws/install/learning_interface/bin'
[1.116s] Level 1:colcon.colcon_core.environment:checking '/home/cwc2204/dev_ws/install/learning_interface/lib/pkgconfig/learning_interface.pc'
[1.116s] Level 1:colcon.colcon_core.environment:checking '/home/cwc2204/dev_ws/install/learning_interface/lib/python3.10/site-packages'
[1.117s] Level 1:colcon.colcon_core.environment:checking '/home/cwc2204/dev_ws/install/learning_interface/bin'
[1.118s] INFO:colcon.colcon_core.shell:Creating package descriptor '/home/cwc2204/dev_ws/install/learning_interface/share/learning_interface/package.dsv'
[1.118s] INFO:colcon.colcon_core.shell:Creating package script '/home/cwc2204/dev_ws/install/learning_interface/share/learning_interface/package.sh'
[1.118s] Level 1:colcon.colcon_core.environment:create_file_with_runtime_dependencies(/home/cwc2204/dev_ws/install/learning_interface/share/colcon-core/packages/learning_interface)
[1.119s] DEBUG:colcon.colcon_core.executor.sequential:run_until_complete 'learning_interface' finished with '0'
[1.119s] DEBUG:colcon.colcon_core.executor.sequential:run_until_complete 'learning_launch'
[1.119s] INFO:colcon.colcon_ros.task.ament_python.build:Building ROS package in '/home/cwc2204/dev_ws/src/ros2_21_tutorials/learning_launch' with build type 'ament_python'
[1.119s] Level 1:colcon.colcon_core.shell:create_environment_hook('learning_launch', 'ament_prefix_path')
[1.120s] INFO:colcon.colcon_core.shell:Creating environment descriptor '/home/cwc2204/dev_ws/install/learning_launch/share/learning_launch/hook/ament_prefix_path.dsv'
[1.120s] INFO:colcon.colcon_core.shell:Creating environment hook '/home/cwc2204/dev_ws/install/learning_launch/share/learning_launch/hook/ament_prefix_path.sh'
[1.121s] DEBUG:colcon.colcon_core.shell:Skip shell extension 'dsv' for command environment
[1.248s] INFO:colcon.colcon_core.task.python.build:Building Python package in '/home/cwc2204/dev_ws/src/ros2_21_tutorials/learning_launch'
[1.249s] DEBUG:colcon.colcon_core.shell:Skip shell extension 'dsv' for command environment
[1.410s] DEBUG:colcon.colcon_core.event_handler.log_command:Invoking command in '/home/cwc2204/dev_ws/src/ros2_21_tutorials/learning_launch': PYTHONPATH=/home/cwc2204/dev_ws/build/learning_launch/prefix_override:/home/cwc2204/dev_ws/install/learning_launch/lib/python3.10/site-packages:${PYTHONPATH} /usr/bin/python3 setup.py egg_info --egg-base ../../../build/learning_launch build --build-base /home/cwc2204/dev_ws/build/learning_launch/build install --record /home/cwc2204/dev_ws/build/learning_launch/install.log --single-version-externally-managed
[1.553s] Level 1:colcon.colcon_core.environment:checking '/home/cwc2204/dev_ws/install/learning_launch' for CMake module files
[1.553s] DEBUG:colcon.colcon_core.event_handler.log_command:Invoked command in '/home/cwc2204/dev_ws/src/ros2_21_tutorials/learning_launch' returned '0': PYTHONPATH=/home/cwc2204/dev_ws/build/learning_launch/prefix_override:/home/cwc2204/dev_ws/install/learning_launch/lib/python3.10/site-packages:${PYTHONPATH} /usr/bin/python3 setup.py egg_info --egg-base ../../../build/learning_launch build --build-base /home/cwc2204/dev_ws/build/learning_launch/build install --record /home/cwc2204/dev_ws/build/learning_launch/install.log --single-version-externally-managed
[1.553s] Level 1:colcon.colcon_core.environment:checking '/home/cwc2204/dev_ws/install/learning_launch' for CMake config files
[1.553s] Level 1:colcon.colcon_core.environment:checking '/home/cwc2204/dev_ws/install/learning_launch/lib'
[1.553s] Level 1:colcon.colcon_core.environment:checking '/home/cwc2204/dev_ws/install/learning_launch/bin'
[1.553s] Level 1:colcon.colcon_core.environment:checking '/home/cwc2204/dev_ws/install/learning_launch/lib/pkgconfig/learning_launch.pc'
[1.553s] Level 1:colcon.colcon_core.environment:checking '/home/cwc2204/dev_ws/install/learning_launch/lib/python3.10/site-packages'
[1.553s] Level 1:colcon.colcon_core.shell:create_environment_hook('learning_launch', 'pythonpath')
[1.554s] INFO:colcon.colcon_core.shell:Creating environment descriptor '/home/cwc2204/dev_ws/install/learning_launch/share/learning_launch/hook/pythonpath.dsv'
[1.554s] INFO:colcon.colcon_core.shell:Creating environment hook '/home/cwc2204/dev_ws/install/learning_launch/share/learning_launch/hook/pythonpath.sh'
[1.554s] Level 1:colcon.colcon_core.environment:checking '/home/cwc2204/dev_ws/install/learning_launch/bin'
[1.554s] Level 1:colcon.colcon_core.environment:create_environment_scripts_only(learning_launch)
[1.555s] INFO:colcon.colcon_core.shell:Creating package descriptor '/home/cwc2204/dev_ws/install/learning_launch/share/learning_launch/package.dsv'
[1.555s] INFO:colcon.colcon_core.shell:Creating package script '/home/cwc2204/dev_ws/install/learning_launch/share/learning_launch/package.sh'
[1.555s] Level 1:colcon.colcon_core.environment:create_file_with_runtime_dependencies(/home/cwc2204/dev_ws/install/learning_launch/share/colcon-core/packages/learning_launch)
[1.555s] DEBUG:colcon.colcon_core.executor.sequential:run_until_complete 'learning_launch' finished with '0'
[1.555s] DEBUG:colcon.colcon_core.executor.sequential:run_until_complete 'learning_node'
[1.555s] INFO:colcon.colcon_ros.task.ament_python.build:Building ROS package in '/home/cwc2204/dev_ws/src/ros2_21_tutorials/learning_node' with build type 'ament_python'
[1.555s] Level 1:colcon.colcon_core.shell:create_environment_hook('learning_node', 'ament_prefix_path')
[1.556s] INFO:colcon.colcon_core.shell:Creating environment descriptor '/home/cwc2204/dev_ws/install/learning_node/share/learning_node/hook/ament_prefix_path.dsv'
[1.556s] INFO:colcon.colcon_core.shell:Creating environment hook '/home/cwc2204/dev_ws/install/learning_node/share/learning_node/hook/ament_prefix_path.sh'
[1.556s] DEBUG:colcon.colcon_core.shell:Skip shell extension 'dsv' for command environment
[1.688s] INFO:colcon.colcon_core.task.python.build:Building Python package in '/home/cwc2204/dev_ws/src/ros2_21_tutorials/learning_node'
[1.688s] DEBUG:colcon.colcon_core.shell:Skip shell extension 'dsv' for command environment
[1.862s] DEBUG:colcon.colcon_core.event_handler.log_command:Invoking command in '/home/cwc2204/dev_ws/src/ros2_21_tutorials/learning_node': PYTHONPATH=/home/cwc2204/dev_ws/build/learning_node/prefix_override:/home/cwc2204/dev_ws/install/learning_node/lib/python3.10/site-packages:${PYTHONPATH} /usr/bin/python3 setup.py egg_info --egg-base ../../../build/learning_node build --build-base /home/cwc2204/dev_ws/build/learning_node/build install --record /home/cwc2204/dev_ws/build/learning_node/install.log --single-version-externally-managed
[2.008s] Level 1:colcon.colcon_core.environment:checking '/home/cwc2204/dev_ws/install/learning_node' for CMake module files
[2.008s] DEBUG:colcon.colcon_core.event_handler.log_command:Invoked command in '/home/cwc2204/dev_ws/src/ros2_21_tutorials/learning_node' returned '0': PYTHONPATH=/home/cwc2204/dev_ws/build/learning_node/prefix_override:/home/cwc2204/dev_ws/install/learning_node/lib/python3.10/site-packages:${PYTHONPATH} /usr/bin/python3 setup.py egg_info --egg-base ../../../build/learning_node build --build-base /home/cwc2204/dev_ws/build/learning_node/build install --record /home/cwc2204/dev_ws/build/learning_node/install.log --single-version-externally-managed
[2.008s] Level 1:colcon.colcon_core.environment:checking '/home/cwc2204/dev_ws/install/learning_node' for CMake config files
[2.026s] Level 1:colcon.colcon_core.environment:checking '/home/cwc2204/dev_ws/install/learning_node/lib'
[2.027s] Level 1:colcon.colcon_core.environment:checking '/home/cwc2204/dev_ws/install/learning_node/bin'
[2.027s] Level 1:colcon.colcon_core.environment:checking '/home/cwc2204/dev_ws/install/learning_node/lib/pkgconfig/learning_node.pc'
[2.027s] Level 1:colcon.colcon_core.environment:checking '/home/cwc2204/dev_ws/install/learning_node/lib/python3.10/site-packages'
[2.027s] Level 1:colcon.colcon_core.shell:create_environment_hook('learning_node', 'pythonpath')
[2.027s] INFO:colcon.colcon_core.shell:Creating environment descriptor '/home/cwc2204/dev_ws/install/learning_node/share/learning_node/hook/pythonpath.dsv'
[2.028s] INFO:colcon.colcon_core.shell:Creating environment hook '/home/cwc2204/dev_ws/install/learning_node/share/learning_node/hook/pythonpath.sh'
[2.028s] Level 1:colcon.colcon_core.environment:checking '/home/cwc2204/dev_ws/install/learning_node/bin'
[2.028s] Level 1:colcon.colcon_core.environment:create_environment_scripts_only(learning_node)
[2.029s] INFO:colcon.colcon_core.shell:Creating package descriptor '/home/cwc2204/dev_ws/install/learning_node/share/learning_node/package.dsv'
[2.029s] INFO:colcon.colcon_core.shell:Creating package script '/home/cwc2204/dev_ws/install/learning_node/share/learning_node/package.sh'
[2.030s] Level 1:colcon.colcon_core.environment:create_file_with_runtime_dependencies(/home/cwc2204/dev_ws/install/learning_node/share/colcon-core/packages/learning_node)
[2.030s] DEBUG:colcon.colcon_core.executor.sequential:run_until_complete 'learning_node' finished with '0'
[2.030s] DEBUG:colcon.colcon_core.executor.sequential:run_until_complete 'learning_parameter'
[2.030s] INFO:colcon.colcon_ros.task.ament_python.build:Building ROS package in '/home/cwc2204/dev_ws/src/ros2_21_tutorials/learning_parameter' with build type 'ament_python'
[2.030s] Level 1:colcon.colcon_core.shell:create_environment_hook('learning_parameter', 'ament_prefix_path')
[2.031s] INFO:colcon.colcon_core.shell:Creating environment descriptor '/home/cwc2204/dev_ws/install/learning_parameter/share/learning_parameter/hook/ament_prefix_path.dsv'
[2.031s] INFO:colcon.colcon_core.shell:Creating environment hook '/home/cwc2204/dev_ws/install/learning_parameter/share/learning_parameter/hook/ament_prefix_path.sh'
[2.032s] DEBUG:colcon.colcon_core.shell:Skip shell extension 'dsv' for command environment
[2.168s] INFO:colcon.colcon_core.task.python.build:Building Python package in '/home/cwc2204/dev_ws/src/ros2_21_tutorials/learning_parameter'
[2.169s] DEBUG:colcon.colcon_core.shell:Skip shell extension 'dsv' for command environment
[2.333s] DEBUG:colcon.colcon_core.event_handler.log_command:Invoking command in '/home/cwc2204/dev_ws/src/ros2_21_tutorials/learning_parameter': PYTHONPATH=/home/cwc2204/dev_ws/build/learning_parameter/prefix_override:/home/cwc2204/dev_ws/install/learning_parameter/lib/python3.10/site-packages:${PYTHONPATH} /usr/bin/python3 setup.py egg_info --egg-base ../../../build/learning_parameter build --build-base /home/cwc2204/dev_ws/build/learning_parameter/build install --record /home/cwc2204/dev_ws/build/learning_parameter/install.log --single-version-externally-managed
[2.475s] Level 1:colcon.colcon_core.environment:checking '/home/cwc2204/dev_ws/install/learning_parameter' for CMake module files
[2.475s] DEBUG:colcon.colcon_core.event_handler.log_command:Invoked command in '/home/cwc2204/dev_ws/src/ros2_21_tutorials/learning_parameter' returned '0': PYTHONPATH=/home/cwc2204/dev_ws/build/learning_parameter/prefix_override:/home/cwc2204/dev_ws/install/learning_parameter/lib/python3.10/site-packages:${PYTHONPATH} /usr/bin/python3 setup.py egg_info --egg-base ../../../build/learning_parameter build --build-base /home/cwc2204/dev_ws/build/learning_parameter/build install --record /home/cwc2204/dev_ws/build/learning_parameter/install.log --single-version-externally-managed
[2.475s] Level 1:colcon.colcon_core.environment:checking '/home/cwc2204/dev_ws/install/learning_parameter' for CMake config files
[2.476s] Level 1:colcon.colcon_core.environment:checking '/home/cwc2204/dev_ws/install/learning_parameter/lib'
[2.476s] Level 1:colcon.colcon_core.environment:checking '/home/cwc2204/dev_ws/install/learning_parameter/bin'
[2.476s] Level 1:colcon.colcon_core.environment:checking '/home/cwc2204/dev_ws/install/learning_parameter/lib/pkgconfig/learning_parameter.pc'
[2.476s] Level 1:colcon.colcon_core.environment:checking '/home/cwc2204/dev_ws/install/learning_parameter/lib/python3.10/site-packages'
[2.476s] Level 1:colcon.colcon_core.shell:create_environment_hook('learning_parameter', 'pythonpath')
[2.476s] INFO:colcon.colcon_core.shell:Creating environment descriptor '/home/cwc2204/dev_ws/install/learning_parameter/share/learning_parameter/hook/pythonpath.dsv'
[2.476s] INFO:colcon.colcon_core.shell:Creating environment hook '/home/cwc2204/dev_ws/install/learning_parameter/share/learning_parameter/hook/pythonpath.sh'
[2.477s] Level 1:colcon.colcon_core.environment:checking '/home/cwc2204/dev_ws/install/learning_parameter/bin'
[2.477s] Level 1:colcon.colcon_core.environment:create_environment_scripts_only(learning_parameter)
[2.477s] INFO:colcon.colcon_core.shell:Creating package descriptor '/home/cwc2204/dev_ws/install/learning_parameter/share/learning_parameter/package.dsv'
[2.477s] INFO:colcon.colcon_core.shell:Creating package script '/home/cwc2204/dev_ws/install/learning_parameter/share/learning_parameter/package.sh'
[2.478s] Level 1:colcon.colcon_core.environment:create_file_with_runtime_dependencies(/home/cwc2204/dev_ws/install/learning_parameter/share/colcon-core/packages/learning_parameter)
[2.478s] DEBUG:colcon.colcon_core.executor.sequential:run_until_complete 'learning_parameter' finished with '0'
[2.478s] DEBUG:colcon.colcon_core.executor.sequential:run_until_complete 'learning_pkg_c'
[2.478s] INFO:colcon.colcon_ros.task.ament_cmake.build:Building ROS package in '/home/cwc2204/dev_ws/src/ros2_21_tutorials/learning_pkg_c' with build type 'ament_cmake'
[2.478s] INFO:colcon.colcon_cmake.task.cmake.build:Building CMake package in '/home/cwc2204/dev_ws/src/ros2_21_tutorials/learning_pkg_c'
[2.478s] DEBUG:colcon.colcon_core.shell:Skip shell extension 'dsv' for command environment
[2.482s] DEBUG:colcon.colcon_core.event_handler.log_command:Invoking command in '/home/cwc2204/dev_ws/build/learning_pkg_c': CMAKE_PREFIX_PATH=${CMAKE_PREFIX_PATH}:/home/cwc2204/dev_ws/install/learning_urdf:/home/cwc2204/dev_ws/install/learning_topic:/home/cwc2204/dev_ws/install/learning_tf:/home/cwc2204/dev_ws/install/learning_service:/home/cwc2204/dev_ws/install/learning_qos:/home/cwc2204/dev_ws/install/learning_pkg_python:/home/cwc2204/dev_ws/install/learning_parameter:/home/cwc2204/dev_ws/install/learning_node:/home/cwc2204/dev_ws/install/learning_launch:/home/cwc2204/dev_ws/install/learning_action:/home/cwc2204/dev_ws/install/learning_gazebo:/opt/ros/humble /usr/bin/cmake --build /home/cwc2204/dev_ws/build/learning_pkg_c -- -j20 -l20
[2.499s] DEBUG:colcon.colcon_core.event_handler.log_command:Invoked command in '/home/cwc2204/dev_ws/build/learning_pkg_c' returned '0': CMAKE_PREFIX_PATH=${CMAKE_PREFIX_PATH}:/home/cwc2204/dev_ws/install/learning_urdf:/home/cwc2204/dev_ws/install/learning_topic:/home/cwc2204/dev_ws/install/learning_tf:/home/cwc2204/dev_ws/install/learning_service:/home/cwc2204/dev_ws/install/learning_qos:/home/cwc2204/dev_ws/install/learning_pkg_python:/home/cwc2204/dev_ws/install/learning_parameter:/home/cwc2204/dev_ws/install/learning_node:/home/cwc2204/dev_ws/install/learning_launch:/home/cwc2204/dev_ws/install/learning_action:/home/cwc2204/dev_ws/install/learning_gazebo:/opt/ros/humble /usr/bin/cmake --build /home/cwc2204/dev_ws/build/learning_pkg_c -- -j20 -l20
[2.516s] DEBUG:colcon.colcon_core.event_handler.log_command:Invoking command in '/home/cwc2204/dev_ws/build/learning_pkg_c': CMAKE_PREFIX_PATH=${CMAKE_PREFIX_PATH}:/home/cwc2204/dev_ws/install/learning_urdf:/home/cwc2204/dev_ws/install/learning_topic:/home/cwc2204/dev_ws/install/learning_tf:/home/cwc2204/dev_ws/install/learning_service:/home/cwc2204/dev_ws/install/learning_qos:/home/cwc2204/dev_ws/install/learning_pkg_python:/home/cwc2204/dev_ws/install/learning_parameter:/home/cwc2204/dev_ws/install/learning_node:/home/cwc2204/dev_ws/install/learning_launch:/home/cwc2204/dev_ws/install/learning_action:/home/cwc2204/dev_ws/install/learning_gazebo:/opt/ros/humble /usr/bin/cmake --install /home/cwc2204/dev_ws/build/learning_pkg_c
[2.556s] Level 1:colcon.colcon_core.environment:create_environment_scripts_only(learning_pkg_c)
[2.556s] DEBUG:colcon.colcon_core.event_handler.log_command:Invoked command in '/home/cwc2204/dev_ws/build/learning_pkg_c' returned '0': CMAKE_PREFIX_PATH=${CMAKE_PREFIX_PATH}:/home/cwc2204/dev_ws/install/learning_urdf:/home/cwc2204/dev_ws/install/learning_topic:/home/cwc2204/dev_ws/install/learning_tf:/home/cwc2204/dev_ws/install/learning_service:/home/cwc2204/dev_ws/install/learning_qos:/home/cwc2204/dev_ws/install/learning_pkg_python:/home/cwc2204/dev_ws/install/learning_parameter:/home/cwc2204/dev_ws/install/learning_node:/home/cwc2204/dev_ws/install/learning_launch:/home/cwc2204/dev_ws/install/learning_action:/home/cwc2204/dev_ws/install/learning_gazebo:/opt/ros/humble /usr/bin/cmake --install /home/cwc2204/dev_ws/build/learning_pkg_c
[2.558s] Level 1:colcon.colcon_core.environment:checking '/home/cwc2204/dev_ws/install/learning_pkg_c' for CMake module files
[2.559s] Level 1:colcon.colcon_core.environment:checking '/home/cwc2204/dev_ws/install/learning_pkg_c' for CMake config files
[2.559s] Level 1:colcon.colcon_core.shell:create_environment_hook('learning_pkg_c', 'cmake_prefix_path')
[2.560s] INFO:colcon.colcon_core.shell:Creating environment descriptor '/home/cwc2204/dev_ws/install/learning_pkg_c/share/learning_pkg_c/hook/cmake_prefix_path.dsv'
[2.560s] INFO:colcon.colcon_core.shell:Creating environment hook '/home/cwc2204/dev_ws/install/learning_pkg_c/share/learning_pkg_c/hook/cmake_prefix_path.sh'
[2.560s] Level 1:colcon.colcon_core.environment:checking '/home/cwc2204/dev_ws/install/learning_pkg_c/bin'
[2.560s] Level 1:colcon.colcon_core.environment:checking '/home/cwc2204/dev_ws/install/learning_pkg_c/lib/pkgconfig/learning_pkg_c.pc'
[2.561s] Level 1:colcon.colcon_core.environment:checking '/home/cwc2204/dev_ws/install/learning_pkg_c/lib/python3.10/site-packages'
[2.561s] Level 1:colcon.colcon_core.environment:checking '/home/cwc2204/dev_ws/install/learning_pkg_c/bin'
[2.561s] INFO:colcon.colcon_core.shell:Creating package descriptor '/home/cwc2204/dev_ws/install/learning_pkg_c/share/learning_pkg_c/package.dsv'
[2.562s] INFO:colcon.colcon_core.shell:Creating package script '/home/cwc2204/dev_ws/install/learning_pkg_c/share/learning_pkg_c/package.sh'
[2.562s] Level 1:colcon.colcon_core.environment:create_file_with_runtime_dependencies(/home/cwc2204/dev_ws/install/learning_pkg_c/share/colcon-core/packages/learning_pkg_c)
[2.576s] Level 1:colcon.colcon_core.environment:create_environment_scripts_only(learning_pkg_c)
[2.577s] Level 1:colcon.colcon_core.environment:checking '/home/cwc2204/dev_ws/install/learning_pkg_c' for CMake module files
[2.577s] Level 1:colcon.colcon_core.environment:checking '/home/cwc2204/dev_ws/install/learning_pkg_c' for CMake config files
[2.577s] Level 1:colcon.colcon_core.shell:create_environment_hook('learning_pkg_c', 'cmake_prefix_path')
[2.578s] INFO:colcon.colcon_core.shell:Creating environment descriptor '/home/cwc2204/dev_ws/install/learning_pkg_c/share/learning_pkg_c/hook/cmake_prefix_path.dsv'
[2.578s] INFO:colcon.colcon_core.shell:Creating environment hook '/home/cwc2204/dev_ws/install/learning_pkg_c/share/learning_pkg_c/hook/cmake_prefix_path.sh'
[2.578s] Level 1:colcon.colcon_core.environment:checking '/home/cwc2204/dev_ws/install/learning_pkg_c/bin'
[2.578s] Level 1:colcon.colcon_core.environment:checking '/home/cwc2204/dev_ws/install/learning_pkg_c/lib/pkgconfig/learning_pkg_c.pc'
[2.578s] Level 1:colcon.colcon_core.environment:checking '/home/cwc2204/dev_ws/install/learning_pkg_c/lib/python3.10/site-packages'
[2.579s] Level 1:colcon.colcon_core.environment:checking '/home/cwc2204/dev_ws/install/learning_pkg_c/bin'
[2.579s] INFO:colcon.colcon_core.shell:Creating package descriptor '/home/cwc2204/dev_ws/install/learning_pkg_c/share/learning_pkg_c/package.dsv'
[2.579s] INFO:colcon.colcon_core.shell:Creating package script '/home/cwc2204/dev_ws/install/learning_pkg_c/share/learning_pkg_c/package.sh'
[2.580s] Level 1:colcon.colcon_core.environment:create_file_with_runtime_dependencies(/home/cwc2204/dev_ws/install/learning_pkg_c/share/colcon-core/packages/learning_pkg_c)
[2.580s] DEBUG:colcon.colcon_core.executor.sequential:run_until_complete 'learning_pkg_c' finished with '0'
[2.580s] DEBUG:colcon.colcon_core.executor.sequential:run_until_complete 'learning_pkg_python'
[2.580s] INFO:colcon.colcon_ros.task.ament_python.build:Building ROS package in '/home/cwc2204/dev_ws/src/ros2_21_tutorials/learning_pkg_python' with build type 'ament_python'
[2.580s] Level 1:colcon.colcon_core.shell:create_environment_hook('learning_pkg_python', 'ament_prefix_path')
[2.581s] INFO:colcon.colcon_core.shell:Creating environment descriptor '/home/cwc2204/dev_ws/install/learning_pkg_python/share/learning_pkg_python/hook/ament_prefix_path.dsv'
[2.581s] INFO:colcon.colcon_core.shell:Creating environment hook '/home/cwc2204/dev_ws/install/learning_pkg_python/share/learning_pkg_python/hook/ament_prefix_path.sh'
[2.582s] DEBUG:colcon.colcon_core.shell:Skip shell extension 'dsv' for command environment
[2.713s] INFO:colcon.colcon_core.task.python.build:Building Python package in '/home/cwc2204/dev_ws/src/ros2_21_tutorials/learning_pkg_python'
[2.714s] DEBUG:colcon.colcon_core.shell:Skip shell extension 'dsv' for command environment
[2.872s] DEBUG:colcon.colcon_core.event_handler.log_command:Invoking command in '/home/cwc2204/dev_ws/src/ros2_21_tutorials/learning_pkg_python': PYTHONPATH=/home/cwc2204/dev_ws/build/learning_pkg_python/prefix_override:/home/cwc2204/dev_ws/install/learning_pkg_python/lib/python3.10/site-packages:${PYTHONPATH} /usr/bin/python3 setup.py egg_info --egg-base ../../../build/learning_pkg_python build --build-base /home/cwc2204/dev_ws/build/learning_pkg_python/build install --record /home/cwc2204/dev_ws/build/learning_pkg_python/install.log --single-version-externally-managed
[3.010s] Level 1:colcon.colcon_core.environment:checking '/home/cwc2204/dev_ws/install/learning_pkg_python' for CMake module files
[3.010s] DEBUG:colcon.colcon_core.event_handler.log_command:Invoked command in '/home/cwc2204/dev_ws/src/ros2_21_tutorials/learning_pkg_python' returned '0': PYTHONPATH=/home/cwc2204/dev_ws/build/learning_pkg_python/prefix_override:/home/cwc2204/dev_ws/install/learning_pkg_python/lib/python3.10/site-packages:${PYTHONPATH} /usr/bin/python3 setup.py egg_info --egg-base ../../../build/learning_pkg_python build --build-base /home/cwc2204/dev_ws/build/learning_pkg_python/build install --record /home/cwc2204/dev_ws/build/learning_pkg_python/install.log --single-version-externally-managed
[3.010s] Level 1:colcon.colcon_core.environment:checking '/home/cwc2204/dev_ws/install/learning_pkg_python' for CMake config files
[3.011s] Level 1:colcon.colcon_core.environment:checking '/home/cwc2204/dev_ws/install/learning_pkg_python/lib'
[3.011s] Level 1:colcon.colcon_core.environment:checking '/home/cwc2204/dev_ws/install/learning_pkg_python/bin'
[3.011s] Level 1:colcon.colcon_core.environment:checking '/home/cwc2204/dev_ws/install/learning_pkg_python/lib/pkgconfig/learning_pkg_python.pc'
[3.011s] Level 1:colcon.colcon_core.environment:checking '/home/cwc2204/dev_ws/install/learning_pkg_python/lib/python3.10/site-packages'
[3.011s] Level 1:colcon.colcon_core.shell:create_environment_hook('learning_pkg_python', 'pythonpath')
[3.011s] INFO:colcon.colcon_core.shell:Creating environment descriptor '/home/cwc2204/dev_ws/install/learning_pkg_python/share/learning_pkg_python/hook/pythonpath.dsv'
[3.012s] INFO:colcon.colcon_core.shell:Creating environment hook '/home/cwc2204/dev_ws/install/learning_pkg_python/share/learning_pkg_python/hook/pythonpath.sh'
[3.012s] Level 1:colcon.colcon_core.environment:checking '/home/cwc2204/dev_ws/install/learning_pkg_python/bin'
[3.012s] Level 1:colcon.colcon_core.environment:create_environment_scripts_only(learning_pkg_python)
[3.012s] INFO:colcon.colcon_core.shell:Creating package descriptor '/home/cwc2204/dev_ws/install/learning_pkg_python/share/learning_pkg_python/package.dsv'
[3.013s] INFO:colcon.colcon_core.shell:Creating package script '/home/cwc2204/dev_ws/install/learning_pkg_python/share/learning_pkg_python/package.sh'
[3.013s] Level 1:colcon.colcon_core.environment:create_file_with_runtime_dependencies(/home/cwc2204/dev_ws/install/learning_pkg_python/share/colcon-core/packages/learning_pkg_python)
[3.013s] DEBUG:colcon.colcon_core.executor.sequential:run_until_complete 'learning_pkg_python' finished with '0'
[3.013s] DEBUG:colcon.colcon_core.executor.sequential:run_until_complete 'learning_qos'
[3.013s] INFO:colcon.colcon_ros.task.ament_python.build:Building ROS package in '/home/cwc2204/dev_ws/src/ros2_21_tutorials/learning_qos' with build type 'ament_python'
[3.013s] Level 1:colcon.colcon_core.shell:create_environment_hook('learning_qos', 'ament_prefix_path')
[3.013s] INFO:colcon.colcon_core.shell:Creating environment descriptor '/home/cwc2204/dev_ws/install/learning_qos/share/learning_qos/hook/ament_prefix_path.dsv'
[3.014s] INFO:colcon.colcon_core.shell:Creating environment hook '/home/cwc2204/dev_ws/install/learning_qos/share/learning_qos/hook/ament_prefix_path.sh'
[3.014s] DEBUG:colcon.colcon_core.shell:Skip shell extension 'dsv' for command environment
[3.139s] INFO:colcon.colcon_core.task.python.build:Building Python package in '/home/cwc2204/dev_ws/src/ros2_21_tutorials/learning_qos'
[3.139s] DEBUG:colcon.colcon_core.shell:Skip shell extension 'dsv' for command environment
[3.296s] DEBUG:colcon.colcon_core.event_handler.log_command:Invoking command in '/home/cwc2204/dev_ws/src/ros2_21_tutorials/learning_qos': PYTHONPATH=/home/cwc2204/dev_ws/build/learning_qos/prefix_override:/home/cwc2204/dev_ws/install/learning_qos/lib/python3.10/site-packages:${PYTHONPATH} /usr/bin/python3 setup.py egg_info --egg-base ../../../build/learning_qos build --build-base /home/cwc2204/dev_ws/build/learning_qos/build install --record /home/cwc2204/dev_ws/build/learning_qos/install.log --single-version-externally-managed
[3.437s] Level 1:colcon.colcon_core.environment:checking '/home/cwc2204/dev_ws/install/learning_qos' for CMake module files
[3.437s] DEBUG:colcon.colcon_core.event_handler.log_command:Invoked command in '/home/cwc2204/dev_ws/src/ros2_21_tutorials/learning_qos' returned '0': PYTHONPATH=/home/cwc2204/dev_ws/build/learning_qos/prefix_override:/home/cwc2204/dev_ws/install/learning_qos/lib/python3.10/site-packages:${PYTHONPATH} /usr/bin/python3 setup.py egg_info --egg-base ../../../build/learning_qos build --build-base /home/cwc2204/dev_ws/build/learning_qos/build install --record /home/cwc2204/dev_ws/build/learning_qos/install.log --single-version-externally-managed
[3.437s] Level 1:colcon.colcon_core.environment:checking '/home/cwc2204/dev_ws/install/learning_qos' for CMake config files
[3.438s] Level 1:colcon.colcon_core.environment:checking '/home/cwc2204/dev_ws/install/learning_qos/lib'
[3.438s] Level 1:colcon.colcon_core.environment:checking '/home/cwc2204/dev_ws/install/learning_qos/bin'
[3.438s] Level 1:colcon.colcon_core.environment:checking '/home/cwc2204/dev_ws/install/learning_qos/lib/pkgconfig/learning_qos.pc'
[3.438s] Level 1:colcon.colcon_core.environment:checking '/home/cwc2204/dev_ws/install/learning_qos/lib/python3.10/site-packages'
[3.438s] Level 1:colcon.colcon_core.shell:create_environment_hook('learning_qos', 'pythonpath')
[3.438s] INFO:colcon.colcon_core.shell:Creating environment descriptor '/home/cwc2204/dev_ws/install/learning_qos/share/learning_qos/hook/pythonpath.dsv'
[3.438s] INFO:colcon.colcon_core.shell:Creating environment hook '/home/cwc2204/dev_ws/install/learning_qos/share/learning_qos/hook/pythonpath.sh'
[3.439s] Level 1:colcon.colcon_core.environment:checking '/home/cwc2204/dev_ws/install/learning_qos/bin'
[3.439s] Level 1:colcon.colcon_core.environment:create_environment_scripts_only(learning_qos)
[3.439s] INFO:colcon.colcon_core.shell:Creating package descriptor '/home/cwc2204/dev_ws/install/learning_qos/share/learning_qos/package.dsv'
[3.439s] INFO:colcon.colcon_core.shell:Creating package script '/home/cwc2204/dev_ws/install/learning_qos/share/learning_qos/package.sh'
[3.439s] Level 1:colcon.colcon_core.environment:create_file_with_runtime_dependencies(/home/cwc2204/dev_ws/install/learning_qos/share/colcon-core/packages/learning_qos)
[3.440s] DEBUG:colcon.colcon_core.executor.sequential:run_until_complete 'learning_qos' finished with '0'
[3.440s] DEBUG:colcon.colcon_core.executor.sequential:run_until_complete 'learning_tf'
[3.440s] INFO:colcon.colcon_ros.task.ament_python.build:Building ROS package in '/home/cwc2204/dev_ws/src/ros2_21_tutorials/learning_tf' with build type 'ament_python'
[3.440s] Level 1:colcon.colcon_core.shell:create_environment_hook('learning_tf', 'ament_prefix_path')
[3.440s] INFO:colcon.colcon_core.shell:Creating environment descriptor '/home/cwc2204/dev_ws/install/learning_tf/share/learning_tf/hook/ament_prefix_path.dsv'
[3.440s] INFO:colcon.colcon_core.shell:Creating environment hook '/home/cwc2204/dev_ws/install/learning_tf/share/learning_tf/hook/ament_prefix_path.sh'
[3.441s] DEBUG:colcon.colcon_core.shell:Skip shell extension 'dsv' for command environment
[3.565s] INFO:colcon.colcon_core.task.python.build:Building Python package in '/home/cwc2204/dev_ws/src/ros2_21_tutorials/learning_tf'
[3.566s] DEBUG:colcon.colcon_core.shell:Skip shell extension 'dsv' for command environment
[3.724s] DEBUG:colcon.colcon_core.event_handler.log_command:Invoking command in '/home/cwc2204/dev_ws/src/ros2_21_tutorials/learning_tf': PYTHONPATH=/home/cwc2204/dev_ws/build/learning_tf/prefix_override:/home/cwc2204/dev_ws/install/learning_tf/lib/python3.10/site-packages:${PYTHONPATH} /usr/bin/python3 setup.py egg_info --egg-base ../../../build/learning_tf build --build-base /home/cwc2204/dev_ws/build/learning_tf/build install --record /home/cwc2204/dev_ws/build/learning_tf/install.log --single-version-externally-managed
[3.863s] Level 1:colcon.colcon_core.environment:checking '/home/cwc2204/dev_ws/install/learning_tf' for CMake module files
[3.863s] DEBUG:colcon.colcon_core.event_handler.log_command:Invoked command in '/home/cwc2204/dev_ws/src/ros2_21_tutorials/learning_tf' returned '0': PYTHONPATH=/home/cwc2204/dev_ws/build/learning_tf/prefix_override:/home/cwc2204/dev_ws/install/learning_tf/lib/python3.10/site-packages:${PYTHONPATH} /usr/bin/python3 setup.py egg_info --egg-base ../../../build/learning_tf build --build-base /home/cwc2204/dev_ws/build/learning_tf/build install --record /home/cwc2204/dev_ws/build/learning_tf/install.log --single-version-externally-managed
[3.864s] Level 1:colcon.colcon_core.environment:checking '/home/cwc2204/dev_ws/install/learning_tf' for CMake config files
[3.915s] Level 1:colcon.colcon_core.environment:checking '/home/cwc2204/dev_ws/install/learning_tf/lib'
[3.916s] Level 1:colcon.colcon_core.environment:checking '/home/cwc2204/dev_ws/install/learning_tf/bin'
[3.916s] Level 1:colcon.colcon_core.environment:checking '/home/cwc2204/dev_ws/install/learning_tf/lib/pkgconfig/learning_tf.pc'
[3.917s] Level 1:colcon.colcon_core.environment:checking '/home/cwc2204/dev_ws/install/learning_tf/lib/python3.10/site-packages'
[3.917s] Level 1:colcon.colcon_core.shell:create_environment_hook('learning_tf', 'pythonpath')
[3.919s] INFO:colcon.colcon_core.shell:Creating environment descriptor '/home/cwc2204/dev_ws/install/learning_tf/share/learning_tf/hook/pythonpath.dsv'
[3.920s] INFO:colcon.colcon_core.shell:Creating environment hook '/home/cwc2204/dev_ws/install/learning_tf/share/learning_tf/hook/pythonpath.sh'
[3.921s] Level 1:colcon.colcon_core.environment:checking '/home/cwc2204/dev_ws/install/learning_tf/bin'
[3.921s] Level 1:colcon.colcon_core.environment:create_environment_scripts_only(learning_tf)
[3.923s] INFO:colcon.colcon_core.shell:Creating package descriptor '/home/cwc2204/dev_ws/install/learning_tf/share/learning_tf/package.dsv'
[3.924s] INFO:colcon.colcon_core.shell:Creating package script '/home/cwc2204/dev_ws/install/learning_tf/share/learning_tf/package.sh'
[3.925s] Level 1:colcon.colcon_core.environment:create_file_with_runtime_dependencies(/home/cwc2204/dev_ws/install/learning_tf/share/colcon-core/packages/learning_tf)
[3.925s] DEBUG:colcon.colcon_core.executor.sequential:run_until_complete 'learning_tf' finished with '0'
[3.925s] DEBUG:colcon.colcon_core.executor.sequential:run_until_complete 'learning_urdf'
[3.925s] INFO:colcon.colcon_ros.task.ament_python.build:Building ROS package in '/home/cwc2204/dev_ws/src/ros2_21_tutorials/learning_urdf' with build type 'ament_python'
[3.925s] Level 1:colcon.colcon_core.shell:create_environment_hook('learning_urdf', 'ament_prefix_path')
[3.927s] INFO:colcon.colcon_core.shell:Creating environment descriptor '/home/cwc2204/dev_ws/install/learning_urdf/share/learning_urdf/hook/ament_prefix_path.dsv'
[3.927s] INFO:colcon.colcon_core.shell:Creating environment hook '/home/cwc2204/dev_ws/install/learning_urdf/share/learning_urdf/hook/ament_prefix_path.sh'
[3.929s] DEBUG:colcon.colcon_core.shell:Skip shell extension 'dsv' for command environment
[4.061s] INFO:colcon.colcon_core.task.python.build:Building Python package in '/home/cwc2204/dev_ws/src/ros2_21_tutorials/learning_urdf'
[4.062s] DEBUG:colcon.colcon_core.shell:Skip shell extension 'dsv' for command environment
[4.226s] DEBUG:colcon.colcon_core.event_handler.log_command:Invoking command in '/home/cwc2204/dev_ws/src/ros2_21_tutorials/learning_urdf': PYTHONPATH=/home/cwc2204/dev_ws/build/learning_urdf/prefix_override:/home/cwc2204/dev_ws/install/learning_urdf/lib/python3.10/site-packages:${PYTHONPATH} /usr/bin/python3 setup.py egg_info --egg-base ../../../build/learning_urdf build --build-base /home/cwc2204/dev_ws/build/learning_urdf/build install --record /home/cwc2204/dev_ws/build/learning_urdf/install.log --single-version-externally-managed
[4.366s] Level 1:colcon.colcon_core.environment:checking '/home/cwc2204/dev_ws/install/learning_urdf' for CMake module files
[4.366s] DEBUG:colcon.colcon_core.event_handler.log_command:Invoked command in '/home/cwc2204/dev_ws/src/ros2_21_tutorials/learning_urdf' returned '0': PYTHONPATH=/home/cwc2204/dev_ws/build/learning_urdf/prefix_override:/home/cwc2204/dev_ws/install/learning_urdf/lib/python3.10/site-packages:${PYTHONPATH} /usr/bin/python3 setup.py egg_info --egg-base ../../../build/learning_urdf build --build-base /home/cwc2204/dev_ws/build/learning_urdf/build install --record /home/cwc2204/dev_ws/build/learning_urdf/install.log --single-version-externally-managed
[4.366s] Level 1:colcon.colcon_core.environment:checking '/home/cwc2204/dev_ws/install/learning_urdf' for CMake config files
[4.367s] Level 1:colcon.colcon_core.environment:checking '/home/cwc2204/dev_ws/install/learning_urdf/lib'
[4.367s] Level 1:colcon.colcon_core.environment:checking '/home/cwc2204/dev_ws/install/learning_urdf/bin'
[4.367s] Level 1:colcon.colcon_core.environment:checking '/home/cwc2204/dev_ws/install/learning_urdf/lib/pkgconfig/learning_urdf.pc'
[4.367s] Level 1:colcon.colcon_core.environment:checking '/home/cwc2204/dev_ws/install/learning_urdf/lib/python3.10/site-packages'
[4.367s] Level 1:colcon.colcon_core.shell:create_environment_hook('learning_urdf', 'pythonpath')
[4.367s] INFO:colcon.colcon_core.shell:Creating environment descriptor '/home/cwc2204/dev_ws/install/learning_urdf/share/learning_urdf/hook/pythonpath.dsv'
[4.367s] INFO:colcon.colcon_core.shell:Creating environment hook '/home/cwc2204/dev_ws/install/learning_urdf/share/learning_urdf/hook/pythonpath.sh'
[4.368s] Level 1:colcon.colcon_core.environment:checking '/home/cwc2204/dev_ws/install/learning_urdf/bin'
[4.368s] Level 1:colcon.colcon_core.environment:create_environment_scripts_only(learning_urdf)
[4.368s] INFO:colcon.colcon_core.shell:Creating package descriptor '/home/cwc2204/dev_ws/install/learning_urdf/share/learning_urdf/package.dsv'
[4.368s] INFO:colcon.colcon_core.shell:Creating package script '/home/cwc2204/dev_ws/install/learning_urdf/share/learning_urdf/package.sh'
[4.369s] Level 1:colcon.colcon_core.environment:create_file_with_runtime_dependencies(/home/cwc2204/dev_ws/install/learning_urdf/share/colcon-core/packages/learning_urdf)
[4.369s] DEBUG:colcon.colcon_core.executor.sequential:run_until_complete 'learning_urdf' finished with '0'
[4.369s] DEBUG:colcon.colcon_core.executor.sequential:run_until_complete 'more_interfaces'
[4.369s] INFO:colcon.colcon_cmake.task.cmake.build:Building CMake package in '/home/cwc2204/dev_ws/src/more_interfaces'
[4.369s] DEBUG:colcon.colcon_core.shell:Skip shell extension 'dsv' for command environment
[4.373s] DEBUG:colcon.colcon_core.event_handler.log_command:Invoking command in '/home/cwc2204/dev_ws/build/more_interfaces': /usr/bin/cmake /home/cwc2204/dev_ws/src/more_interfaces -DCMAKE_INSTALL_PREFIX=/home/cwc2204/dev_ws/install/more_interfaces
[4.611s] DEBUG:colcon.colcon_core.event_handler.log_command:Invoked command in '/home/cwc2204/dev_ws/build/more_interfaces' returned '1': /usr/bin/cmake /home/cwc2204/dev_ws/src/more_interfaces -DCMAKE_INSTALL_PREFIX=/home/cwc2204/dev_ws/install/more_interfaces
[4.611s] DEBUG:colcon.colcon_core.executor.sequential:run_until_complete 'more_interfaces' finished with '1'
[4.611s] DEBUG:colcon.colcon_core.executor.sequential:closing loop
[4.611s] DEBUG:colcon.colcon_core.executor.sequential:loop closed
[4.612s] DEBUG:colcon.colcon_core.event_reactor:joining thread
[4.612s] DEBUG:colcon.colcon_core.event_reactor:joined thread
[4.613s] INFO:colcon.colcon_core.shell:Creating prefix script '/home/cwc2204/dev_ws/install/local_setup.sh'
[4.613s] INFO:colcon.colcon_core.shell:Creating prefix util module '/home/cwc2204/dev_ws/install/_local_setup_util_sh.py'
[4.614s] INFO:colcon.colcon_core.shell:Creating prefix chain script '/home/cwc2204/dev_ws/install/setup.sh'
